<?xml version="1.0" encoding="UTF-8"?>
<coverage generated="1785188139826" clover="3.2.0">
  <project timestamp="1785188139826" name="All files">
    <metrics statements="316" coveredstatements="316" conditionals="221" coveredconditionals="215" methods="105" coveredmethods="105" elements="642" coveredelements="636" complexity="0" loc="316" ncloc="316" packages="2" files="10" classes="10"/>
    <package name="response">
      <metrics statements="119" coveredstatements="119" conditionals="88" coveredconditionals="88" methods="26" coveredmethods="26"/>
      <file name="adequacy.ts" path="/home/user/vibe-cast/src/domain/response/adequacy.ts">
        <metrics statements="36" coveredstatements="36" conditionals="28" coveredconditionals="28" methods="9" coveredmethods="9"/>
        <line num="42" count="1" type="stmt"/>
        <line num="75" count="1" type="stmt"/>
        <line num="81" count="1" type="stmt"/>
        <line num="82" count="26" type="cond" truecount="2" falsecount="0"/>
        <line num="84" count="1" type="stmt"/>
        <line num="85" count="7" type="cond" truecount="4" falsecount="0"/>
        <line num="87" count="1" type="stmt"/>
        <line num="88" count="16" type="cond" truecount="4" falsecount="0"/>
        <line num="90" count="1" type="stmt"/>
        <line num="94" count="10" type="cond" truecount="2" falsecount="0"/>
        <line num="95" count="2" type="stmt"/>
        <line num="103" count="8" type="cond" truecount="2" falsecount="0"/>
        <line num="104" count="1" type="stmt"/>
        <line num="112" count="7" type="stmt"/>
        <line num="113" count="7" type="stmt"/>
        <line num="114" count="7" type="stmt"/>
        <line num="124" count="1" type="stmt"/>
        <line num="125" count="10" type="cond" truecount="2" falsecount="0"/>
        <line num="126" count="1" type="stmt"/>
        <line num="134" count="9" type="cond" truecount="2" falsecount="0"/>
        <line num="135" count="1" type="stmt"/>
        <line num="143" count="8" type="cond" truecount="2" falsecount="0"/>
        <line num="144" count="1" type="stmt"/>
        <line num="152" count="7" type="stmt"/>
        <line num="153" count="7" type="stmt"/>
        <line num="163" count="1" type="stmt"/>
        <line num="167" count="10" type="cond" truecount="2" falsecount="0"/>
        <line num="168" count="1" type="stmt"/>
        <line num="176" count="9" type="stmt"/>
        <line num="194" count="1" type="stmt"/>
        <line num="198" count="10" type="stmt"/>
        <line num="204" count="30" type="stmt"/>
        <line num="207" count="10" type="cond" truecount="2" falsecount="0"/>
        <line num="214" count="10" type="cond" truecount="2" falsecount="0"/>
        <line num="216" count="26" type="stmt"/>
        <line num="218" count="10" type="stmt"/>
      </file>
      <file name="camp-load.ts" path="/home/user/vibe-cast/src/domain/response/camp-load.ts">
        <metrics statements="18" coveredstatements="18" conditionals="10" coveredconditionals="10" methods="5" coveredmethods="5"/>
        <line num="21" count="2" type="stmt"/>
        <line num="43" count="2" type="stmt"/>
        <line num="44" count="18" type="stmt"/>
        <line num="54" count="18" type="cond" truecount="2" falsecount="0"/>
        <line num="62" count="18" type="stmt"/>
        <line num="82" count="2" type="stmt"/>
        <line num="86" count="4" type="cond" truecount="2" falsecount="0"/>
        <line num="87" count="1" type="stmt"/>
        <line num="89" count="3" type="stmt"/>
        <line num="93" count="2" type="stmt"/>
        <line num="105" count="2" type="stmt"/>
        <line num="109" count="46" type="stmt"/>
        <line num="110" count="16" type="stmt"/>
        <line num="111" count="16" type="cond" truecount="2" falsecount="0"/>
        <line num="123" count="2" type="stmt"/>
        <line num="127" count="13" type="stmt"/>
        <line num="129" count="13" type="stmt"/>
        <line num="138" count="13" type="stmt"/>
      </file>
      <file name="derivation.ts" path="/home/user/vibe-cast/src/domain/response/derivation.ts">
        <metrics statements="15" coveredstatements="15" conditionals="14" coveredconditionals="14" methods="4" coveredmethods="4"/>
        <line num="42" count="4" type="stmt"/>
        <line num="47" count="60" type="stmt"/>
        <line num="50" count="4" type="stmt"/>
        <line num="51" count="1" type="stmt"/>
        <line num="60" count="4" type="stmt"/>
        <line num="61" count="117" type="cond" truecount="2" falsecount="0"/>
        <line num="81" count="4" type="stmt"/>
        <line num="92" count="37" type="cond" truecount="2" falsecount="0"/>
        <line num="93" count="37" type="stmt"/>
        <line num="95" count="37" type="cond" truecount="4" falsecount="0"/>
        <line num="96" count="7" type="stmt"/>
        <line num="105" count="30" type="cond" truecount="2" falsecount="0"/>
        <line num="106" count="9" type="stmt"/>
        <line num="107" count="9" type="stmt"/>
        <line num="116" count="21" type="stmt"/>
      </file>
      <file name="ration-coverage.ts" path="/home/user/vibe-cast/src/domain/response/ration-coverage.ts">
        <metrics statements="18" coveredstatements="18" conditionals="12" coveredconditionals="12" methods="2" coveredmethods="2"/>
        <line num="29" count="2" type="stmt"/>
        <line num="30" count="6" type="cond" truecount="4" falsecount="0"/>
        <line num="31" count="2" type="stmt"/>
        <line num="35" count="4" type="stmt"/>
        <line num="44" count="2" type="stmt"/>
        <line num="65" count="2" type="stmt"/>
        <line num="74" count="2" type="stmt"/>
        <line num="79" count="21" type="stmt"/>
        <line num="80" count="21" type="stmt"/>
        <line num="83" count="21" type="stmt"/>
        <line num="84" count="21" type="stmt"/>
        <line num="91" count="21" type="cond" truecount="4" falsecount="0"/>
        <line num="92" count="4" type="stmt"/>
        <line num="95" count="17" type="stmt"/>
        <line num="97" count="17" type="cond" truecount="2" falsecount="0"/>
        <line num="100" count="3" type="stmt"/>
        <line num="109" count="14" type="stmt"/>
        <line num="110" count="14" type="stmt"/>
      </file>
      <file name="relief-operation.ts" path="/home/user/vibe-cast/src/domain/response/relief-operation.ts">
        <metrics statements="32" coveredstatements="32" conditionals="24" coveredconditionals="24" methods="6" coveredmethods="6"/>
        <line num="96" count="1" type="stmt"/>
        <line num="97" count="18" type="stmt"/>
        <line num="98" count="18" type="stmt"/>
        <line num="100" count="18" type="stmt"/>
        <line num="101" count="143" type="stmt"/>
        <line num="102" count="143" type="cond" truecount="2" falsecount="0"/>
        <line num="103" count="141" type="stmt"/>
        <line num="104" count="141" type="cond" truecount="2" falsecount="0"/>
        <line num="105" count="139" type="cond" truecount="2" falsecount="0"/>
        <line num="106" count="66" type="stmt"/>
        <line num="107" count="66" type="stmt"/>
        <line num="110" count="18" type="stmt"/>
        <line num="114" count="1" type="stmt"/>
        <line num="115" count="13" type="stmt"/>
        <line num="120" count="13" type="cond" truecount="5" falsecount="0"/>
        <line num="121" count="1" type="stmt"/>
        <line num="132" count="12" type="cond" truecount="2" falsecount="0"/>
        <line num="134" count="1" type="stmt"/>
        <line num="154" count="1" type="stmt"/>
        <line num="158" count="13" type="cond" truecount="2" falsecount="0"/>
        <line num="160" count="9" type="stmt"/>
        <line num="162" count="37" type="stmt"/>
        <line num="164" count="9" type="stmt"/>
        <line num="165" count="9" type="stmt"/>
        <line num="167" count="9" type="cond" truecount="5" falsecount="0"/>
        <line num="168" count="8" type="cond" truecount="2" falsecount="0"/>
        <line num="170" count="1" type="stmt"/>
        <line num="181" count="1" type="stmt"/>
        <line num="182" count="13" type="stmt"/>
        <line num="187" count="13" type="stmt"/>
        <line num="212" count="1" type="stmt"/>
        <line num="214" count="1" type="stmt"/>
      </file>
    </package>
    <package name="situation">
      <metrics statements="197" coveredstatements="197" conditionals="133" coveredconditionals="127" methods="79" coveredmethods="79"/>
      <file name="derivation.ts" path="/home/user/vibe-cast/src/domain/situation/derivation.ts">
        <metrics statements="26" coveredstatements="26" conditionals="24" coveredconditionals="24" methods="8" coveredmethods="8"/>
        <line num="41" count="3" type="stmt"/>
        <line num="47" count="89" type="cond" truecount="2" falsecount="0"/>
        <line num="52" count="3" type="stmt"/>
        <line num="53" count="2" type="cond" truecount="2" falsecount="0"/>
        <line num="64" count="3" type="stmt"/>
        <line num="65" count="3" type="cond" truecount="2" falsecount="0"/>
        <line num="74" count="3" type="stmt"/>
        <line num="75" count="100" type="cond" truecount="2" falsecount="0"/>
        <line num="77" count="3" type="stmt"/>
        <line num="90" count="3" type="stmt"/>
        <line num="101" count="35" type="cond" truecount="2" falsecount="0"/>
        <line num="102" count="35" type="stmt"/>
        <line num="104" count="35" type="cond" truecount="4" falsecount="0"/>
        <line num="105" count="3" type="stmt"/>
        <line num="114" count="32" type="cond" truecount="2" falsecount="0"/>
        <line num="115" count="3" type="stmt"/>
        <line num="116" count="3" type="stmt"/>
        <line num="125" count="29" type="stmt"/>
        <line num="134" count="3" type="stmt"/>
        <line num="142" count="11" type="stmt"/>
        <line num="143" count="11" type="stmt"/>
        <line num="145" count="18" type="cond" truecount="2" falsecount="0"/>
        <line num="146" count="11" type="cond" truecount="2" falsecount="0"/>
        <line num="147" count="3" type="stmt"/>
        <line num="150" count="15" type="stmt"/>
        <line num="151" count="8" type="stmt"/>
      </file>
      <file name="district-situation.ts" path="/home/user/vibe-cast/src/domain/situation/district-situation.ts">
        <metrics statements="42" coveredstatements="42" conditionals="24" coveredconditionals="24" methods="14" coveredmethods="14"/>
        <line num="100" count="1" type="stmt"/>
        <line num="103" count="22" type="stmt"/>
        <line num="109" count="22" type="cond" truecount="5" falsecount="0"/>
        <line num="110" count="3" type="stmt"/>
        <line num="121" count="19" type="cond" truecount="2" falsecount="0"/>
        <line num="123" count="3" type="stmt"/>
        <line num="143" count="1" type="stmt"/>
        <line num="151" count="110" type="cond" truecount="2" falsecount="0"/>
        <line num="153" count="60" type="stmt"/>
        <line num="154" count="60" type="stmt"/>
        <line num="155" count="60" type="stmt"/>
        <line num="157" count="60" type="cond" truecount="5" falsecount="0"/>
        <line num="158" count="2" type="stmt"/>
        <line num="170" count="58" type="cond" truecount="2" falsecount="0"/>
        <line num="171" count="1" type="stmt"/>
        <line num="183" count="57" type="stmt"/>
        <line num="188" count="1" type="stmt"/>
        <line num="189" count="39" type="stmt"/>
        <line num="190" count="39" type="cond" truecount="2" falsecount="0"/>
        <line num="193" count="22" type="stmt"/>
        <line num="195" count="1" type="stmt"/>
        <line num="196" count="22" type="stmt"/>
        <line num="202" count="22" type="cond" truecount="2" falsecount="0"/>
        <line num="203" count="21" type="cond" truecount="2" falsecount="0"/>
        <line num="212" count="1" type="stmt"/>
        <line num="213" count="22" type="stmt"/>
        <line num="215" count="22" type="stmt"/>
        <line num="219" count="46" type="stmt"/>
        <line num="221" count="22" type="stmt"/>
        <line num="225" count="46" type="stmt"/>
        <line num="227" count="22" type="stmt"/>
        <line num="231" count="46" type="stmt"/>
        <line num="233" count="22" type="stmt"/>
        <line num="237" count="46" type="stmt"/>
        <line num="239" count="22" type="stmt"/>
        <line num="243" count="46" type="stmt"/>
        <line num="246" count="22" type="stmt"/>
        <line num="249" count="110" type="stmt"/>
        <line num="250" count="110" type="stmt"/>
        <line num="253" count="22" type="stmt"/>
        <line num="279" count="1" type="stmt"/>
        <line num="281" count="1" type="stmt"/>
      </file>
      <file name="ranking.ts" path="/home/user/vibe-cast/src/domain/situation/ranking.ts">
        <metrics statements="42" coveredstatements="42" conditionals="26" coveredconditionals="25" methods="21" coveredmethods="21"/>
        <line num="41" count="1" type="stmt"/>
        <line num="42" count="7" type="stmt"/>
        <line num="43" count="7" type="cond" truecount="2" falsecount="0"/>
        <line num="54" count="1" type="stmt"/>
        <line num="55" count="22" type="stmt"/>
        <line num="56" count="9" type="stmt"/>
        <line num="57" count="3" type="stmt"/>
        <line num="58" count="1" type="stmt"/>
        <line num="59" count="1" type="stmt"/>
        <line num="60" count="1" type="stmt"/>
        <line num="62" count="2" type="stmt"/>
        <line num="64" count="1" type="stmt"/>
        <line num="66" count="2" type="stmt"/>
        <line num="67" count="2" type="stmt"/>
        <line num="68" count="1" type="stmt"/>
        <line num="69" count="1" type="stmt"/>
        <line num="82" count="15" type="stmt"/>
        <line num="83" count="42" type="cond" truecount="4" falsecount="0"/>
        <line num="84" count="41" type="cond" truecount="1" falsecount="1"/>
        <line num="85" count="41" type="cond" truecount="2" falsecount="0"/>
        <line num="86" count="35" type="cond" truecount="4" falsecount="0"/>
        <line num="87" count="7" type="stmt"/>
        <line num="90" count="1" type="stmt"/>
        <line num="91" count="15" type="stmt"/>
        <line num="92" count="15" type="stmt"/>
        <line num="93" count="15" type="stmt"/>
        <line num="95" count="15" type="stmt"/>
        <line num="96" count="40" type="cond" truecount="2" falsecount="0"/>
        <line num="97" count="40" type="cond" truecount="2" falsecount="0"/>
        <line num="98" count="40" type="stmt"/>
        <line num="99" count="40" type="stmt"/>
        <line num="102" count="15" type="stmt"/>
        <line num="117" count="1" type="stmt"/>
        <line num="122" count="12" type="cond" truecount="2" falsecount="0"/>
        <line num="123" count="12" type="stmt"/>
        <line num="124" count="12" type="cond" truecount="2" falsecount="0"/>
        <line num="125" count="1" type="stmt"/>
        <line num="130" count="33" type="stmt"/>
        <line num="131" count="11" type="cond" truecount="2" falsecount="0"/>
        <line num="135" count="1" type="stmt"/>
        <line num="139" count="7" type="stmt"/>
        <line num="140" count="4" type="stmt"/>
      </file>
      <file name="severity-index.ts" path="/home/user/vibe-cast/src/domain/situation/severity-index.ts">
        <metrics statements="56" coveredstatements="56" conditionals="46" coveredconditionals="43" methods="24" coveredmethods="24"/>
        <line num="36" count="1" type="stmt"/>
        <line num="51" count="1" type="stmt"/>
        <line num="72" count="1" type="stmt"/>
        <line num="73" count="16" type="stmt"/>
        <line num="74" count="31" type="stmt"/>
        <line num="75" count="27" type="stmt"/>
        <line num="83" count="39" type="stmt"/>
        <line num="84" count="39" type="stmt"/>
        <line num="85" count="39" type="cond" truecount="4" falsecount="0"/>
        <line num="86" count="37" type="cond" truecount="4" falsecount="0"/>
        <line num="87" count="2" type="stmt"/>
        <line num="98" count="33" type="stmt"/>
        <line num="136" count="1" type="stmt"/>
        <line num="139" count="1" type="stmt"/>
        <line num="141" count="1" type="stmt"/>
        <line num="142" count="110" type="stmt"/>
        <line num="143" count="108" type="cond" truecount="4" falsecount="0"/>
        <line num="144" count="1" type="stmt"/>
        <line num="146" count="105" type="stmt"/>
        <line num="147" count="21" type="cond" truecount="2" falsecount="0"/>
        <line num="148" count="1" type="stmt"/>
        <line num="150" count="20" type="stmt"/>
        <line num="155" count="1" type="stmt"/>
        <line num="156" count="195" type="cond" truecount="2" falsecount="0"/>
        <line num="157" count="95" type="cond" truecount="2" falsecount="0"/>
        <line num="158" count="85" type="stmt"/>
        <line num="161" count="1" type="stmt"/>
        <line num="165" count="195" type="cond" truecount="2" falsecount="0"/>
        <line num="166" count="180" type="cond" truecount="2" falsecount="0"/>
        <line num="167" count="179" type="cond" truecount="1" falsecount="1"/>
        <line num="169" count="179" type="cond" truecount="2" falsecount="0"/>
        <line num="173" count="152" type="cond" truecount="2" falsecount="0"/>
        <line num="176" count="27" type="stmt"/>
        <line num="185" count="1" type="stmt"/>
        <line num="190" count="22" type="stmt"/>
        <line num="191" count="22" type="cond" truecount="2" falsecount="0"/>
        <line num="195" count="19" type="stmt"/>
        <line num="196" count="95" type="stmt"/>
        <line num="198" count="195" type="stmt"/>
        <line num="202" count="19" type="stmt"/>
        <line num="203" count="95" type="stmt"/>
        <line num="209" count="19" type="stmt"/>
        <line num="210" count="39" type="stmt"/>
        <line num="211" count="195" type="cond" truecount="1" falsecount="1"/>
        <line num="212" count="195" type="stmt"/>
        <line num="213" count="195" type="stmt"/>
        <line num="216" count="39" type="stmt"/>
        <line num="217" count="195" type="stmt"/>
        <line num="218" count="180" type="stmt"/>
        <line num="220" count="195" type="stmt"/>
        <line num="232" count="195" type="stmt"/>
        <line num="234" count="39" type="cond" truecount="4" falsecount="0"/>
        <line num="236" count="195" type="stmt"/>
        <line num="238" count="39" type="stmt"/>
        <line num="241" count="195" type="cond" truecount="2" falsecount="0"/>
        <line num="246" count="39" type="stmt"/>
      </file>
      <file name="situation-summary.ts" path="/home/user/vibe-cast/src/domain/situation/situation-summary.ts">
        <metrics statements="31" coveredstatements="31" conditionals="13" coveredconditionals="11" methods="12" coveredmethods="12"/>
        <line num="39" count="1" type="stmt"/>
        <line num="47" count="1" type="stmt"/>
        <line num="48" count="82" type="cond" truecount="2" falsecount="0"/>
        <line num="49" count="76" type="stmt"/>
        <line num="50" count="76" type="cond" truecount="2" falsecount="0"/>
        <line num="53" count="1" type="stmt"/>
        <line num="54" count="7" type="cond" truecount="2" falsecount="0"/>
        <line num="55" count="6" type="stmt"/>
        <line num="56" count="6" type="cond" truecount="1" falsecount="1"/>
        <line num="69" count="1" type="stmt"/>
        <line num="70" count="40" type="stmt"/>
        <line num="113" count="7" type="stmt"/>
        <line num="114" count="48" type="stmt"/>
        <line num="115" count="48" type="stmt"/>
        <line num="116" count="48" type="stmt"/>
        <line num="123" count="1" type="stmt"/>
        <line num="127" count="7" type="cond" truecount="2" falsecount="0"/>
        <line num="128" count="7" type="stmt"/>
        <line num="130" count="7" type="stmt"/>
        <line num="140" count="48" type="stmt"/>
        <line num="141" count="48" type="stmt"/>
        <line num="142" count="48" type="stmt"/>
        <line num="143" count="48" type="stmt"/>
        <line num="146" count="7" type="stmt"/>
        <line num="147" count="7" type="stmt"/>
        <line num="148" count="7" type="stmt"/>
        <line num="149" count="7" type="stmt"/>
        <line num="150" count="7" type="stmt"/>
        <line num="151" count="7" type="stmt"/>
        <line num="153" count="7" type="stmt"/>
        <line num="200" count="7" type="stmt"/>
      </file>
    </package>
  </project>
</coverage>
