<?xml version="1.0" encoding="UTF-8"?>
<coverage generated="1785188176524" clover="3.2.0">
  <project timestamp="1785188176524" name="All files">
    <metrics statements="350" coveredstatements="348" conditionals="306" coveredconditionals="299" methods="109" coveredmethods="109" elements="765" coveredelements="756" complexity="0" loc="350" ncloc="350" packages="3" files="10" classes="10"/>
    <package name="scenario">
      <metrics statements="179" coveredstatements="177" conditionals="204" coveredconditionals="198" methods="44" coveredmethods="44"/>
      <file name="derivation.ts" path="/home/user/vibe-cast/src/domain/scenario/derivation.ts">
        <metrics statements="29" coveredstatements="29" conditionals="20" coveredconditionals="19" methods="16" coveredmethods="16"/>
        <line num="35" count="447" type="stmt"/>
        <line num="36" count="152" type="stmt"/>
        <line num="38" count="449" type="stmt"/>
        <line num="43" count="149" type="stmt"/>
        <line num="45" count="229" type="stmt"/>
        <line num="46" count="70" type="stmt"/>
        <line num="48" count="294" type="stmt"/>
        <line num="53" count="4" type="stmt"/>
        <line num="64" count="4" type="stmt"/>
        <line num="66" count="10420" type="stmt"/>
        <line num="68" count="12189" type="cond" truecount="2" falsecount="0"/>
        <line num="70" count="4" type="stmt"/>
        <line num="71" count="6150" type="cond" truecount="2" falsecount="0"/>
        <line num="72" count="6119" type="stmt"/>
        <line num="73" count="6119" type="cond" truecount="2" falsecount="0"/>
        <line num="74" count="6150" type="stmt"/>
        <line num="77" count="4" type="stmt"/>
        <line num="78" count="4302" type="cond" truecount="2" falsecount="0"/>
        <line num="80" count="4301" type="stmt"/>
        <line num="81" count="4301" type="cond" truecount="2" falsecount="0"/>
        <line num="82" count="4302" type="stmt"/>
        <line num="83" count="4302" type="cond" truecount="3" falsecount="1"/>
        <line num="87" count="4" type="cond" truecount="1" falsecount="0"/>
        <line num="88" count="1737" type="cond" truecount="2" falsecount="0"/>
        <line num="114" count="4" type="stmt"/>
        <line num="118" count="1530" type="stmt"/>
        <line num="137" count="1493" type="stmt"/>
        <line num="143" count="4" type="stmt"/>
        <line num="144" count="4" type="cond" truecount="3" falsecount="0"/>
      </file>
      <file name="failure-point.ts" path="/home/user/vibe-cast/src/domain/scenario/failure-point.ts">
        <metrics statements="40" coveredstatements="39" conditionals="35" coveredconditionals="32" methods="8" coveredmethods="8"/>
        <line num="60" count="1" type="stmt"/>
        <line num="62" count="1" type="stmt"/>
        <line num="66" count="49" type="stmt"/>
        <line num="67" count="49" type="stmt"/>
        <line num="69" count="49" type="cond" truecount="2" falsecount="0"/>
        <line num="70" count="1" type="stmt"/>
        <line num="72" count="48" type="cond" truecount="2" falsecount="0"/>
        <line num="73" count="1" type="stmt"/>
        <line num="80" count="47" type="cond" truecount="2" falsecount="0"/>
        <line num="82" count="36" type="stmt"/>
        <line num="83" count="36" type="cond" truecount="2" falsecount="0"/>
        <line num="85" count="14" type="stmt"/>
        <line num="109" count="1" type="stmt"/>
        <line num="113" count="49" type="stmt"/>
        <line num="114" count="49" type="cond" truecount="2" falsecount="0"/>
        <line num="115" count="1" type="stmt"/>
        <line num="118" count="48" type="cond" truecount="2" falsecount="0"/>
        <line num="120" count="37" type="stmt"/>
        <line num="121" count="37" type="cond" truecount="2" falsecount="0"/>
        <line num="122" count="1" type="stmt"/>
        <line num="130" count="36" type="stmt"/>
        <line num="131" count="36" type="stmt"/>
        <line num="132" count="36" type="cond" truecount="3" falsecount="1"/>
        <line num="133" count="0" type="stmt"/>
        <line num="139" count="36" type="cond" truecount="2" falsecount="0"/>
        <line num="141" count="24" type="stmt"/>
        <line num="171" count="1" type="stmt"/>
        <line num="173" count="98" type="cond" truecount="2" falsecount="0"/>
        <line num="175" count="1" type="stmt"/>
        <line num="177" count="98" type="cond" truecount="2" falsecount="0"/>
        <line num="185" count="1" type="stmt"/>
        <line num="186" count="55" type="cond" truecount="3" falsecount="0"/>
        <line num="190" count="1" type="stmt"/>
        <line num="194" count="15" type="stmt"/>
        <line num="195" count="15" type="cond" truecount="4" falsecount="0"/>
        <line num="196" count="1" type="stmt"/>
        <line num="201" count="49" type="stmt"/>
        <line num="206" count="14" type="stmt"/>
        <line num="213" count="1" type="stmt"/>
        <line num="214" count="3" type="stmt"/>
      </file>
      <file name="projection-engine.ts" path="/home/user/vibe-cast/src/domain/scenario/projection-engine.ts">
        <metrics statements="63" coveredstatements="62" conditionals="101" coveredconditionals="100" methods="11" coveredmethods="11"/>
        <line num="128" count="3" type="stmt"/>
        <line num="143" count="3" type="stmt"/>
        <line num="144" count="4" type="cond" truecount="4" falsecount="0"/>
        <line num="153" count="3" type="stmt"/>
        <line num="155" count="3" type="stmt"/>
        <line num="156" count="297" type="cond" truecount="2" falsecount="0"/>
        <line num="157" count="86" type="cond" truecount="2" falsecount="0"/>
        <line num="158" count="77" type="stmt"/>
        <line num="161" count="3" type="stmt"/>
        <line num="162" count="229" type="cond" truecount="2" falsecount="0"/>
        <line num="163" count="61" type="stmt"/>
        <line num="165" count="168" type="cond" truecount="2" falsecount="0"/>
        <line num="166" count="167" type="cond" truecount="2" falsecount="0"/>
        <line num="167" count="160" type="stmt"/>
        <line num="169" count="7" type="cond" truecount="1" falsecount="1"/>
        <line num="170" count="7" type="stmt"/>
        <line num="172" count="0" type="stmt"/>
        <line num="175" count="3" type="stmt"/>
        <line num="176" count="223" type="cond" truecount="2" falsecount="0"/>
        <line num="196" count="3" type="stmt"/>
        <line num="201" count="298" type="stmt"/>
        <line num="202" count="298" type="stmt"/>
        <line num="204" count="298" type="stmt"/>
        <line num="205" count="298" type="stmt"/>
        <line num="206" count="298" type="stmt"/>
        <line num="207" count="298" type="stmt"/>
        <line num="208" count="298" type="stmt"/>
        <line num="209" count="298" type="stmt"/>
        <line num="212" count="298" type="cond" truecount="5" falsecount="0"/>
        <line num="216" count="298" type="cond" truecount="4" falsecount="0"/>
        <line num="220" count="298" type="cond" truecount="5" falsecount="0"/>
        <line num="228" count="298" type="stmt"/>
        <line num="239" count="298" type="cond" truecount="2" falsecount="0"/>
        <line num="243" count="298" type="cond" truecount="2" falsecount="0"/>
        <line num="247" count="298" type="stmt"/>
        <line num="255" count="298" type="stmt"/>
        <line num="268" count="298" type="cond" truecount="2" falsecount="0"/>
        <line num="272" count="298" type="cond" truecount="2" falsecount="0"/>
        <line num="281" count="298" type="cond" truecount="2" falsecount="0"/>
        <line num="284" count="298" type="stmt"/>
        <line num="307" count="298" type="cond" truecount="4" falsecount="0"/>
        <line num="312" count="298" type="cond" truecount="2" falsecount="0"/>
        <line num="316" count="298" type="cond" truecount="2" falsecount="0"/>
        <line num="321" count="298" type="stmt"/>
        <line num="340" count="298" type="cond" truecount="2" falsecount="0"/>
        <line num="341" count="298" type="stmt"/>
        <line num="359" count="298" type="cond" truecount="5" falsecount="0"/>
        <line num="368" count="298" type="cond" truecount="2" falsecount="0"/>
        <line num="378" count="298" type="stmt"/>
        <line num="406" count="298" type="stmt"/>
        <line num="433" count="3" type="stmt"/>
        <line num="437" count="250" type="stmt"/>
        <line num="447" count="3" type="stmt"/>
        <line num="448" count="48" type="stmt"/>
        <line num="449" count="48" type="stmt"/>
        <line num="450" count="48" type="stmt"/>
        <line num="462" count="3" type="stmt"/>
        <line num="467" count="48" type="stmt"/>
        <line num="469" count="250" type="stmt"/>
        <line num="472" count="48" type="stmt"/>
        <line num="486" count="250" type="stmt"/>
        <line num="491" count="48" type="stmt"/>
        <line num="498" count="2" type="stmt"/>
      </file>
      <file name="scenario.ts" path="/home/user/vibe-cast/src/domain/scenario/scenario.ts">
        <metrics statements="47" coveredstatements="47" conditionals="48" coveredconditionals="47" methods="9" coveredmethods="9"/>
        <line num="27" count="19" type="stmt"/>
        <line num="28" count="19" type="stmt"/>
        <line num="77" count="3" type="stmt"/>
        <line num="78" count="67" type="cond" truecount="3" falsecount="0"/>
        <line num="80" count="3" type="stmt"/>
        <line num="81" count="72" type="stmt"/>
        <line num="83" count="72" type="cond" truecount="4" falsecount="0"/>
        <line num="84" count="1" type="stmt"/>
        <line num="86" count="71" type="cond" truecount="2" falsecount="0"/>
        <line num="87" count="1" type="stmt"/>
        <line num="91" count="70" type="cond" truecount="4" falsecount="0"/>
        <line num="92" count="3" type="stmt"/>
        <line num="94" count="67" type="cond" truecount="2" falsecount="0"/>
        <line num="95" count="3" type="stmt"/>
        <line num="99" count="64" type="cond" truecount="2" falsecount="0"/>
        <line num="100" count="47" type="stmt"/>
        <line num="101" count="47" type="cond" truecount="5" falsecount="0"/>
        <line num="102" count="2" type="stmt"/>
        <line num="108" count="62" type="cond" truecount="2" falsecount="0"/>
        <line num="109" count="72" type="stmt"/>
        <line num="110" count="3" type="cond" truecount="4" falsecount="0"/>
        <line num="111" count="2" type="stmt"/>
        <line num="117" count="60" type="stmt"/>
        <line num="126" count="3" type="stmt"/>
        <line num="167" count="3" type="stmt"/>
        <line num="173" count="10" type="stmt"/>
        <line num="179" count="2" type="stmt"/>
        <line num="186" count="2" type="stmt"/>
        <line num="187" count="2" type="cond" truecount="2" falsecount="0"/>
        <line num="188" count="1" type="stmt"/>
        <line num="190" count="1" type="stmt"/>
        <line num="193" count="3" type="cond" truecount="2" falsecount="0"/>
        <line num="194" count="1" type="stmt"/>
        <line num="199" count="2" type="stmt"/>
        <line num="202" count="10" type="stmt"/>
        <line num="205" count="3" type="stmt"/>
        <line num="206" count="12" type="cond" truecount="1" falsecount="1"/>
        <line num="207" count="12" type="cond" truecount="2" falsecount="0"/>
        <line num="208" count="1" type="stmt"/>
        <line num="210" count="11" type="stmt"/>
        <line num="211" count="11" type="cond" truecount="4" falsecount="0"/>
        <line num="212" count="1" type="stmt"/>
        <line num="216" count="10" type="cond" truecount="4" falsecount="0"/>
        <line num="217" count="1" type="stmt"/>
        <line num="221" count="9" type="cond" truecount="4" falsecount="0"/>
        <line num="222" count="1" type="stmt"/>
        <line num="227" count="8" type="stmt"/>
      </file>
    </package>
    <package name="scenario.__fixtures__">
      <metrics statements="22" coveredstatements="22" conditionals="25" coveredconditionals="25" methods="6" coveredmethods="6"/>
      <file name="report-builder.ts" path="/home/user/vibe-cast/src/domain/scenario/__fixtures__/report-builder.ts">
        <metrics statements="22" coveredstatements="22" conditionals="25" coveredconditionals="25" methods="6" coveredmethods="6"/>
        <line num="33" count="132" type="stmt"/>
        <line num="34" count="162" type="stmt"/>
        <line num="36" count="8" type="stmt"/>
        <line num="56" count="8" type="stmt"/>
        <line num="57" count="378" type="cond" truecount="2" falsecount="0"/>
        <line num="58" count="378" type="cond" truecount="2" falsecount="0"/>
        <line num="59" count="378" type="cond" truecount="2" falsecount="0"/>
        <line num="70" count="378" type="stmt"/>
        <line num="137" count="8" type="cond" truecount="1" falsecount="0"/>
        <line num="138" count="132" type="cond" truecount="2" falsecount="0"/>
        <line num="139" count="132" type="stmt"/>
        <line num="164" count="8" type="stmt"/>
        <line num="170" count="8" type="stmt"/>
        <line num="171" count="8" type="stmt"/>
        <line num="172" count="8" type="stmt"/>
        <line num="173" count="8" type="stmt"/>
        <line num="174" count="8" type="stmt"/>
        <line num="175" count="8" type="stmt"/>
        <line num="176" count="8" type="stmt"/>
        <line num="177" count="8" type="stmt"/>
        <line num="186" count="8" type="stmt"/>
        <line num="187" count="34" type="stmt"/>
      </file>
    </package>
    <package name="timeline">
      <metrics statements="149" coveredstatements="149" conditionals="77" coveredconditionals="76" methods="59" coveredmethods="59"/>
      <file name="bulletin-timeline.ts" path="/home/user/vibe-cast/src/domain/timeline/bulletin-timeline.ts">
        <metrics statements="24" coveredstatements="24" conditionals="14" coveredconditionals="14" methods="14" coveredmethods="14"/>
        <line num="23" count="4" type="stmt"/>
        <line num="24" count="4" type="stmt"/>
        <line num="50" count="4" type="stmt"/>
        <line num="51" count="50" type="cond" truecount="4" falsecount="0"/>
        <line num="52" count="1" type="stmt"/>
        <line num="54" count="49" type="cond" truecount="4" falsecount="0"/>
        <line num="55" count="1" type="stmt"/>
        <line num="59" count="48" type="cond" truecount="4" falsecount="0"/>
        <line num="60" count="2" type="stmt"/>
        <line num="67" count="4" type="stmt"/>
        <line num="68" count="78" type="stmt"/>
        <line num="69" count="25" type="stmt"/>
        <line num="70" count="25" type="stmt"/>
        <line num="77" count="78" type="stmt"/>
        <line num="83" count="50" type="stmt"/>
        <line num="86" count="50" type="cond" truecount="2" falsecount="0"/>
        <line num="87" count="44" type="stmt"/>
        <line num="88" count="44" type="stmt"/>
        <line num="89" count="27" type="stmt"/>
        <line num="94" count="32" type="stmt"/>
        <line num="96" count="4" type="stmt"/>
        <line num="98" count="36" type="stmt"/>
        <line num="101" count="4" type="stmt"/>
        <line num="102" count="2" type="stmt"/>
      </file>
      <file name="delta.ts" path="/home/user/vibe-cast/src/domain/timeline/delta.ts">
        <metrics statements="30" coveredstatements="30" conditionals="16" coveredconditionals="16" methods="18" coveredmethods="18"/>
        <line num="63" count="2" type="stmt"/>
        <line num="67" count="18" type="stmt"/>
        <line num="72" count="18" type="stmt"/>
        <line num="77" count="18" type="stmt"/>
        <line num="82" count="18" type="stmt"/>
        <line num="87" count="18" type="stmt"/>
        <line num="92" count="18" type="stmt"/>
        <line num="97" count="18" type="stmt"/>
        <line num="102" count="18" type="stmt"/>
        <line num="107" count="18" type="stmt"/>
        <line num="111" count="2" type="stmt"/>
        <line num="115" count="81" type="cond" truecount="4" falsecount="0"/>
        <line num="116" count="80" type="cond" truecount="2" falsecount="0"/>
        <line num="117" count="68" type="cond" truecount="2" falsecount="0"/>
        <line num="118" count="63" type="stmt"/>
        <line num="121" count="2" type="stmt"/>
        <line num="126" count="81" type="stmt"/>
        <line num="127" count="81" type="stmt"/>
        <line num="128" count="81" type="stmt"/>
        <line num="129" count="81" type="stmt"/>
        <line num="130" count="81" type="cond" truecount="2" falsecount="0"/>
        <line num="132" count="81" type="stmt"/>
        <line num="147" count="2" type="stmt"/>
        <line num="150" count="81" type="stmt"/>
        <line num="158" count="2" type="stmt"/>
        <line num="159" count="11" type="stmt"/>
        <line num="160" count="10" type="stmt"/>
        <line num="161" count="6" type="stmt"/>
        <line num="167" count="2" type="stmt"/>
        <line num="170" count="43" type="stmt"/>
      </file>
      <file name="gap-detection.ts" path="/home/user/vibe-cast/src/domain/timeline/gap-detection.ts">
        <metrics statements="14" coveredstatements="14" conditionals="2" coveredconditionals="2" methods="9" coveredmethods="9"/>
        <line num="30" count="1" type="stmt"/>
        <line num="31" count="5" type="cond" truecount="2" falsecount="0"/>
        <line num="35" count="1" type="stmt"/>
        <line num="36" count="10" type="stmt"/>
        <line num="37" count="8" type="stmt"/>
        <line num="39" count="5" type="stmt"/>
        <line num="40" count="5" type="stmt"/>
        <line num="41" count="5" type="stmt"/>
        <line num="42" count="5" type="stmt"/>
        <line num="54" count="3" type="stmt"/>
        <line num="57" count="1" type="stmt"/>
        <line num="58" count="2" type="stmt"/>
        <line num="60" count="1" type="stmt"/>
        <line num="61" count="5" type="stmt"/>
      </file>
      <file name="newly-affected.ts" path="/home/user/vibe-cast/src/domain/timeline/newly-affected.ts">
        <metrics statements="30" coveredstatements="30" conditionals="18" coveredconditionals="18" methods="6" coveredmethods="6"/>
        <line num="48" count="1" type="stmt"/>
        <line num="51" count="20" type="stmt"/>
        <line num="52" count="49" type="stmt"/>
        <line num="58" count="1" type="stmt"/>
        <line num="62" count="10" type="stmt"/>
        <line num="63" count="10" type="stmt"/>
        <line num="65" count="10" type="stmt"/>
        <line num="66" count="10" type="stmt"/>
        <line num="67" count="10" type="stmt"/>
        <line num="69" count="10" type="stmt"/>
        <line num="70" count="27" type="stmt"/>
        <line num="72" count="27" type="cond" truecount="2" falsecount="0"/>
        <line num="73" count="1" type="stmt"/>
        <line num="79" count="1" type="stmt"/>
        <line num="81" count="26" type="cond" truecount="4" falsecount="0"/>
        <line num="82" count="1" type="stmt"/>
        <line num="88" count="1" type="stmt"/>
        <line num="91" count="25" type="stmt"/>
        <line num="92" count="27" type="cond" truecount="5" falsecount="0"/>
        <line num="93" count="13" type="stmt"/>
        <line num="99" count="12" type="cond" truecount="2" falsecount="0"/>
        <line num="104" count="6" type="stmt"/>
        <line num="115" count="10" type="stmt"/>
        <line num="116" count="22" type="cond" truecount="2" falsecount="0"/>
        <line num="117" count="1" type="stmt"/>
        <line num="123" count="10" type="stmt"/>
        <line num="133" count="1" type="stmt"/>
        <line num="136" count="3" type="stmt"/>
        <line num="137" count="2" type="stmt"/>
        <line num="138" count="1" type="stmt"/>
      </file>
      <file name="report-date.ts" path="/home/user/vibe-cast/src/domain/timeline/report-date.ts">
        <metrics statements="51" coveredstatements="51" conditionals="27" coveredconditionals="26" methods="12" coveredmethods="12"/>
        <line num="12" count="5" type="stmt"/>
        <line num="14" count="5" type="stmt"/>
        <line num="15" count="191" type="cond" truecount="3" falsecount="0"/>
        <line num="17" count="5" type="stmt"/>
        <line num="18" count="191" type="cond" truecount="3" falsecount="1"/>
        <line num="22" count="5" type="stmt"/>
        <line num="23" count="197" type="stmt"/>
        <line num="24" count="197" type="cond" truecount="2" falsecount="0"/>
        <line num="25" count="192" type="stmt"/>
        <line num="26" count="192" type="stmt"/>
        <line num="27" count="192" type="stmt"/>
        <line num="28" count="192" type="cond" truecount="4" falsecount="0"/>
        <line num="29" count="191" type="cond" truecount="4" falsecount="0"/>
        <line num="30" count="190" type="stmt"/>
        <line num="33" count="53" type="stmt"/>
        <line num="36" count="5" type="stmt"/>
        <line num="37" count="143" type="cond" truecount="2" falsecount="0"/>
        <line num="38" count="143" type="stmt"/>
        <line num="39" count="143" type="stmt"/>
        <line num="40" count="143" type="cond" truecount="2" falsecount="0"/>
        <line num="41" count="143" type="stmt"/>
        <line num="42" count="143" type="stmt"/>
        <line num="45" count="5" type="stmt"/>
        <line num="46" count="15" type="stmt"/>
        <line num="47" count="15" type="stmt"/>
        <line num="48" count="15" type="stmt"/>
        <line num="49" count="15" type="stmt"/>
        <line num="50" count="15" type="stmt"/>
        <line num="51" count="15" type="stmt"/>
        <line num="52" count="15" type="stmt"/>
        <line num="53" count="15" type="stmt"/>
        <line num="54" count="15" type="cond" truecount="2" falsecount="0"/>
        <line num="55" count="15" type="cond" truecount="2" falsecount="0"/>
        <line num="58" count="45" type="stmt"/>
        <line num="60" count="5" type="stmt"/>
        <line num="61" count="15" type="stmt"/>
        <line num="63" count="5" type="stmt"/>
        <line num="64" count="144" type="stmt"/>
        <line num="65" count="144" type="cond" truecount="2" falsecount="0"/>
        <line num="66" count="1" type="stmt"/>
        <line num="68" count="143" type="stmt"/>
        <line num="72" count="5" type="stmt"/>
        <line num="73" count="33" type="stmt"/>
        <line num="75" count="5" type="stmt"/>
        <line num="76" count="30" type="stmt"/>
        <line num="79" count="5" type="stmt"/>
        <line num="80" count="9" type="stmt"/>
        <line num="81" count="9" type="stmt"/>
        <line num="82" count="9" type="stmt"/>
        <line num="83" count="15" type="stmt"/>
        <line num="84" count="9" type="stmt"/>
      </file>
    </package>
  </project>
</coverage>
