{"/home/user/vibe-cast/src/domain/response/adequacy.ts": {"path":"/home/user/vibe-cast/src/domain/response/adequacy.ts","statementMap":{"0":{"start":{"line":42,"column":66},"end":{"line":46,"column":null}},"1":{"start":{"line":75,"column":49},"end":{"line":79,"column":null}},"2":{"start":{"line":81,"column":6},"end":{"line":82,"column":null}},"3":{"start":{"line":82,"column":2},"end":{"line":82,"column":null}},"4":{"start":{"line":84,"column":6},"end":{"line":85,"column":null}},"5":{"start":{"line":85,"column":2},"end":{"line":85,"column":null}},"6":{"start":{"line":87,"column":6},"end":{"line":88,"column":null}},"7":{"start":{"line":88,"column":2},"end":{"line":88,"column":null}},"8":{"start":{"line":90,"column":6},"end":{"line":122,"column":null}},"9":{"start":{"line":94,"column":2},"end":{"line":101,"column":null}},"10":{"start":{"line":95,"column":4},"end":{"line":100,"column":null}},"11":{"start":{"line":103,"column":2},"end":{"line":110,"column":null}},"12":{"start":{"line":104,"column":4},"end":{"line":109,"column":null}},"13":{"start":{"line":112,"column":15},"end":{"line":112,"column":null}},"14":{"start":{"line":113,"column":16},"end":{"line":113,"column":null}},"15":{"start":{"line":114,"column":2},"end":{"line":121,"column":null}},"16":{"start":{"line":124,"column":6},"end":{"line":161,"column":null}},"17":{"start":{"line":125,"column":2},"end":{"line":132,"column":null}},"18":{"start":{"line":126,"column":4},"end":{"line":131,"column":null}},"19":{"start":{"line":134,"column":2},"end":{"line":141,"column":null}},"20":{"start":{"line":135,"column":4},"end":{"line":140,"column":null}},"21":{"start":{"line":143,"column":2},"end":{"line":150,"column":null}},"22":{"start":{"line":144,"column":4},"end":{"line":149,"column":null}},"23":{"start":{"line":152,"column":18},"end":{"line":152,"column":null}},"24":{"start":{"line":153,"column":2},"end":{"line":160,"column":null}},"25":{"start":{"line":163,"column":6},"end":{"line":184,"column":null}},"26":{"start":{"line":167,"column":2},"end":{"line":174,"column":null}},"27":{"start":{"line":168,"column":4},"end":{"line":173,"column":null}},"28":{"start":{"line":176,"column":2},"end":{"line":183,"column":null}},"29":{"start":{"line":194,"column":13},"end":{"line":226,"column":null}},"30":{"start":{"line":198,"column":47},"end":{"line":202,"column":null}},"31":{"start":{"line":204,"column":17},"end":{"line":204,"column":null}},"32":{"start":{"line":204,"column":40},"end":{"line":204,"column":67}},"33":{"start":{"line":207,"column":4},"end":{"line":211,"column":null}},"34":{"start":{"line":214,"column":4},"end":{"line":216,"column":null}},"35":{"start":{"line":216,"column":49},"end":{"line":216,"column":70}},"36":{"start":{"line":218,"column":2},"end":{"line":225,"column":null}}},"fnMap":{"0":{"name":"(anonymous_0)","decl":{"start":{"line":81,"column":6},"end":{"line":81,"column":15}},"loc":{"start":{"line":82,"column":2},"end":{"line":82,"column":null}},"line":82},"1":{"name":"(anonymous_1)","decl":{"start":{"line":84,"column":6},"end":{"line":84,"column":27}},"loc":{"start":{"line":85,"column":2},"end":{"line":85,"column":null}},"line":85},"2":{"name":"(anonymous_2)","decl":{"start":{"line":87,"column":6},"end":{"line":87,"column":28}},"loc":{"start":{"line":88,"column":2},"end":{"line":88,"column":null}},"line":88},"3":{"name":"(anonymous_3)","decl":{"start":{"line":90,"column":6},"end":{"line":90,"column":null}},"loc":{"start":{"line":93,"column":22},"end":{"line":122,"column":null}},"line":93},"4":{"name":"(anonymous_4)","decl":{"start":{"line":124,"column":6},"end":{"line":124,"column":25}},"loc":{"start":{"line":124,"column":88},"end":{"line":161,"column":null}},"line":124},"5":{"name":"(anonymous_5)","decl":{"start":{"line":163,"column":6},"end":{"line":163,"column":null}},"loc":{"start":{"line":166,"column":22},"end":{"line":184,"column":null}},"line":166},"6":{"name":"(anonymous_6)","decl":{"start":{"line":194,"column":13},"end":{"line":194,"column":null}},"loc":{"start":{"line":197,"column":21},"end":{"line":226,"column":null}},"line":197},"7":{"name":"(anonymous_7)","decl":{"start":{"line":204,"column":26},"end":{"line":204,"column":34}},"loc":{"start":{"line":204,"column":40},"end":{"line":204,"column":67}},"line":204},"8":{"name":"(anonymous_8)","decl":{"start":{"line":216,"column":15},"end":{"line":216,"column":38}},"loc":{"start":{"line":216,"column":49},"end":{"line":216,"column":70}},"line":216}},"branchMap":{"0":{"loc":{"start":{"line":82,"column":2},"end":{"line":82,"column":null}},"type":"cond-expr","locations":[{"start":{"line":82,"column":59},"end":{"line":82,"column":63}},{"start":{"line":82,"column":63},"end":{"line":82,"column":null}}],"line":82},"1":{"loc":{"start":{"line":85,"column":2},"end":{"line":85,"column":null}},"type":"cond-expr","locations":[{"start":{"line":85,"column":23},"end":{"line":85,"column":36}},{"start":{"line":85,"column":36},"end":{"line":85,"column":null}}],"line":85},"2":{"loc":{"start":{"line":85,"column":36},"end":{"line":85,"column":null}},"type":"cond-expr","locations":[{"start":{"line":85,"column":57},"end":{"line":85,"column":70}},{"start":{"line":85,"column":70},"end":{"line":85,"column":null}}],"line":85},"3":{"loc":{"start":{"line":88,"column":2},"end":{"line":88,"column":null}},"type":"cond-expr","locations":[{"start":{"line":88,"column":23},"end":{"line":88,"column":36}},{"start":{"line":88,"column":36},"end":{"line":88,"column":null}}],"line":88},"4":{"loc":{"start":{"line":88,"column":36},"end":{"line":88,"column":null}},"type":"cond-expr","locations":[{"start":{"line":88,"column":57},"end":{"line":88,"column":70}},{"start":{"line":88,"column":70},"end":{"line":88,"column":null}}],"line":88},"5":{"loc":{"start":{"line":94,"column":2},"end":{"line":101,"column":null}},"type":"if","locations":[{"start":{"line":94,"column":2},"end":{"line":101,"column":null}},{"start":{},"end":{}}],"line":94},"6":{"loc":{"start":{"line":103,"column":2},"end":{"line":110,"column":null}},"type":"if","locations":[{"start":{"line":103,"column":2},"end":{"line":110,"column":null}},{"start":{},"end":{}}],"line":103},"7":{"loc":{"start":{"line":125,"column":2},"end":{"line":132,"column":null}},"type":"if","locations":[{"start":{"line":125,"column":2},"end":{"line":132,"column":null}},{"start":{},"end":{}}],"line":125},"8":{"loc":{"start":{"line":134,"column":2},"end":{"line":141,"column":null}},"type":"if","locations":[{"start":{"line":134,"column":2},"end":{"line":141,"column":null}},{"start":{},"end":{}}],"line":134},"9":{"loc":{"start":{"line":143,"column":2},"end":{"line":150,"column":null}},"type":"if","locations":[{"start":{"line":143,"column":2},"end":{"line":150,"column":null}},{"start":{},"end":{}}],"line":143},"10":{"loc":{"start":{"line":167,"column":2},"end":{"line":174,"column":null}},"type":"if","locations":[{"start":{"line":167,"column":2},"end":{"line":174,"column":null}},{"start":{},"end":{}}],"line":167},"11":{"loc":{"start":{"line":207,"column":4},"end":{"line":211,"column":null}},"type":"cond-expr","locations":[{"start":{"line":208,"column":8},"end":{"line":208,"column":null}},{"start":{"line":209,"column":8},"end":{"line":211,"column":null}}],"line":207},"12":{"loc":{"start":{"line":209,"column":8},"end":{"line":211,"column":null}},"type":"cond-expr","locations":[{"start":{"line":210,"column":10},"end":{"line":210,"column":null}},{"start":{"line":211,"column":10},"end":{"line":211,"column":null}}],"line":209},"13":{"loc":{"start":{"line":214,"column":4},"end":{"line":216,"column":null}},"type":"cond-expr","locations":[{"start":{"line":215,"column":8},"end":{"line":215,"column":null}},{"start":{"line":216,"column":8},"end":{"line":216,"column":null}}],"line":214}},"s":{"0":1,"1":1,"2":1,"3":26,"4":1,"5":7,"6":1,"7":16,"8":1,"9":10,"10":2,"11":8,"12":1,"13":7,"14":7,"15":7,"16":1,"17":10,"18":1,"19":9,"20":1,"21":8,"22":1,"23":7,"24":7,"25":1,"26":10,"27":1,"28":9,"29":1,"30":10,"31":10,"32":30,"33":10,"34":10,"35":26,"36":10},"f":{"0":26,"1":7,"2":16,"3":10,"4":10,"5":10,"6":10,"7":30,"8":26},"b":{"0":[18,8],"1":[2,5],"2":[3,2],"3":[3,13],"4":[3,10],"5":[2,8],"6":[1,7],"7":[1,9],"8":[1,8],"9":[1,7],"10":[1,9],"11":[1,9],"12":[8,1],"13":[1,9]},"meta":{"lastBranch":14,"lastFunction":9,"lastStatement":37,"seen":{"s:42:66:46:Infinity":0,"s:75:49:79:Infinity":1,"s:81:6:82:Infinity":2,"f:81:6:81:15":0,"s:82:2:82:Infinity":3,"b:82:59:82:63:82:63:82:Infinity":0,"s:84:6:85:Infinity":4,"f:84:6:84:27":1,"s:85:2:85:Infinity":5,"b:85:23:85:36:85:36:85:Infinity":1,"b:85:57:85:70:85:70:85:Infinity":2,"s:87:6:88:Infinity":6,"f:87:6:87:28":2,"s:88:2:88:Infinity":7,"b:88:23:88:36:88:36:88:Infinity":3,"b:88:57:88:70:88:70:88:Infinity":4,"s:90:6:122:Infinity":8,"f:90:6:90:Infinity":3,"b:94:2:101:Infinity:undefined:undefined:undefined:undefined":5,"s:94:2:101:Infinity":9,"s:95:4:100:Infinity":10,"b:103:2:110:Infinity:undefined:undefined:undefined:undefined":6,"s:103:2:110:Infinity":11,"s:104:4:109:Infinity":12,"s:112:15:112:Infinity":13,"s:113:16:113:Infinity":14,"s:114:2:121:Infinity":15,"s:124:6:161:Infinity":16,"f:124:6:124:25":4,"b:125:2:132:Infinity:undefined:undefined:undefined:undefined":7,"s:125:2:132:Infinity":17,"s:126:4:131:Infinity":18,"b:134:2:141:Infinity:undefined:undefined:undefined:undefined":8,"s:134:2:141:Infinity":19,"s:135:4:140:Infinity":20,"b:143:2:150:Infinity:undefined:undefined:undefined:undefined":9,"s:143:2:150:Infinity":21,"s:144:4:149:Infinity":22,"s:152:18:152:Infinity":23,"s:153:2:160:Infinity":24,"s:163:6:184:Infinity":25,"f:163:6:163:Infinity":5,"b:167:2:174:Infinity:undefined:undefined:undefined:undefined":10,"s:167:2:174:Infinity":26,"s:168:4:173:Infinity":27,"s:176:2:183:Infinity":28,"s:194:13:226:Infinity":29,"f:194:13:194:Infinity":6,"s:198:47:202:Infinity":30,"s:204:17:204:Infinity":31,"f:204:26:204:34":7,"s:204:40:204:67":32,"s:207:4:211:Infinity":33,"b:208:8:208:Infinity:209:8:211:Infinity":11,"b:210:10:210:Infinity:211:10:211:Infinity":12,"s:214:4:216:Infinity":34,"b:215:8:215:Infinity:216:8:216:Infinity":13,"f:216:15:216:38":8,"s:216:49:216:70":35,"s:218:2:225:Infinity":36},"fnNames":{}}}
,"/home/user/vibe-cast/src/domain/response/camp-load.ts": {"path":"/home/user/vibe-cast/src/domain/response/camp-load.ts","statementMap":{"0":{"start":{"line":21,"column":16},"end":{"line":21,"column":null}},"1":{"start":{"line":43,"column":13},"end":{"line":68,"column":null}},"2":{"start":{"line":44,"column":19},"end":{"line":51,"column":null}},"3":{"start":{"line":54,"column":4},"end":{"line":60,"column":null}},"4":{"start":{"line":62,"column":2},"end":{"line":67,"column":null}},"5":{"start":{"line":82,"column":13},"end":{"line":90,"column":null}},"6":{"start":{"line":86,"column":2},"end":{"line":88,"column":null}},"7":{"start":{"line":87,"column":4},"end":{"line":87,"column":null}},"8":{"start":{"line":89,"column":2},"end":{"line":89,"column":null}},"9":{"start":{"line":93,"column":65},"end":{"line":96,"column":null}},"10":{"start":{"line":105,"column":13},"end":{"line":112,"column":null}},"11":{"start":{"line":109,"column":16},"end":{"line":109,"column":null}},"12":{"start":{"line":109,"column":53},"end":{"line":109,"column":71}},"13":{"start":{"line":110,"column":33},"end":{"line":110,"column":null}},"14":{"start":{"line":111,"column":2},"end":{"line":111,"column":null}},"15":{"start":{"line":123,"column":13},"end":{"line":145,"column":null}},"16":{"start":{"line":127,"column":21},"end":{"line":127,"column":null}},"17":{"start":{"line":129,"column":19},"end":{"line":136,"column":null}},"18":{"start":{"line":138,"column":2},"end":{"line":144,"column":null}}},"fnMap":{"0":{"name":"(anonymous_0)","decl":{"start":{"line":43,"column":13},"end":{"line":43,"column":25}},"loc":{"start":{"line":43,"column":74},"end":{"line":68,"column":null}},"line":43},"1":{"name":"(anonymous_1)","decl":{"start":{"line":82,"column":13},"end":{"line":82,"column":null}},"loc":{"start":{"line":85,"column":26},"end":{"line":90,"column":null}},"line":85},"2":{"name":"(anonymous_2)","decl":{"start":{"line":105,"column":13},"end":{"line":105,"column":null}},"loc":{"start":{"line":108,"column":12},"end":{"line":112,"column":null}},"line":108},"3":{"name":"(anonymous_3)","decl":{"start":{"line":109,"column":34},"end":{"line":109,"column":39}},"loc":{"start":{"line":109,"column":53},"end":{"line":109,"column":71}},"line":109},"4":{"name":"(anonymous_4)","decl":{"start":{"line":123,"column":13},"end":{"line":123,"column":null}},"loc":{"start":{"line":126,"column":21},"end":{"line":145,"column":null}},"line":126}},"branchMap":{"0":{"loc":{"start":{"line":54,"column":4},"end":{"line":60,"column":null}},"type":"cond-expr","locations":[{"start":{"line":55,"column":8},"end":{"line":55,"column":null}},{"start":{"line":56,"column":8},"end":{"line":60,"column":null}}],"line":54},"1":{"loc":{"start":{"line":56,"column":8},"end":{"line":60,"column":null}},"type":"cond-expr","locations":[{"start":{"line":57,"column":10},"end":{"line":57,"column":null}},{"start":{"line":58,"column":10},"end":{"line":60,"column":null}}],"line":56},"2":{"loc":{"start":{"line":58,"column":10},"end":{"line":60,"column":null}},"type":"cond-expr","locations":[{"start":{"line":59,"column":12},"end":{"line":59,"column":null}},{"start":{"line":60,"column":12},"end":{"line":60,"column":null}}],"line":58},"3":{"loc":{"start":{"line":86,"column":2},"end":{"line":88,"column":null}},"type":"if","locations":[{"start":{"line":86,"column":2},"end":{"line":88,"column":null}},{"start":{},"end":{}}],"line":86},"4":{"loc":{"start":{"line":111,"column":9},"end":{"line":111,"column":null}},"type":"cond-expr","locations":[{"start":{"line":111,"column":23},"end":{"line":111,"column":36}},{"start":{"line":111,"column":40},"end":{"line":111,"column":null}}],"line":111}},"s":{"0":2,"1":2,"2":18,"3":18,"4":18,"5":2,"6":4,"7":1,"8":3,"9":2,"10":2,"11":16,"12":46,"13":16,"14":16,"15":2,"16":13,"17":13,"18":13},"f":{"0":18,"1":4,"2":16,"3":46,"4":13},"b":{"0":[3,15],"1":[3,12],"2":[2,10],"3":[1,3],"4":[1,15]},"meta":{"lastBranch":5,"lastFunction":5,"lastStatement":19,"seen":{"s:21:16:21:Infinity":0,"s:43:13:68:Infinity":1,"f:43:13:43:25":0,"s:44:19:51:Infinity":2,"s:54:4:60:Infinity":3,"b:55:8:55:Infinity:56:8:60:Infinity":0,"b:57:10:57:Infinity:58:10:60:Infinity":1,"b:59:12:59:Infinity:60:12:60:Infinity":2,"s:62:2:67:Infinity":4,"s:82:13:90:Infinity":5,"f:82:13:82:Infinity":1,"b:86:2:88:Infinity:undefined:undefined:undefined:undefined":3,"s:86:2:88:Infinity":6,"s:87:4:87:Infinity":7,"s:89:2:89:Infinity":8,"s:93:65:96:Infinity":9,"s:105:13:112:Infinity":10,"f:105:13:105:Infinity":2,"s:109:16:109:Infinity":11,"f:109:34:109:39":3,"s:109:53:109:71":12,"s:110:33:110:Infinity":13,"s:111:2:111:Infinity":14,"b:111:23:111:36:111:40:111:Infinity":4,"s:123:13:145:Infinity":15,"f:123:13:123:Infinity":4,"s:127:21:127:Infinity":16,"s:129:19:136:Infinity":17,"s:138:2:144:Infinity":18},"fnNames":{}}}
,"/home/user/vibe-cast/src/domain/response/derivation.ts": {"path":"/home/user/vibe-cast/src/domain/response/derivation.ts","statementMap":{"0":{"start":{"line":42,"column":13},"end":{"line":47,"column":null}},"1":{"start":{"line":47,"column":18},"end":{"line":47,"column":null}},"2":{"start":{"line":50,"column":13},"end":{"line":51,"column":null}},"3":{"start":{"line":51,"column":2},"end":{"line":51,"column":null}},"4":{"start":{"line":60,"column":13},"end":{"line":61,"column":null}},"5":{"start":{"line":61,"column":2},"end":{"line":61,"column":null}},"6":{"start":{"line":81,"column":13},"end":{"line":123,"column":null}},"7":{"start":{"line":92,"column":4},"end":{"line":92,"column":null}},"8":{"start":{"line":93,"column":12},"end":{"line":93,"column":null}},"9":{"start":{"line":95,"column":2},"end":{"line":103,"column":null}},"10":{"start":{"line":96,"column":4},"end":{"line":102,"column":null}},"11":{"start":{"line":105,"column":2},"end":{"line":114,"column":null}},"12":{"start":{"line":106,"column":25},"end":{"line":106,"column":null}},"13":{"start":{"line":107,"column":4},"end":{"line":113,"column":null}},"14":{"start":{"line":116,"column":2},"end":{"line":122,"column":null}}},"fnMap":{"0":{"name":"(anonymous_0)","decl":{"start":{"line":42,"column":13},"end":{"line":42,"column":null}},"loc":{"start":{"line":47,"column":18},"end":{"line":47,"column":null}},"line":47},"1":{"name":"(anonymous_1)","decl":{"start":{"line":50,"column":13},"end":{"line":50,"column":35}},"loc":{"start":{"line":51,"column":2},"end":{"line":51,"column":null}},"line":51},"2":{"name":"(anonymous_2)","decl":{"start":{"line":60,"column":13},"end":{"line":60,"column":28}},"loc":{"start":{"line":61,"column":2},"end":{"line":61,"column":null}},"line":61},"3":{"name":"(anonymous_3)","decl":{"start":{"line":81,"column":13},"end":{"line":81,"column":32}},"loc":{"start":{"line":90,"column":23},"end":{"line":123,"column":null}},"line":90}},"branchMap":{"0":{"loc":{"start":{"line":61,"column":2},"end":{"line":61,"column":null}},"type":"cond-expr","locations":[{"start":{"line":61,"column":20},"end":{"line":61,"column":32}},{"start":{"line":61,"column":32},"end":{"line":61,"column":null}}],"line":61},"1":{"loc":{"start":{"line":92,"column":4},"end":{"line":92,"column":null}},"type":"binary-expr","locations":[{"start":{"line":92,"column":4},"end":{"line":92,"column":25}},{"start":{"line":92,"column":25},"end":{"line":92,"column":null}}],"line":92},"2":{"loc":{"start":{"line":95,"column":2},"end":{"line":103,"column":null}},"type":"if","locations":[{"start":{"line":95,"column":2},"end":{"line":103,"column":null}},{"start":{},"end":{}}],"line":95},"3":{"loc":{"start":{"line":95,"column":6},"end":{"line":95,"column":70}},"type":"binary-expr","locations":[{"start":{"line":95,"column":6},"end":{"line":95,"column":38}},{"start":{"line":95,"column":38},"end":{"line":95,"column":70}}],"line":95},"4":{"loc":{"start":{"line":105,"column":2},"end":{"line":114,"column":null}},"type":"if","locations":[{"start":{"line":105,"column":2},"end":{"line":114,"column":null}},{"start":{},"end":{}}],"line":105},"5":{"loc":{"start":{"line":108,"column":13},"end":{"line":108,"column":null}},"type":"cond-expr","locations":[{"start":{"line":108,"column":28},"end":{"line":108,"column":32}},{"start":{"line":108,"column":32},"end":{"line":108,"column":null}}],"line":108},"6":{"loc":{"start":{"line":110,"column":15},"end":{"line":110,"column":null}},"type":"cond-expr","locations":[{"start":{"line":110,"column":30},"end":{"line":110,"column":49}},{"start":{"line":110,"column":49},"end":{"line":110,"column":null}}],"line":110}},"s":{"0":4,"1":60,"2":4,"3":1,"4":4,"5":117,"6":4,"7":37,"8":37,"9":37,"10":7,"11":30,"12":9,"13":9,"14":21},"f":{"0":60,"1":1,"2":117,"3":37},"b":{"0":[14,103],"1":[37,36],"2":[7,30],"3":[37,34],"4":[9,21],"5":[5,4],"6":[5,4]},"meta":{"lastBranch":7,"lastFunction":4,"lastStatement":15,"seen":{"s:42:13:47:Infinity":0,"f:42:13:42:Infinity":0,"s:47:18:47:Infinity":1,"s:50:13:51:Infinity":2,"f:50:13:50:35":1,"s:51:2:51:Infinity":3,"s:60:13:61:Infinity":4,"f:60:13:60:28":2,"s:61:2:61:Infinity":5,"b:61:20:61:32:61:32:61:Infinity":0,"s:81:13:123:Infinity":6,"f:81:13:81:32":3,"s:92:4:92:Infinity":7,"b:92:4:92:25:92:25:92:Infinity":1,"s:93:12:93:Infinity":8,"b:95:2:103:Infinity:undefined:undefined:undefined:undefined":2,"s:95:2:103:Infinity":9,"b:95:6:95:38:95:38:95:70":3,"s:96:4:102:Infinity":10,"b:105:2:114:Infinity:undefined:undefined:undefined:undefined":4,"s:105:2:114:Infinity":11,"s:106:25:106:Infinity":12,"s:107:4:113:Infinity":13,"b:108:28:108:32:108:32:108:Infinity":5,"b:110:30:110:49:110:49:110:Infinity":6,"s:116:2:122:Infinity":14},"fnNames":{}}}
,"/home/user/vibe-cast/src/domain/response/ration-coverage.ts": {"path":"/home/user/vibe-cast/src/domain/response/ration-coverage.ts","statementMap":{"0":{"start":{"line":29,"column":13},"end":{"line":36,"column":null}},"1":{"start":{"line":30,"column":2},"end":{"line":34,"column":null}},"2":{"start":{"line":31,"column":4},"end":{"line":33,"column":null}},"3":{"start":{"line":35,"column":2},"end":{"line":35,"column":null}},"4":{"start":{"line":44,"column":42},"end":{"line":44,"column":null}},"5":{"start":{"line":65,"column":16},"end":{"line":65,"column":null}},"6":{"start":{"line":74,"column":13},"end":{"line":117,"column":null}},"7":{"start":{"line":79,"column":20},"end":{"line":79,"column":null}},"8":{"start":{"line":80,"column":17},"end":{"line":80,"column":null}},"9":{"start":{"line":83,"column":4},"end":{"line":83,"column":null}},"10":{"start":{"line":84,"column":12},"end":{"line":89,"column":null}},"11":{"start":{"line":91,"column":2},"end":{"line":93,"column":null}},"12":{"start":{"line":92,"column":4},"end":{"line":92,"column":null}},"13":{"start":{"line":95,"column":23},"end":{"line":95,"column":null}},"14":{"start":{"line":97,"column":2},"end":{"line":107,"column":null}},"15":{"start":{"line":100,"column":4},"end":{"line":106,"column":null}},"16":{"start":{"line":109,"column":15},"end":{"line":109,"column":null}},"17":{"start":{"line":110,"column":2},"end":{"line":116,"column":null}}},"fnMap":{"0":{"name":"(anonymous_0)","decl":{"start":{"line":29,"column":13},"end":{"line":29,"column":27}},"loc":{"start":{"line":29,"column":91},"end":{"line":36,"column":null}},"line":29},"1":{"name":"(anonymous_1)","decl":{"start":{"line":74,"column":13},"end":{"line":74,"column":null}},"loc":{"start":{"line":78,"column":21},"end":{"line":117,"column":null}},"line":78}},"branchMap":{"0":{"loc":{"start":{"line":30,"column":2},"end":{"line":34,"column":null}},"type":"if","locations":[{"start":{"line":30,"column":2},"end":{"line":34,"column":null}},{"start":{},"end":{}}],"line":30},"1":{"loc":{"start":{"line":30,"column":6},"end":{"line":30,"column":83}},"type":"binary-expr","locations":[{"start":{"line":30,"column":6},"end":{"line":30,"column":52}},{"start":{"line":30,"column":52},"end":{"line":30,"column":83}}],"line":30},"2":{"loc":{"start":{"line":91,"column":2},"end":{"line":93,"column":null}},"type":"if","locations":[{"start":{"line":91,"column":2},"end":{"line":93,"column":null}},{"start":{},"end":{}}],"line":91},"3":{"loc":{"start":{"line":91,"column":6},"end":{"line":91,"column":55}},"type":"binary-expr","locations":[{"start":{"line":91,"column":6},"end":{"line":91,"column":33}},{"start":{"line":91,"column":33},"end":{"line":91,"column":55}}],"line":91},"4":{"loc":{"start":{"line":97,"column":2},"end":{"line":107,"column":null}},"type":"if","locations":[{"start":{"line":97,"column":2},"end":{"line":107,"column":null}},{"start":{},"end":{}}],"line":97},"5":{"loc":{"start":{"line":112,"column":10},"end":{"line":112,"column":null}},"type":"cond-expr","locations":[{"start":{"line":112,"column":23},"end":{"line":112,"column":37}},{"start":{"line":112,"column":37},"end":{"line":112,"column":null}}],"line":112}},"s":{"0":2,"1":6,"2":2,"3":4,"4":2,"5":2,"6":2,"7":21,"8":21,"9":21,"10":21,"11":21,"12":4,"13":17,"14":17,"15":3,"16":14,"17":14},"f":{"0":6,"1":21},"b":{"0":[2,4],"1":[6,6],"2":[4,17],"3":[21,18],"4":[3,14],"5":[1,13]},"meta":{"lastBranch":6,"lastFunction":2,"lastStatement":18,"seen":{"s:29:13:36:Infinity":0,"f:29:13:29:27":0,"b:30:2:34:Infinity:undefined:undefined:undefined:undefined":0,"s:30:2:34:Infinity":1,"b:30:6:30:52:30:52:30:83":1,"s:31:4:33:Infinity":2,"s:35:2:35:Infinity":3,"s:44:42:44:Infinity":4,"s:65:16:65:Infinity":5,"s:74:13:117:Infinity":6,"f:74:13:74:Infinity":1,"s:79:20:79:Infinity":7,"s:80:17:80:Infinity":8,"s:83:4:83:Infinity":9,"s:84:12:89:Infinity":10,"b:91:2:93:Infinity:undefined:undefined:undefined:undefined":2,"s:91:2:93:Infinity":11,"b:91:6:91:33:91:33:91:55":3,"s:92:4:92:Infinity":12,"s:95:23:95:Infinity":13,"b:97:2:107:Infinity:undefined:undefined:undefined:undefined":4,"s:97:2:107:Infinity":14,"s:100:4:106:Infinity":15,"s:109:15:109:Infinity":16,"s:110:2:116:Infinity":17,"b:112:23:112:37:112:37:112:Infinity":5},"fnNames":{}}}
,"/home/user/vibe-cast/src/domain/response/relief-operation.ts": {"path":"/home/user/vibe-cast/src/domain/response/relief-operation.ts","statementMap":{"0":{"start":{"line":96,"column":13},"end":{"line":111,"column":null}},"1":{"start":{"line":97,"column":15},"end":{"line":97,"column":null}},"2":{"start":{"line":98,"column":19},"end":{"line":98,"column":null}},"3":{"start":{"line":100,"column":2},"end":{"line":108,"column":null}},"4":{"start":{"line":101,"column":20},"end":{"line":101,"column":null}},"5":{"start":{"line":102,"column":4},"end":{"line":102,"column":null}},"6":{"start":{"line":102,"column":24},"end":{"line":102,"column":null}},"7":{"start":{"line":103,"column":16},"end":{"line":103,"column":null}},"8":{"start":{"line":104,"column":4},"end":{"line":104,"column":null}},"9":{"start":{"line":104,"column":23},"end":{"line":104,"column":null}},"10":{"start":{"line":105,"column":4},"end":{"line":105,"column":null}},"11":{"start":{"line":105,"column":23},"end":{"line":105,"column":null}},"12":{"start":{"line":106,"column":4},"end":{"line":106,"column":null}},"13":{"start":{"line":107,"column":4},"end":{"line":107,"column":null}},"14":{"start":{"line":110,"column":2},"end":{"line":110,"column":null}},"15":{"start":{"line":114,"column":6},"end":{"line":144,"column":null}},"16":{"start":{"line":115,"column":18},"end":{"line":118,"column":null}},"17":{"start":{"line":120,"column":2},"end":{"line":130,"column":null}},"18":{"start":{"line":121,"column":4},"end":{"line":129,"column":null}},"19":{"start":{"line":132,"column":2},"end":{"line":132,"column":null}},"20":{"start":{"line":132,"column":50},"end":{"line":132,"column":null}},"21":{"start":{"line":134,"column":2},"end":{"line":143,"column":null}},"22":{"start":{"line":154,"column":6},"end":{"line":179,"column":null}},"23":{"start":{"line":158,"column":2},"end":{"line":158,"column":null}},"24":{"start":{"line":158,"column":28},"end":{"line":158,"column":null}},"25":{"start":{"line":160,"column":22},"end":{"line":163,"column":null}},"26":{"start":{"line":162,"column":23},"end":{"line":162,"column":36}},"27":{"start":{"line":164,"column":19},"end":{"line":164,"column":null}},"28":{"start":{"line":165,"column":17},"end":{"line":165,"column":null}},"29":{"start":{"line":167,"column":2},"end":{"line":167,"column":null}},"30":{"start":{"line":167,"column":81},"end":{"line":167,"column":null}},"31":{"start":{"line":168,"column":2},"end":{"line":168,"column":null}},"32":{"start":{"line":168,"column":26},"end":{"line":168,"column":null}},"33":{"start":{"line":170,"column":2},"end":{"line":178,"column":null}},"34":{"start":{"line":181,"column":13},"end":{"line":209,"column":null}},"35":{"start":{"line":182,"column":44},"end":{"line":185,"column":null}},"36":{"start":{"line":187,"column":2},"end":{"line":208,"column":null}},"37":{"start":{"line":212,"column":13},"end":{"line":214,"column":null}},"38":{"start":{"line":214,"column":33},"end":{"line":214,"column":null}}},"fnMap":{"0":{"name":"(anonymous_0)","decl":{"start":{"line":96,"column":13},"end":{"line":96,"column":34}},"loc":{"start":{"line":96,"column":82},"end":{"line":111,"column":null}},"line":96},"1":{"name":"(anonymous_1)","decl":{"start":{"line":114,"column":6},"end":{"line":114,"column":32}},"loc":{"start":{"line":114,"column":87},"end":{"line":144,"column":null}},"line":114},"2":{"name":"(anonymous_2)","decl":{"start":{"line":154,"column":6},"end":{"line":154,"column":null}},"loc":{"start":{"line":157,"column":35},"end":{"line":179,"column":null}},"line":157},"3":{"name":"(anonymous_3)","decl":{"start":{"line":162,"column":12},"end":{"line":162,"column":17}},"loc":{"start":{"line":162,"column":23},"end":{"line":162,"column":36}},"line":162},"4":{"name":"(anonymous_4)","decl":{"start":{"line":181,"column":13},"end":{"line":181,"column":36}},"loc":{"start":{"line":181,"column":80},"end":{"line":209,"column":null}},"line":181},"5":{"name":"(anonymous_5)","decl":{"start":{"line":212,"column":13},"end":{"line":212,"column":null}},"loc":{"start":{"line":214,"column":33},"end":{"line":214,"column":null}},"line":214}},"branchMap":{"0":{"loc":{"start":{"line":102,"column":4},"end":{"line":102,"column":null}},"type":"if","locations":[{"start":{"line":102,"column":4},"end":{"line":102,"column":null}},{"start":{},"end":{}}],"line":102},"1":{"loc":{"start":{"line":104,"column":4},"end":{"line":104,"column":null}},"type":"if","locations":[{"start":{"line":104,"column":4},"end":{"line":104,"column":null}},{"start":{},"end":{}}],"line":104},"2":{"loc":{"start":{"line":105,"column":4},"end":{"line":105,"column":null}},"type":"if","locations":[{"start":{"line":105,"column":4},"end":{"line":105,"column":null}},{"start":{},"end":{}}],"line":105},"3":{"loc":{"start":{"line":120,"column":2},"end":{"line":130,"column":null}},"type":"if","locations":[{"start":{"line":120,"column":2},"end":{"line":130,"column":null}},{"start":{},"end":{}}],"line":120},"4":{"loc":{"start":{"line":120,"column":6},"end":{"line":120,"column":81}},"type":"binary-expr","locations":[{"start":{"line":120,"column":6},"end":{"line":120,"column":29}},{"start":{"line":120,"column":29},"end":{"line":120,"column":56}},{"start":{"line":120,"column":56},"end":{"line":120,"column":81}}],"line":120},"5":{"loc":{"start":{"line":132,"column":2},"end":{"line":132,"column":null}},"type":"if","locations":[{"start":{"line":132,"column":2},"end":{"line":132,"column":null}},{"start":{},"end":{}}],"line":132},"6":{"loc":{"start":{"line":158,"column":2},"end":{"line":158,"column":null}},"type":"if","locations":[{"start":{"line":158,"column":2},"end":{"line":158,"column":null}},{"start":{},"end":{}}],"line":158},"7":{"loc":{"start":{"line":167,"column":2},"end":{"line":167,"column":null}},"type":"if","locations":[{"start":{"line":167,"column":2},"end":{"line":167,"column":null}},{"start":{},"end":{}}],"line":167},"8":{"loc":{"start":{"line":167,"column":6},"end":{"line":167,"column":81}},"type":"binary-expr","locations":[{"start":{"line":167,"column":6},"end":{"line":167,"column":33}},{"start":{"line":167,"column":33},"end":{"line":167,"column":59}},{"start":{"line":167,"column":59},"end":{"line":167,"column":81}}],"line":167},"9":{"loc":{"start":{"line":168,"column":2},"end":{"line":168,"column":null}},"type":"if","locations":[{"start":{"line":168,"column":2},"end":{"line":168,"column":null}},{"start":{},"end":{}}],"line":168},"10":{"loc":{"start":{"line":206,"column":16},"end":{"line":206,"column":null}},"type":"cond-expr","locations":[{"start":{"line":206,"column":44},"end":{"line":206,"column":53}},{"start":{"line":206,"column":53},"end":{"line":206,"column":null}}],"line":206}},"s":{"0":1,"1":18,"2":18,"3":18,"4":143,"5":143,"6":2,"7":141,"8":141,"9":2,"10":139,"11":73,"12":66,"13":66,"14":18,"15":1,"16":13,"17":13,"18":1,"19":12,"20":11,"21":1,"22":1,"23":13,"24":4,"25":9,"26":37,"27":9,"28":9,"29":9,"30":1,"31":8,"32":7,"33":1,"34":1,"35":13,"36":13,"37":1,"38":1},"f":{"0":18,"1":13,"2":13,"3":37,"4":13,"5":1},"b":{"0":[2,141],"1":[2,139],"2":[73,66],"3":[1,12],"4":[13,12,12],"5":[11,1],"6":[4,9],"7":[1,8],"8":[9,8,8],"9":[7,1],"10":[10,3]},"meta":{"lastBranch":11,"lastFunction":6,"lastStatement":39,"seen":{"s:96:13:111:Infinity":0,"f:96:13:96:34":0,"s:97:15:97:Infinity":1,"s:98:19:98:Infinity":2,"s:100:2:108:Infinity":3,"s:101:20:101:Infinity":4,"b:102:4:102:Infinity:undefined:undefined:undefined:undefined":0,"s:102:4:102:Infinity":5,"s:102:24:102:Infinity":6,"s:103:16:103:Infinity":7,"b:104:4:104:Infinity:undefined:undefined:undefined:undefined":1,"s:104:4:104:Infinity":8,"s:104:23:104:Infinity":9,"b:105:4:105:Infinity:undefined:undefined:undefined:undefined":2,"s:105:4:105:Infinity":10,"s:105:23:105:Infinity":11,"s:106:4:106:Infinity":12,"s:107:4:107:Infinity":13,"s:110:2:110:Infinity":14,"s:114:6:144:Infinity":15,"f:114:6:114:32":1,"s:115:18:118:Infinity":16,"b:120:2:130:Infinity:undefined:undefined:undefined:undefined":3,"s:120:2:130:Infinity":17,"b:120:6:120:29:120:29:120:56:120:56:120:81":4,"s:121:4:129:Infinity":18,"b:132:2:132:Infinity:undefined:undefined:undefined:undefined":5,"s:132:2:132:Infinity":19,"s:132:50:132:Infinity":20,"s:134:2:143:Infinity":21,"s:154:6:179:Infinity":22,"f:154:6:154:Infinity":2,"b:158:2:158:Infinity:undefined:undefined:undefined:undefined":6,"s:158:2:158:Infinity":23,"s:158:28:158:Infinity":24,"s:160:22:163:Infinity":25,"f:162:12:162:17":3,"s:162:23:162:36":26,"s:164:19:164:Infinity":27,"s:165:17:165:Infinity":28,"b:167:2:167:Infinity:undefined:undefined:undefined:undefined":7,"s:167:2:167:Infinity":29,"b:167:6:167:33:167:33:167:59:167:59:167:81":8,"s:167:81:167:Infinity":30,"b:168:2:168:Infinity:undefined:undefined:undefined:undefined":9,"s:168:2:168:Infinity":31,"s:168:26:168:Infinity":32,"s:170:2:178:Infinity":33,"s:181:13:209:Infinity":34,"f:181:13:181:36":4,"s:182:44:185:Infinity":35,"s:187:2:208:Infinity":36,"b:206:44:206:53:206:53:206:Infinity":10,"s:212:13:214:Infinity":37,"f:212:13:212:Infinity":5,"s:214:33:214:Infinity":38},"fnNames":{}}}
,"/home/user/vibe-cast/src/domain/situation/derivation.ts": {"path":"/home/user/vibe-cast/src/domain/situation/derivation.ts","statementMap":{"0":{"start":{"line":41,"column":13},"end":{"line":49,"column":null}},"1":{"start":{"line":47,"column":2},"end":{"line":49,"column":null}},"2":{"start":{"line":52,"column":13},"end":{"line":53,"column":null}},"3":{"start":{"line":53,"column":2},"end":{"line":53,"column":null}},"4":{"start":{"line":64,"column":13},"end":{"line":65,"column":null}},"5":{"start":{"line":65,"column":2},"end":{"line":65,"column":null}},"6":{"start":{"line":74,"column":13},"end":{"line":75,"column":null}},"7":{"start":{"line":75,"column":2},"end":{"line":75,"column":null}},"8":{"start":{"line":77,"column":16},"end":{"line":77,"column":null}},"9":{"start":{"line":90,"column":13},"end":{"line":132,"column":null}},"10":{"start":{"line":101,"column":4},"end":{"line":101,"column":null}},"11":{"start":{"line":102,"column":12},"end":{"line":102,"column":null}},"12":{"start":{"line":104,"column":2},"end":{"line":112,"column":null}},"13":{"start":{"line":105,"column":4},"end":{"line":111,"column":null}},"14":{"start":{"line":114,"column":2},"end":{"line":123,"column":null}},"15":{"start":{"line":115,"column":25},"end":{"line":115,"column":null}},"16":{"start":{"line":116,"column":4},"end":{"line":122,"column":null}},"17":{"start":{"line":125,"column":2},"end":{"line":131,"column":null}},"18":{"start":{"line":134,"column":13},"end":{"line":152,"column":null}},"19":{"start":{"line":142,"column":23},"end":{"line":142,"column":null}},"20":{"start":{"line":143,"column":12},"end":{"line":143,"column":null}},"21":{"start":{"line":145,"column":21},"end":{"line":145,"column":null}},"22":{"start":{"line":145,"column":80},"end":{"line":145,"column":95}},"23":{"start":{"line":146,"column":2},"end":{"line":148,"column":null}},"24":{"start":{"line":147,"column":4},"end":{"line":147,"column":null}},"25":{"start":{"line":150,"column":16},"end":{"line":150,"column":null}},"26":{"start":{"line":150,"column":60},"end":{"line":150,"column":81}},"27":{"start":{"line":151,"column":2},"end":{"line":151,"column":null}}},"fnMap":{"0":{"name":"(anonymous_0)","decl":{"start":{"line":41,"column":13},"end":{"line":41,"column":null}},"loc":{"start":{"line":47,"column":2},"end":{"line":49,"column":null}},"line":47},"1":{"name":"(anonymous_1)","decl":{"start":{"line":52,"column":13},"end":{"line":52,"column":35}},"loc":{"start":{"line":53,"column":2},"end":{"line":53,"column":null}},"line":53},"2":{"name":"(anonymous_2)","decl":{"start":{"line":64,"column":13},"end":{"line":64,"column":44}},"loc":{"start":{"line":65,"column":2},"end":{"line":65,"column":null}},"line":65},"3":{"name":"(anonymous_3)","decl":{"start":{"line":74,"column":13},"end":{"line":74,"column":28}},"loc":{"start":{"line":75,"column":2},"end":{"line":75,"column":null}},"line":75},"4":{"name":"(anonymous_4)","decl":{"start":{"line":90,"column":13},"end":{"line":90,"column":32}},"loc":{"start":{"line":99,"column":23},"end":{"line":132,"column":null}},"line":99},"5":{"name":"(anonymous_5)","decl":{"start":{"line":134,"column":13},"end":{"line":134,"column":34}},"loc":{"start":{"line":141,"column":29},"end":{"line":152,"column":null}},"line":141},"6":{"name":"(anonymous_6)","decl":{"start":{"line":145,"column":68},"end":{"line":145,"column":74}},"loc":{"start":{"line":145,"column":80},"end":{"line":145,"column":95}},"line":145},"7":{"name":"(anonymous_7)","decl":{"start":{"line":150,"column":33},"end":{"line":150,"column":49}},"loc":{"start":{"line":150,"column":60},"end":{"line":150,"column":81}},"line":150}},"branchMap":{"0":{"loc":{"start":{"line":47,"column":2},"end":{"line":49,"column":null}},"type":"cond-expr","locations":[{"start":{"line":48,"column":6},"end":{"line":48,"column":null}},{"start":{"line":49,"column":6},"end":{"line":49,"column":null}}],"line":47},"1":{"loc":{"start":{"line":53,"column":51},"end":{"line":53,"column":null}},"type":"cond-expr","locations":[{"start":{"line":53,"column":74},"end":{"line":53,"column":79}},{"start":{"line":53,"column":79},"end":{"line":53,"column":null}}],"line":53},"2":{"loc":{"start":{"line":65,"column":2},"end":{"line":65,"column":null}},"type":"cond-expr","locations":[{"start":{"line":65,"column":15},"end":{"line":65,"column":33}},{"start":{"line":65,"column":33},"end":{"line":65,"column":null}}],"line":65},"3":{"loc":{"start":{"line":75,"column":2},"end":{"line":75,"column":null}},"type":"cond-expr","locations":[{"start":{"line":75,"column":20},"end":{"line":75,"column":32}},{"start":{"line":75,"column":32},"end":{"line":75,"column":null}}],"line":75},"4":{"loc":{"start":{"line":101,"column":4},"end":{"line":101,"column":null}},"type":"binary-expr","locations":[{"start":{"line":101,"column":4},"end":{"line":101,"column":25}},{"start":{"line":101,"column":25},"end":{"line":101,"column":null}}],"line":101},"5":{"loc":{"start":{"line":104,"column":2},"end":{"line":112,"column":null}},"type":"if","locations":[{"start":{"line":104,"column":2},"end":{"line":112,"column":null}},{"start":{},"end":{}}],"line":104},"6":{"loc":{"start":{"line":104,"column":6},"end":{"line":104,"column":70}},"type":"binary-expr","locations":[{"start":{"line":104,"column":6},"end":{"line":104,"column":38}},{"start":{"line":104,"column":38},"end":{"line":104,"column":70}}],"line":104},"7":{"loc":{"start":{"line":114,"column":2},"end":{"line":123,"column":null}},"type":"if","locations":[{"start":{"line":114,"column":2},"end":{"line":123,"column":null}},{"start":{},"end":{}}],"line":114},"8":{"loc":{"start":{"line":117,"column":13},"end":{"line":117,"column":null}},"type":"cond-expr","locations":[{"start":{"line":117,"column":28},"end":{"line":117,"column":32}},{"start":{"line":117,"column":32},"end":{"line":117,"column":null}}],"line":117},"9":{"loc":{"start":{"line":121,"column":15},"end":{"line":121,"column":null}},"type":"cond-expr","locations":[{"start":{"line":121,"column":30},"end":{"line":121,"column":49}},{"start":{"line":121,"column":49},"end":{"line":121,"column":null}}],"line":121},"10":{"loc":{"start":{"line":145,"column":21},"end":{"line":145,"column":null}},"type":"binary-expr","locations":[{"start":{"line":145,"column":21},"end":{"line":145,"column":51}},{"start":{"line":145,"column":51},"end":{"line":145,"column":null}}],"line":145},"11":{"loc":{"start":{"line":146,"column":2},"end":{"line":148,"column":null}},"type":"if","locations":[{"start":{"line":146,"column":2},"end":{"line":148,"column":null}},{"start":{},"end":{}}],"line":146}},"s":{"0":3,"1":89,"2":3,"3":2,"4":3,"5":3,"6":3,"7":100,"8":3,"9":3,"10":35,"11":35,"12":35,"13":3,"14":32,"15":3,"16":3,"17":29,"18":3,"19":11,"20":11,"21":11,"22":18,"23":11,"24":3,"25":8,"26":15,"27":8},"f":{"0":89,"1":2,"2":3,"3":100,"4":35,"5":11,"6":18,"7":15},"b":{"0":[12,77],"1":[1,1],"2":[1,2],"3":[6,94],"4":[35,35],"5":[3,32],"6":[35,33],"7":[3,29],"8":[1,2],"9":[1,2],"10":[11,10],"11":[3,8]},"meta":{"lastBranch":12,"lastFunction":8,"lastStatement":28,"seen":{"s:41:13:49:Infinity":0,"f:41:13:41:Infinity":0,"s:47:2:49:Infinity":1,"b:48:6:48:Infinity:49:6:49:Infinity":0,"s:52:13:53:Infinity":2,"f:52:13:52:35":1,"s:53:2:53:Infinity":3,"b:53:74:53:79:53:79:53:Infinity":1,"s:64:13:65:Infinity":4,"f:64:13:64:44":2,"s:65:2:65:Infinity":5,"b:65:15:65:33:65:33:65:Infinity":2,"s:74:13:75:Infinity":6,"f:74:13:74:28":3,"s:75:2:75:Infinity":7,"b:75:20:75:32:75:32:75:Infinity":3,"s:77:16:77:Infinity":8,"s:90:13:132:Infinity":9,"f:90:13:90:32":4,"s:101:4:101:Infinity":10,"b:101:4:101:25:101:25:101:Infinity":4,"s:102:12:102:Infinity":11,"b:104:2:112:Infinity:undefined:undefined:undefined:undefined":5,"s:104:2:112:Infinity":12,"b:104:6:104:38:104:38:104:70":6,"s:105:4:111:Infinity":13,"b:114:2:123:Infinity:undefined:undefined:undefined:undefined":7,"s:114:2:123:Infinity":14,"s:115:25:115:Infinity":15,"s:116:4:122:Infinity":16,"b:117:28:117:32:117:32:117:Infinity":8,"b:121:30:121:49:121:49:121:Infinity":9,"s:125:2:131:Infinity":17,"s:134:13:152:Infinity":18,"f:134:13:134:34":5,"s:142:23:142:Infinity":19,"s:143:12:143:Infinity":20,"s:145:21:145:Infinity":21,"b:145:21:145:51:145:51:145:Infinity":10,"f:145:68:145:74":6,"s:145:80:145:95":22,"b:146:2:148:Infinity:undefined:undefined:undefined:undefined":11,"s:146:2:148:Infinity":23,"s:147:4:147:Infinity":24,"s:150:16:150:Infinity":25,"f:150:33:150:49":7,"s:150:60:150:81":26,"s:151:2:151:Infinity":27},"fnNames":{}}}
,"/home/user/vibe-cast/src/domain/situation/district-situation.ts": {"path":"/home/user/vibe-cast/src/domain/situation/district-situation.ts","statementMap":{"0":{"start":{"line":100,"column":6},"end":{"line":132,"column":null}},"1":{"start":{"line":103,"column":21},"end":{"line":107,"column":null}},"2":{"start":{"line":109,"column":2},"end":{"line":119,"column":null}},"3":{"start":{"line":110,"column":4},"end":{"line":118,"column":null}},"4":{"start":{"line":121,"column":2},"end":{"line":121,"column":null}},"5":{"start":{"line":121,"column":57},"end":{"line":121,"column":null}},"6":{"start":{"line":123,"column":2},"end":{"line":131,"column":null}},"7":{"start":{"line":143,"column":6},"end":{"line":184,"column":null}},"8":{"start":{"line":151,"column":2},"end":{"line":151,"column":null}},"9":{"start":{"line":151,"column":34},"end":{"line":151,"column":null}},"10":{"start":{"line":153,"column":18},"end":{"line":153,"column":null}},"11":{"start":{"line":154,"column":24},"end":{"line":154,"column":null}},"12":{"start":{"line":155,"column":22},"end":{"line":155,"column":null}},"13":{"start":{"line":157,"column":2},"end":{"line":168,"column":null}},"14":{"start":{"line":158,"column":4},"end":{"line":167,"column":null}},"15":{"start":{"line":170,"column":2},"end":{"line":181,"column":null}},"16":{"start":{"line":171,"column":4},"end":{"line":180,"column":null}},"17":{"start":{"line":183,"column":2},"end":{"line":183,"column":null}},"18":{"start":{"line":188,"column":6},"end":{"line":191,"column":null}},"19":{"start":{"line":189,"column":12},"end":{"line":189,"column":null}},"20":{"start":{"line":190,"column":2},"end":{"line":190,"column":null}},"21":{"start":{"line":193,"column":6},"end":{"line":193,"column":null}},"22":{"start":{"line":193,"column":71},"end":{"line":193,"column":null}},"23":{"start":{"line":195,"column":6},"end":{"line":204,"column":null}},"24":{"start":{"line":196,"column":19},"end":{"line":201,"column":null}},"25":{"start":{"line":202,"column":2},"end":{"line":202,"column":null}},"26":{"start":{"line":202,"column":27},"end":{"line":202,"column":null}},"27":{"start":{"line":203,"column":2},"end":{"line":203,"column":null}},"28":{"start":{"line":212,"column":13},"end":{"line":276,"column":null}},"29":{"start":{"line":213,"column":18},"end":{"line":213,"column":null}},"30":{"start":{"line":215,"column":19},"end":{"line":220,"column":null}},"31":{"start":{"line":219,"column":23},"end":{"line":219,"column":41}},"32":{"start":{"line":221,"column":21},"end":{"line":226,"column":null}},"33":{"start":{"line":225,"column":23},"end":{"line":225,"column":43}},"34":{"start":{"line":227,"column":15},"end":{"line":232,"column":null}},"35":{"start":{"line":231,"column":23},"end":{"line":231,"column":42}},"36":{"start":{"line":233,"column":16},"end":{"line":238,"column":null}},"37":{"start":{"line":237,"column":23},"end":{"line":237,"column":36}},"38":{"start":{"line":239,"column":18},"end":{"line":244,"column":null}},"39":{"start":{"line":243,"column":23},"end":{"line":243,"column":36}},"40":{"start":{"line":246,"column":47},"end":{"line":251,"column":null}},"41":{"start":{"line":249,"column":18},"end":{"line":249,"column":31}},"42":{"start":{"line":250,"column":48},"end":{"line":250,"column":63}},"43":{"start":{"line":253,"column":2},"end":{"line":275,"column":null}},"44":{"start":{"line":279,"column":13},"end":{"line":281,"column":null}},"45":{"start":{"line":281,"column":35},"end":{"line":281,"column":null}}},"fnMap":{"0":{"name":"(anonymous_0)","decl":{"start":{"line":100,"column":6},"end":{"line":100,"column":null}},"loc":{"start":{"line":102,"column":38},"end":{"line":132,"column":null}},"line":102},"1":{"name":"(anonymous_1)","decl":{"start":{"line":143,"column":6},"end":{"line":143,"column":null}},"loc":{"start":{"line":148,"column":24},"end":{"line":184,"column":null}},"line":148},"2":{"name":"(anonymous_2)","decl":{"start":{"line":188,"column":6},"end":{"line":188,"column":18}},"loc":{"start":{"line":188,"column":51},"end":{"line":191,"column":null}},"line":188},"3":{"name":"(anonymous_3)","decl":{"start":{"line":193,"column":6},"end":{"line":193,"column":18}},"loc":{"start":{"line":193,"column":71},"end":{"line":193,"column":null}},"line":193},"4":{"name":"(anonymous_4)","decl":{"start":{"line":195,"column":6},"end":{"line":195,"column":20}},"loc":{"start":{"line":195,"column":65},"end":{"line":204,"column":null}},"line":195},"5":{"name":"(anonymous_5)","decl":{"start":{"line":212,"column":13},"end":{"line":212,"column":38}},"loc":{"start":{"line":212,"column":84},"end":{"line":276,"column":null}},"line":212},"6":{"name":"(anonymous_6)","decl":{"start":{"line":219,"column":12},"end":{"line":219,"column":17}},"loc":{"start":{"line":219,"column":23},"end":{"line":219,"column":41}},"line":219},"7":{"name":"(anonymous_7)","decl":{"start":{"line":225,"column":12},"end":{"line":225,"column":17}},"loc":{"start":{"line":225,"column":23},"end":{"line":225,"column":43}},"line":225},"8":{"name":"(anonymous_8)","decl":{"start":{"line":231,"column":12},"end":{"line":231,"column":17}},"loc":{"start":{"line":231,"column":23},"end":{"line":231,"column":42}},"line":231},"9":{"name":"(anonymous_9)","decl":{"start":{"line":237,"column":12},"end":{"line":237,"column":17}},"loc":{"start":{"line":237,"column":23},"end":{"line":237,"column":36}},"line":237},"10":{"name":"(anonymous_10)","decl":{"start":{"line":243,"column":12},"end":{"line":243,"column":17}},"loc":{"start":{"line":243,"column":23},"end":{"line":243,"column":36}},"line":243},"11":{"name":"(anonymous_11)","decl":{"start":{"line":249,"column":7},"end":{"line":249,"column":12}},"loc":{"start":{"line":249,"column":18},"end":{"line":249,"column":31}},"line":249},"12":{"name":"(anonymous_12)","decl":{"start":{"line":250,"column":7},"end":{"line":250,"column":15}},"loc":{"start":{"line":250,"column":48},"end":{"line":250,"column":63}},"line":250},"13":{"name":"(anonymous_13)","decl":{"start":{"line":279,"column":13},"end":{"line":279,"column":null}},"loc":{"start":{"line":281,"column":35},"end":{"line":281,"column":null}},"line":281}},"branchMap":{"0":{"loc":{"start":{"line":109,"column":2},"end":{"line":119,"column":null}},"type":"if","locations":[{"start":{"line":109,"column":2},"end":{"line":119,"column":null}},{"start":{},"end":{}}],"line":109},"1":{"loc":{"start":{"line":109,"column":6},"end":{"line":109,"column":90}},"type":"binary-expr","locations":[{"start":{"line":109,"column":6},"end":{"line":109,"column":32}},{"start":{"line":109,"column":32},"end":{"line":109,"column":62}},{"start":{"line":109,"column":62},"end":{"line":109,"column":90}}],"line":109},"2":{"loc":{"start":{"line":121,"column":2},"end":{"line":121,"column":null}},"type":"if","locations":[{"start":{"line":121,"column":2},"end":{"line":121,"column":null}},{"start":{},"end":{}}],"line":121},"3":{"loc":{"start":{"line":151,"column":2},"end":{"line":151,"column":null}},"type":"if","locations":[{"start":{"line":151,"column":2},"end":{"line":151,"column":null}},{"start":{},"end":{}}],"line":151},"4":{"loc":{"start":{"line":157,"column":2},"end":{"line":168,"column":null}},"type":"if","locations":[{"start":{"line":157,"column":2},"end":{"line":168,"column":null}},{"start":{},"end":{}}],"line":157},"5":{"loc":{"start":{"line":157,"column":6},"end":{"line":157,"column":87}},"type":"binary-expr","locations":[{"start":{"line":157,"column":6},"end":{"line":157,"column":29}},{"start":{"line":157,"column":29},"end":{"line":157,"column":60}},{"start":{"line":157,"column":60},"end":{"line":157,"column":87}}],"line":157},"6":{"loc":{"start":{"line":170,"column":2},"end":{"line":181,"column":null}},"type":"if","locations":[{"start":{"line":170,"column":2},"end":{"line":181,"column":null}},{"start":{},"end":{}}],"line":170},"7":{"loc":{"start":{"line":190,"column":9},"end":{"line":190,"column":null}},"type":"binary-expr","locations":[{"start":{"line":190,"column":9},"end":{"line":190,"column":28}},{"start":{"line":190,"column":28},"end":{"line":190,"column":null}}],"line":190},"8":{"loc":{"start":{"line":202,"column":2},"end":{"line":202,"column":null}},"type":"if","locations":[{"start":{"line":202,"column":2},"end":{"line":202,"column":null}},{"start":{},"end":{}}],"line":202},"9":{"loc":{"start":{"line":203,"column":9},"end":{"line":203,"column":null}},"type":"cond-expr","locations":[{"start":{"line":203,"column":35},"end":{"line":203,"column":48}},{"start":{"line":203,"column":48},"end":{"line":203,"column":null}}],"line":203},"10":{"loc":{"start":{"line":273,"column":16},"end":{"line":273,"column":null}},"type":"cond-expr","locations":[{"start":{"line":273,"column":44},"end":{"line":273,"column":53}},{"start":{"line":273,"column":53},"end":{"line":273,"column":null}}],"line":273}},"s":{"0":1,"1":22,"2":22,"3":3,"4":19,"5":16,"6":3,"7":1,"8":110,"9":50,"10":60,"11":60,"12":60,"13":60,"14":2,"15":58,"16":1,"17":57,"18":1,"19":39,"20":39,"21":1,"22":22,"23":1,"24":22,"25":22,"26":1,"27":21,"28":1,"29":22,"30":22,"31":46,"32":22,"33":46,"34":22,"35":46,"36":22,"37":46,"38":22,"39":46,"40":22,"41":110,"42":110,"43":22,"44":1,"45":1},"f":{"0":22,"1":110,"2":39,"3":22,"4":22,"5":22,"6":46,"7":46,"8":46,"9":46,"10":46,"11":110,"12":110,"13":1},"b":{"0":[3,19],"1":[22,20,20],"2":[16,3],"3":[50,60],"4":[2,58],"5":[60,59,58],"6":[1,57],"7":[39,37],"8":[1,21],"9":[16,5],"10":[13,9]},"meta":{"lastBranch":11,"lastFunction":14,"lastStatement":46,"seen":{"s:100:6:132:Infinity":0,"f:100:6:100:Infinity":0,"s:103:21:107:Infinity":1,"b:109:2:119:Infinity:undefined:undefined:undefined:undefined":0,"s:109:2:119:Infinity":2,"b:109:6:109:32:109:32:109:62:109:62:109:90":1,"s:110:4:118:Infinity":3,"b:121:2:121:Infinity:undefined:undefined:undefined:undefined":2,"s:121:2:121:Infinity":4,"s:121:57:121:Infinity":5,"s:123:2:131:Infinity":6,"s:143:6:184:Infinity":7,"f:143:6:143:Infinity":1,"b:151:2:151:Infinity:undefined:undefined:undefined:undefined":3,"s:151:2:151:Infinity":8,"s:151:34:151:Infinity":9,"s:153:18:153:Infinity":10,"s:154:24:154:Infinity":11,"s:155:22:155:Infinity":12,"b:157:2:168:Infinity:undefined:undefined:undefined:undefined":4,"s:157:2:168:Infinity":13,"b:157:6:157:29:157:29:157:60:157:60:157:87":5,"s:158:4:167:Infinity":14,"b:170:2:181:Infinity:undefined:undefined:undefined:undefined":6,"s:170:2:181:Infinity":15,"s:171:4:180:Infinity":16,"s:183:2:183:Infinity":17,"s:188:6:191:Infinity":18,"f:188:6:188:18":2,"s:189:12:189:Infinity":19,"s:190:2:190:Infinity":20,"b:190:9:190:28:190:28:190:Infinity":7,"s:193:6:193:Infinity":21,"f:193:6:193:18":3,"s:193:71:193:Infinity":22,"s:195:6:204:Infinity":23,"f:195:6:195:20":4,"s:196:19:201:Infinity":24,"b:202:2:202:Infinity:undefined:undefined:undefined:undefined":8,"s:202:2:202:Infinity":25,"s:202:27:202:Infinity":26,"s:203:2:203:Infinity":27,"b:203:35:203:48:203:48:203:Infinity":9,"s:212:13:276:Infinity":28,"f:212:13:212:38":5,"s:213:18:213:Infinity":29,"s:215:19:220:Infinity":30,"f:219:12:219:17":6,"s:219:23:219:41":31,"s:221:21:226:Infinity":32,"f:225:12:225:17":7,"s:225:23:225:43":33,"s:227:15:232:Infinity":34,"f:231:12:231:17":8,"s:231:23:231:42":35,"s:233:16:238:Infinity":36,"f:237:12:237:17":9,"s:237:23:237:36":37,"s:239:18:244:Infinity":38,"f:243:12:243:17":10,"s:243:23:243:36":39,"s:246:47:251:Infinity":40,"f:249:7:249:12":11,"s:249:18:249:31":41,"f:250:7:250:15":12,"s:250:48:250:63":42,"s:253:2:275:Infinity":43,"b:273:44:273:53:273:53:273:Infinity":10,"s:279:13:281:Infinity":44,"f:279:13:279:Infinity":13,"s:281:35:281:Infinity":45},"fnNames":{}}}
,"/home/user/vibe-cast/src/domain/situation/ranking.ts": {"path":"/home/user/vibe-cast/src/domain/situation/ranking.ts","statementMap":{"0":{"start":{"line":41,"column":6},"end":{"line":44,"column":null}},"1":{"start":{"line":42,"column":33},"end":{"line":42,"column":null}},"2":{"start":{"line":43,"column":2},"end":{"line":43,"column":null}},"3":{"start":{"line":54,"column":90},"end":{"line":70,"column":null}},"4":{"start":{"line":55,"column":29},"end":{"line":55,"column":null}},"5":{"start":{"line":56,"column":27},"end":{"line":56,"column":null}},"6":{"start":{"line":57,"column":28},"end":{"line":57,"column":null}},"7":{"start":{"line":58,"column":22},"end":{"line":58,"column":null}},"8":{"start":{"line":59,"column":22},"end":{"line":59,"column":null}},"9":{"start":{"line":60,"column":25},"end":{"line":60,"column":null}},"10":{"start":{"line":62,"column":4},"end":{"line":62,"column":null}},"11":{"start":{"line":64,"column":4},"end":{"line":64,"column":null}},"12":{"start":{"line":66,"column":4},"end":{"line":66,"column":null}},"13":{"start":{"line":67,"column":33},"end":{"line":67,"column":null}},"14":{"start":{"line":68,"column":22},"end":{"line":68,"column":null}},"15":{"start":{"line":69,"column":18},"end":{"line":69,"column":null}},"16":{"start":{"line":82,"column":6},"end":{"line":88,"column":null}},"17":{"start":{"line":82,"column":17},"end":{"line":88,"column":null}},"18":{"start":{"line":83,"column":2},"end":{"line":83,"column":null}},"19":{"start":{"line":83,"column":54},"end":{"line":83,"column":null}},"20":{"start":{"line":84,"column":2},"end":{"line":84,"column":null}},"21":{"start":{"line":84,"column":29},"end":{"line":84,"column":null}},"22":{"start":{"line":85,"column":2},"end":{"line":85,"column":null}},"23":{"start":{"line":85,"column":29},"end":{"line":85,"column":null}},"24":{"start":{"line":86,"column":2},"end":{"line":86,"column":null}},"25":{"start":{"line":86,"column":27},"end":{"line":86,"column":null}},"26":{"start":{"line":87,"column":2},"end":{"line":87,"column":null}},"27":{"start":{"line":90,"column":6},"end":{"line":103,"column":null}},"28":{"start":{"line":91,"column":35},"end":{"line":91,"column":null}},"29":{"start":{"line":92,"column":13},"end":{"line":92,"column":null}},"30":{"start":{"line":93,"column":46},"end":{"line":93,"column":null}},"31":{"start":{"line":95,"column":2},"end":{"line":100,"column":null}},"32":{"start":{"line":96,"column":29},"end":{"line":96,"column":null}},"33":{"start":{"line":97,"column":4},"end":{"line":97,"column":null}},"34":{"start":{"line":97,"column":27},"end":{"line":97,"column":null}},"35":{"start":{"line":98,"column":4},"end":{"line":98,"column":null}},"36":{"start":{"line":99,"column":4},"end":{"line":99,"column":null}},"37":{"start":{"line":102,"column":2},"end":{"line":102,"column":null}},"38":{"start":{"line":117,"column":13},"end":{"line":132,"column":null}},"39":{"start":{"line":122,"column":18},"end":{"line":122,"column":null}},"40":{"start":{"line":123,"column":15},"end":{"line":123,"column":null}},"41":{"start":{"line":124,"column":2},"end":{"line":128,"column":null}},"42":{"start":{"line":125,"column":4},"end":{"line":127,"column":null}},"43":{"start":{"line":130,"column":27},"end":{"line":130,"column":null}},"44":{"start":{"line":130,"column":49},"end":{"line":130,"column":90}},"45":{"start":{"line":131,"column":2},"end":{"line":131,"column":null}},"46":{"start":{"line":135,"column":13},"end":{"line":141,"column":null}},"47":{"start":{"line":139,"column":27},"end":{"line":139,"column":null}},"48":{"start":{"line":139,"column":50},"end":{"line":139,"column":91}},"49":{"start":{"line":140,"column":2},"end":{"line":140,"column":null}}},"fnMap":{"0":{"name":"(anonymous_0)","decl":{"start":{"line":41,"column":6},"end":{"line":41,"column":17}},"loc":{"start":{"line":41,"column":65},"end":{"line":44,"column":null}},"line":41},"1":{"name":"(anonymous_1)","decl":{"start":{"line":55,"column":2},"end":{"line":55,"column":23}},"loc":{"start":{"line":55,"column":29},"end":{"line":55,"column":null}},"line":55},"2":{"name":"(anonymous_2)","decl":{"start":{"line":56,"column":2},"end":{"line":56,"column":21}},"loc":{"start":{"line":56,"column":27},"end":{"line":56,"column":null}},"line":56},"3":{"name":"(anonymous_3)","decl":{"start":{"line":57,"column":2},"end":{"line":57,"column":22}},"loc":{"start":{"line":57,"column":28},"end":{"line":57,"column":null}},"line":57},"4":{"name":"(anonymous_4)","decl":{"start":{"line":58,"column":2},"end":{"line":58,"column":16}},"loc":{"start":{"line":58,"column":22},"end":{"line":58,"column":null}},"line":58},"5":{"name":"(anonymous_5)","decl":{"start":{"line":59,"column":2},"end":{"line":59,"column":16}},"loc":{"start":{"line":59,"column":22},"end":{"line":59,"column":null}},"line":59},"6":{"name":"(anonymous_6)","decl":{"start":{"line":60,"column":2},"end":{"line":60,"column":19}},"loc":{"start":{"line":60,"column":25},"end":{"line":60,"column":null}},"line":60},"7":{"name":"(anonymous_7)","decl":{"start":{"line":61,"column":2},"end":{"line":61,"column":20}},"loc":{"start":{"line":62,"column":4},"end":{"line":62,"column":null}},"line":62},"8":{"name":"(anonymous_8)","decl":{"start":{"line":63,"column":2},"end":{"line":63,"column":22}},"loc":{"start":{"line":64,"column":4},"end":{"line":64,"column":null}},"line":64},"9":{"name":"(anonymous_9)","decl":{"start":{"line":65,"column":2},"end":{"line":65,"column":31}},"loc":{"start":{"line":66,"column":4},"end":{"line":66,"column":null}},"line":66},"10":{"name":"(anonymous_10)","decl":{"start":{"line":67,"column":2},"end":{"line":67,"column":27}},"loc":{"start":{"line":67,"column":33},"end":{"line":67,"column":null}},"line":67},"11":{"name":"(anonymous_11)","decl":{"start":{"line":68,"column":2},"end":{"line":68,"column":16}},"loc":{"start":{"line":68,"column":22},"end":{"line":68,"column":null}},"line":68},"12":{"name":"(anonymous_12)","decl":{"start":{"line":69,"column":2},"end":{"line":69,"column":12}},"loc":{"start":{"line":69,"column":18},"end":{"line":69,"column":null}},"line":69},"13":{"name":"(anonymous_13)","decl":{"start":{"line":82,"column":6},"end":{"line":82,"column":17}},"loc":{"start":{"line":82,"column":17},"end":{"line":88,"column":null}},"line":82},"14":{"name":"(anonymous_14)","decl":{"start":{"line":82,"column":17},"end":{"line":82,"column":39}},"loc":{"start":{"line":82,"column":72},"end":{"line":88,"column":null}},"line":82},"15":{"name":"(anonymous_15)","decl":{"start":{"line":90,"column":6},"end":{"line":90,"column":30}},"loc":{"start":{"line":90,"column":97},"end":{"line":103,"column":null}},"line":90},"16":{"name":"(anonymous_16)","decl":{"start":{"line":95,"column":9},"end":{"line":95,"column":18}},"loc":{"start":{"line":95,"column":35},"end":{"line":100,"column":3}},"line":95},"17":{"name":"(anonymous_17)","decl":{"start":{"line":117,"column":13},"end":{"line":117,"column":null}},"loc":{"start":{"line":121,"column":32},"end":{"line":132,"column":null}},"line":121},"18":{"name":"(anonymous_18)","decl":{"start":{"line":130,"column":37},"end":{"line":130,"column":42}},"loc":{"start":{"line":130,"column":49},"end":{"line":130,"column":90}},"line":130},"19":{"name":"(anonymous_19)","decl":{"start":{"line":135,"column":13},"end":{"line":135,"column":null}},"loc":{"start":{"line":138,"column":32},"end":{"line":141,"column":null}},"line":138},"20":{"name":"(anonymous_20)","decl":{"start":{"line":139,"column":38},"end":{"line":139,"column":43}},"loc":{"start":{"line":139,"column":50},"end":{"line":139,"column":91}},"line":139}},"branchMap":{"0":{"loc":{"start":{"line":43,"column":9},"end":{"line":43,"column":null}},"type":"cond-expr","locations":[{"start":{"line":43,"column":23},"end":{"line":43,"column":35}},{"start":{"line":43,"column":35},"end":{"line":43,"column":null}}],"line":43},"1":{"loc":{"start":{"line":83,"column":2},"end":{"line":83,"column":null}},"type":"if","locations":[{"start":{"line":83,"column":2},"end":{"line":83,"column":null}},{"start":{},"end":{}}],"line":83},"2":{"loc":{"start":{"line":83,"column":6},"end":{"line":83,"column":54}},"type":"binary-expr","locations":[{"start":{"line":83,"column":6},"end":{"line":83,"column":31}},{"start":{"line":83,"column":31},"end":{"line":83,"column":54}}],"line":83},"3":{"loc":{"start":{"line":84,"column":2},"end":{"line":84,"column":null}},"type":"if","locations":[{"start":{"line":84,"column":2},"end":{"line":84,"column":null}},{"start":{},"end":{}}],"line":84},"4":{"loc":{"start":{"line":85,"column":2},"end":{"line":85,"column":null}},"type":"if","locations":[{"start":{"line":85,"column":2},"end":{"line":85,"column":null}},{"start":{},"end":{}}],"line":85},"5":{"loc":{"start":{"line":86,"column":2},"end":{"line":86,"column":null}},"type":"if","locations":[{"start":{"line":86,"column":2},"end":{"line":86,"column":null}},{"start":{},"end":{}}],"line":86},"6":{"loc":{"start":{"line":86,"column":34},"end":{"line":86,"column":null}},"type":"cond-expr","locations":[{"start":{"line":86,"column":53},"end":{"line":86,"column":73}},{"start":{"line":86,"column":73},"end":{"line":86,"column":null}}],"line":86},"7":{"loc":{"start":{"line":96,"column":29},"end":{"line":96,"column":null}},"type":"binary-expr","locations":[{"start":{"line":96,"column":29},"end":{"line":96,"column":42}},{"start":{"line":96,"column":42},"end":{"line":96,"column":null}}],"line":96},"8":{"loc":{"start":{"line":97,"column":4},"end":{"line":97,"column":null}},"type":"if","locations":[{"start":{"line":97,"column":4},"end":{"line":97,"column":null}},{"start":{},"end":{}}],"line":97},"9":{"loc":{"start":{"line":120,"column":2},"end":{"line":120,"column":null}},"type":"default-arg","locations":[{"start":{"line":120,"column":25},"end":{"line":120,"column":null}}],"line":120},"10":{"loc":{"start":{"line":122,"column":18},"end":{"line":122,"column":null}},"type":"binary-expr","locations":[{"start":{"line":122,"column":18},"end":{"line":122,"column":37}},{"start":{"line":122,"column":37},"end":{"line":122,"column":null}}],"line":122},"11":{"loc":{"start":{"line":124,"column":2},"end":{"line":128,"column":null}},"type":"if","locations":[{"start":{"line":124,"column":2},"end":{"line":128,"column":null}},{"start":{},"end":{}}],"line":124},"12":{"loc":{"start":{"line":131,"column":55},"end":{"line":131,"column":78}},"type":"binary-expr","locations":[{"start":{"line":131,"column":55},"end":{"line":131,"column":72}},{"start":{"line":131,"column":72},"end":{"line":131,"column":78}}],"line":131},"13":{"loc":{"start":{"line":137,"column":2},"end":{"line":137,"column":null}},"type":"default-arg","locations":[{"start":{"line":137,"column":21},"end":{"line":137,"column":null}}],"line":137}},"s":{"0":1,"1":7,"2":7,"3":1,"4":22,"5":9,"6":3,"7":1,"8":1,"9":1,"10":2,"11":1,"12":2,"13":2,"14":1,"15":1,"16":1,"17":15,"18":42,"19":1,"20":41,"21":0,"22":41,"23":6,"24":35,"25":28,"26":7,"27":1,"28":15,"29":15,"30":15,"31":15,"32":40,"33":40,"34":32,"35":40,"36":40,"37":15,"38":1,"39":12,"40":12,"41":12,"42":1,"43":11,"44":33,"45":11,"46":1,"47":4,"48":7,"49":4},"f":{"0":7,"1":22,"2":9,"3":3,"4":1,"5":1,"6":1,"7":2,"8":1,"9":2,"10":2,"11":1,"12":1,"13":15,"14":42,"15":15,"16":40,"17":12,"18":33,"19":4,"20":7},"b":{"0":[3,4],"1":[1,41],"2":[42,1],"3":[0,41],"4":[6,35],"5":[28,7],"6":[19,9],"7":[40,26],"8":[32,8],"9":[12],"10":[12,10],"11":[1,11],"12":[11,8],"13":[4]},"meta":{"lastBranch":14,"lastFunction":21,"lastStatement":50,"seen":{"s:41:6:44:Infinity":0,"f:41:6:41:17":0,"s:42:33:42:Infinity":1,"s:43:2:43:Infinity":2,"b:43:23:43:35:43:35:43:Infinity":0,"s:54:90:70:Infinity":3,"f:55:2:55:23":1,"s:55:29:55:Infinity":4,"f:56:2:56:21":2,"s:56:27:56:Infinity":5,"f:57:2:57:22":3,"s:57:28:57:Infinity":6,"f:58:2:58:16":4,"s:58:22:58:Infinity":7,"f:59:2:59:16":5,"s:59:22:59:Infinity":8,"f:60:2:60:19":6,"s:60:25:60:Infinity":9,"f:61:2:61:20":7,"s:62:4:62:Infinity":10,"f:63:2:63:22":8,"s:64:4:64:Infinity":11,"f:65:2:65:31":9,"s:66:4:66:Infinity":12,"f:67:2:67:27":10,"s:67:33:67:Infinity":13,"f:68:2:68:16":11,"s:68:22:68:Infinity":14,"f:69:2:69:12":12,"s:69:18:69:Infinity":15,"s:82:6:88:Infinity":16,"f:82:6:82:17":13,"s:82:17:88:Infinity":17,"f:82:17:82:39":14,"b:83:2:83:Infinity:undefined:undefined:undefined:undefined":1,"s:83:2:83:Infinity":18,"b:83:6:83:31:83:31:83:54":2,"s:83:54:83:Infinity":19,"b:84:2:84:Infinity:undefined:undefined:undefined:undefined":3,"s:84:2:84:Infinity":20,"s:84:29:84:Infinity":21,"b:85:2:85:Infinity:undefined:undefined:undefined:undefined":4,"s:85:2:85:Infinity":22,"s:85:29:85:Infinity":23,"b:86:2:86:Infinity:undefined:undefined:undefined:undefined":5,"s:86:2:86:Infinity":24,"s:86:27:86:Infinity":25,"b:86:53:86:73:86:73:86:Infinity":6,"s:87:2:87:Infinity":26,"s:90:6:103:Infinity":27,"f:90:6:90:30":15,"s:91:35:91:Infinity":28,"s:92:13:92:Infinity":29,"s:93:46:93:Infinity":30,"s:95:2:100:Infinity":31,"f:95:9:95:18":16,"s:96:29:96:Infinity":32,"b:96:29:96:42:96:42:96:Infinity":7,"b:97:4:97:Infinity:undefined:undefined:undefined:undefined":8,"s:97:4:97:Infinity":33,"s:97:27:97:Infinity":34,"s:98:4:98:Infinity":35,"s:99:4:99:Infinity":36,"s:102:2:102:Infinity":37,"s:117:13:132:Infinity":38,"f:117:13:117:Infinity":17,"b:120:25:120:Infinity":9,"s:122:18:122:Infinity":39,"b:122:18:122:37:122:37:122:Infinity":10,"s:123:15:123:Infinity":40,"b:124:2:128:Infinity:undefined:undefined:undefined:undefined":11,"s:124:2:128:Infinity":41,"s:125:4:127:Infinity":42,"s:130:27:130:Infinity":43,"f:130:37:130:42":18,"s:130:49:130:90":44,"s:131:2:131:Infinity":45,"b:131:55:131:72:131:72:131:78":12,"s:135:13:141:Infinity":46,"f:135:13:135:Infinity":19,"b:137:21:137:Infinity":13,"s:139:27:139:Infinity":47,"f:139:38:139:43":20,"s:139:50:139:91":48,"s:140:2:140:Infinity":49},"fnNames":{}}}
,"/home/user/vibe-cast/src/domain/situation/severity-index.ts": {"path":"/home/user/vibe-cast/src/domain/situation/severity-index.ts","statementMap":{"0":{"start":{"line":36,"column":65},"end":{"line":42,"column":null}},"1":{"start":{"line":51,"column":57},"end":{"line":57,"column":null}},"2":{"start":{"line":72,"column":66},"end":{"line":99,"column":null}},"3":{"start":{"line":73,"column":29},"end":{"line":73,"column":null}},"4":{"start":{"line":74,"column":27},"end":{"line":74,"column":null}},"5":{"start":{"line":75,"column":19},"end":{"line":75,"column":null}},"6":{"start":{"line":83,"column":20},"end":{"line":83,"column":null}},"7":{"start":{"line":84,"column":18},"end":{"line":84,"column":null}},"8":{"start":{"line":85,"column":4},"end":{"line":85,"column":null}},"9":{"start":{"line":85,"column":54},"end":{"line":85,"column":null}},"10":{"start":{"line":86,"column":4},"end":{"line":86,"column":null}},"11":{"start":{"line":86,"column":21},"end":{"line":86,"column":null}},"12":{"start":{"line":87,"column":4},"end":{"line":87,"column":null}},"13":{"start":{"line":98,"column":21},"end":{"line":98,"column":null}},"14":{"start":{"line":136,"column":2},"end":{"line":136,"column":null}},"15":{"start":{"line":139,"column":2},"end":{"line":139,"column":null}},"16":{"start":{"line":141,"column":6},"end":{"line":151,"column":null}},"17":{"start":{"line":142,"column":17},"end":{"line":142,"column":null}},"18":{"start":{"line":142,"column":48},"end":{"line":142,"column":58}},"19":{"start":{"line":143,"column":2},"end":{"line":145,"column":null}},"20":{"start":{"line":143,"column":25},"end":{"line":143,"column":53}},"21":{"start":{"line":144,"column":4},"end":{"line":144,"column":null}},"22":{"start":{"line":146,"column":16},"end":{"line":146,"column":null}},"23":{"start":{"line":146,"column":40},"end":{"line":146,"column":47}},"24":{"start":{"line":147,"column":2},"end":{"line":149,"column":null}},"25":{"start":{"line":148,"column":4},"end":{"line":148,"column":null}},"26":{"start":{"line":150,"column":2},"end":{"line":150,"column":null}},"27":{"start":{"line":155,"column":6},"end":{"line":159,"column":null}},"28":{"start":{"line":156,"column":17},"end":{"line":156,"column":null}},"29":{"start":{"line":156,"column":51},"end":{"line":156,"column":88}},"30":{"start":{"line":157,"column":2},"end":{"line":157,"column":null}},"31":{"start":{"line":157,"column":27},"end":{"line":157,"column":null}},"32":{"start":{"line":158,"column":2},"end":{"line":158,"column":null}},"33":{"start":{"line":161,"column":6},"end":{"line":177,"column":null}},"34":{"start":{"line":165,"column":2},"end":{"line":165,"column":null}},"35":{"start":{"line":165,"column":25},"end":{"line":165,"column":null}},"36":{"start":{"line":166,"column":2},"end":{"line":166,"column":null}},"37":{"start":{"line":166,"column":29},"end":{"line":166,"column":null}},"38":{"start":{"line":167,"column":2},"end":{"line":167,"column":null}},"39":{"start":{"line":167,"column":27},"end":{"line":167,"column":null}},"40":{"start":{"line":169,"column":2},"end":{"line":174,"column":null}},"41":{"start":{"line":173,"column":4},"end":{"line":173,"column":null}},"42":{"start":{"line":176,"column":2},"end":{"line":176,"column":null}},"43":{"start":{"line":185,"column":13},"end":{"line":254,"column":null}},"44":{"start":{"line":190,"column":2},"end":{"line":190,"column":null}},"45":{"start":{"line":191,"column":2},"end":{"line":191,"column":null}},"46":{"start":{"line":191,"column":30},"end":{"line":191,"column":null}},"47":{"start":{"line":195,"column":25},"end":{"line":200,"column":null}},"48":{"start":{"line":196,"column":43},"end":{"line":199,"column":5}},"49":{"start":{"line":198,"column":27},"end":{"line":198,"column":48}},"50":{"start":{"line":202,"column":27},"end":{"line":207,"column":null}},"51":{"start":{"line":203,"column":43},"end":{"line":206,"column":5}},"52":{"start":{"line":209,"column":2},"end":{"line":253,"column":null}},"53":{"start":{"line":210,"column":18},"end":{"line":214,"column":null}},"54":{"start":{"line":211,"column":12},"end":{"line":211,"column":null}},"55":{"start":{"line":212,"column":36},"end":{"line":212,"column":null}},"56":{"start":{"line":213,"column":6},"end":{"line":213,"column":null}},"57":{"start":{"line":216,"column":25},"end":{"line":218,"column":null}},"58":{"start":{"line":217,"column":21},"end":{"line":217,"column":51}},"59":{"start":{"line":218,"column":26},"end":{"line":218,"column":42}},"60":{"start":{"line":220,"column":51},"end":{"line":230,"column":null}},"61":{"start":{"line":220,"column":69},"end":{"line":230,"column":6}},"62":{"start":{"line":232,"column":18},"end":{"line":232,"column":null}},"63":{"start":{"line":232,"column":38},"end":{"line":232,"column":68}},"64":{"start":{"line":234,"column":6},"end":{"line":234,"column":null}},"65":{"start":{"line":236,"column":18},"end":{"line":236,"column":null}},"66":{"start":{"line":236,"column":51},"end":{"line":236,"column":73}},"67":{"start":{"line":238,"column":25},"end":{"line":244,"column":null}},"68":{"start":{"line":241,"column":10},"end":{"line":242,"column":null}},"69":{"start":{"line":246,"column":4},"end":{"line":252,"column":null}}},"fnMap":{"0":{"name":"(anonymous_0)","decl":{"start":{"line":73,"column":2},"end":{"line":73,"column":23}},"loc":{"start":{"line":73,"column":29},"end":{"line":73,"column":null}},"line":73},"1":{"name":"(anonymous_1)","decl":{"start":{"line":74,"column":2},"end":{"line":74,"column":21}},"loc":{"start":{"line":74,"column":27},"end":{"line":74,"column":null}},"line":74},"2":{"name":"(anonymous_2)","decl":{"start":{"line":75,"column":2},"end":{"line":75,"column":13}},"loc":{"start":{"line":75,"column":19},"end":{"line":75,"column":null}},"line":75},"3":{"name":"(anonymous_3)","decl":{"start":{"line":82,"column":2},"end":{"line":82,"column":13}},"loc":{"start":{"line":82,"column":19},"end":{"line":88,"column":null}},"line":82},"4":{"name":"(anonymous_4)","decl":{"start":{"line":98,"column":2},"end":{"line":98,"column":15}},"loc":{"start":{"line":98,"column":21},"end":{"line":98,"column":null}},"line":98},"5":{"name":"(anonymous_5)","decl":{"start":{"line":141,"column":6},"end":{"line":141,"column":29}},"loc":{"start":{"line":141,"column":66},"end":{"line":151,"column":null}},"line":141},"6":{"name":"(anonymous_6)","decl":{"start":{"line":142,"column":37},"end":{"line":142,"column":42}},"loc":{"start":{"line":142,"column":48},"end":{"line":142,"column":58}},"line":142},"7":{"name":"(anonymous_7)","decl":{"start":{"line":143,"column":13},"end":{"line":143,"column":19}},"loc":{"start":{"line":143,"column":25},"end":{"line":143,"column":53}},"line":143},"8":{"name":"(anonymous_8)","decl":{"start":{"line":146,"column":23},"end":{"line":146,"column":31}},"loc":{"start":{"line":146,"column":40},"end":{"line":146,"column":47}},"line":146},"9":{"name":"(anonymous_9)","decl":{"start":{"line":155,"column":6},"end":{"line":155,"column":23}},"loc":{"start":{"line":155,"column":74},"end":{"line":159,"column":null}},"line":155},"10":{"name":"(anonymous_10)","decl":{"start":{"line":156,"column":24},"end":{"line":156,"column":32}},"loc":{"start":{"line":156,"column":51},"end":{"line":156,"column":88}},"line":156},"11":{"name":"(anonymous_11)","decl":{"start":{"line":161,"column":6},"end":{"line":161,"column":null}},"loc":{"start":{"line":164,"column":56},"end":{"line":177,"column":null}},"line":164},"12":{"name":"(anonymous_12)","decl":{"start":{"line":185,"column":13},"end":{"line":185,"column":null}},"loc":{"start":{"line":189,"column":34},"end":{"line":254,"column":null}},"line":189},"13":{"name":"(anonymous_13)","decl":{"start":{"line":196,"column":24},"end":{"line":196,"column":29}},"loc":{"start":{"line":196,"column":43},"end":{"line":199,"column":5}},"line":196},"14":{"name":"(anonymous_14)","decl":{"start":{"line":198,"column":16},"end":{"line":198,"column":21}},"loc":{"start":{"line":198,"column":27},"end":{"line":198,"column":48}},"line":198},"15":{"name":"(anonymous_15)","decl":{"start":{"line":203,"column":24},"end":{"line":203,"column":29}},"loc":{"start":{"line":203,"column":43},"end":{"line":206,"column":5}},"line":203},"16":{"name":"(anonymous_16)","decl":{"start":{"line":209,"column":19},"end":{"line":209,"column":24}},"loc":{"start":{"line":209,"column":44},"end":{"line":253,"column":3}},"line":209},"17":{"name":"(anonymous_17)","decl":{"start":{"line":210,"column":38},"end":{"line":210,"column":43}},"loc":{"start":{"line":210,"column":57},"end":{"line":214,"column":5}},"line":210},"18":{"name":"(anonymous_18)","decl":{"start":{"line":217,"column":7},"end":{"line":217,"column":15}},"loc":{"start":{"line":217,"column":21},"end":{"line":217,"column":51}},"line":217},"19":{"name":"(anonymous_19)","decl":{"start":{"line":218,"column":7},"end":{"line":218,"column":15}},"loc":{"start":{"line":218,"column":26},"end":{"line":218,"column":42}},"line":218},"20":{"name":"(anonymous_20)","decl":{"start":{"line":220,"column":57},"end":{"line":220,"column":62}},"loc":{"start":{"line":220,"column":69},"end":{"line":230,"column":6}},"line":220},"21":{"name":"(anonymous_21)","decl":{"start":{"line":232,"column":24},"end":{"line":232,"column":32}},"loc":{"start":{"line":232,"column":38},"end":{"line":232,"column":68}},"line":232},"22":{"name":"(anonymous_22)","decl":{"start":{"line":236,"column":32},"end":{"line":236,"column":40}},"loc":{"start":{"line":236,"column":51},"end":{"line":236,"column":73}},"line":236},"23":{"name":"(anonymous_23)","decl":{"start":{"line":239,"column":7},"end":{"line":239,"column":null}},"loc":{"start":{"line":241,"column":10},"end":{"line":242,"column":null}},"line":241}},"branchMap":{"0":{"loc":{"start":{"line":85,"column":4},"end":{"line":85,"column":null}},"type":"if","locations":[{"start":{"line":85,"column":4},"end":{"line":85,"column":null}},{"start":{},"end":{}}],"line":85},"1":{"loc":{"start":{"line":85,"column":8},"end":{"line":85,"column":54}},"type":"binary-expr","locations":[{"start":{"line":85,"column":8},"end":{"line":85,"column":33}},{"start":{"line":85,"column":33},"end":{"line":85,"column":54}}],"line":85},"2":{"loc":{"start":{"line":86,"column":4},"end":{"line":86,"column":null}},"type":"if","locations":[{"start":{"line":86,"column":4},"end":{"line":86,"column":null}},{"start":{},"end":{}}],"line":86},"3":{"loc":{"start":{"line":86,"column":28},"end":{"line":86,"column":null}},"type":"cond-expr","locations":[{"start":{"line":86,"column":44},"end":{"line":86,"column":48}},{"start":{"line":86,"column":48},"end":{"line":86,"column":null}}],"line":86},"4":{"loc":{"start":{"line":143,"column":2},"end":{"line":145,"column":null}},"type":"if","locations":[{"start":{"line":143,"column":2},"end":{"line":145,"column":null}},{"start":{},"end":{}}],"line":143},"5":{"loc":{"start":{"line":143,"column":25},"end":{"line":143,"column":53}},"type":"binary-expr","locations":[{"start":{"line":143,"column":25},"end":{"line":143,"column":48}},{"start":{"line":143,"column":48},"end":{"line":143,"column":53}}],"line":143},"6":{"loc":{"start":{"line":147,"column":2},"end":{"line":149,"column":null}},"type":"if","locations":[{"start":{"line":147,"column":2},"end":{"line":149,"column":null}},{"start":{},"end":{}}],"line":147},"7":{"loc":{"start":{"line":156,"column":51},"end":{"line":156,"column":88}},"type":"binary-expr","locations":[{"start":{"line":156,"column":51},"end":{"line":156,"column":70}},{"start":{"line":156,"column":70},"end":{"line":156,"column":88}}],"line":156},"8":{"loc":{"start":{"line":157,"column":2},"end":{"line":157,"column":null}},"type":"if","locations":[{"start":{"line":157,"column":2},"end":{"line":157,"column":null}},{"start":{},"end":{}}],"line":157},"9":{"loc":{"start":{"line":165,"column":2},"end":{"line":165,"column":null}},"type":"if","locations":[{"start":{"line":165,"column":2},"end":{"line":165,"column":null}},{"start":{},"end":{}}],"line":165},"10":{"loc":{"start":{"line":166,"column":2},"end":{"line":166,"column":null}},"type":"if","locations":[{"start":{"line":166,"column":2},"end":{"line":166,"column":null}},{"start":{},"end":{}}],"line":166},"11":{"loc":{"start":{"line":167,"column":2},"end":{"line":167,"column":null}},"type":"if","locations":[{"start":{"line":167,"column":2},"end":{"line":167,"column":null}},{"start":{},"end":{}}],"line":167},"12":{"loc":{"start":{"line":169,"column":2},"end":{"line":174,"column":null}},"type":"if","locations":[{"start":{"line":169,"column":2},"end":{"line":174,"column":null}},{"start":{},"end":{}}],"line":169},"13":{"loc":{"start":{"line":173,"column":25},"end":{"line":173,"column":50}},"type":"cond-expr","locations":[{"start":{"line":173,"column":43},"end":{"line":173,"column":47}},{"start":{"line":173,"column":47},"end":{"line":173,"column":50}}],"line":173},"14":{"loc":{"start":{"line":187,"column":2},"end":{"line":187,"column":null}},"type":"default-arg","locations":[{"start":{"line":187,"column":29},"end":{"line":187,"column":null}}],"line":187},"15":{"loc":{"start":{"line":188,"column":2},"end":{"line":188,"column":null}},"type":"default-arg","locations":[{"start":{"line":188,"column":38},"end":{"line":188,"column":null}}],"line":188},"16":{"loc":{"start":{"line":191,"column":2},"end":{"line":191,"column":null}},"type":"if","locations":[{"start":{"line":191,"column":2},"end":{"line":191,"column":null}},{"start":{},"end":{}}],"line":191},"17":{"loc":{"start":{"line":205,"column":20},"end":{"line":205,"column":55}},"type":"binary-expr","locations":[{"start":{"line":205,"column":20},"end":{"line":205,"column":53}},{"start":{"line":205,"column":53},"end":{"line":205,"column":55}}],"line":205},"18":{"loc":{"start":{"line":211,"column":19},"end":{"line":211,"column":54}},"type":"binary-expr","locations":[{"start":{"line":211,"column":19},"end":{"line":211,"column":52}},{"start":{"line":211,"column":52},"end":{"line":211,"column":54}}],"line":211},"19":{"loc":{"start":{"line":226,"column":8},"end":{"line":228,"column":null}},"type":"cond-expr","locations":[{"start":{"line":227,"column":12},"end":{"line":227,"column":null}},{"start":{"line":228,"column":12},"end":{"line":228,"column":null}}],"line":226},"20":{"loc":{"start":{"line":226,"column":8},"end":{"line":226,"column":null}},"type":"binary-expr","locations":[{"start":{"line":226,"column":8},"end":{"line":226,"column":42}},{"start":{"line":226,"column":42},"end":{"line":226,"column":null}}],"line":226},"21":{"loc":{"start":{"line":234,"column":6},"end":{"line":234,"column":null}},"type":"cond-expr","locations":[{"start":{"line":234,"column":20},"end":{"line":234,"column":36}},{"start":{"line":234,"column":36},"end":{"line":234,"column":null}}],"line":234},"22":{"loc":{"start":{"line":234,"column":36},"end":{"line":234,"column":null}},"type":"cond-expr","locations":[{"start":{"line":234,"column":61},"end":{"line":234,"column":74}},{"start":{"line":234,"column":74},"end":{"line":234,"column":null}}],"line":234},"23":{"loc":{"start":{"line":241,"column":29},"end":{"line":241,"column":null}},"type":"cond-expr","locations":[{"start":{"line":241,"column":51},"end":{"line":241,"column":63}},{"start":{"line":241,"column":63},"end":{"line":241,"column":null}}],"line":241}},"s":{"0":1,"1":1,"2":1,"3":16,"4":31,"5":27,"6":39,"7":39,"8":39,"9":2,"10":37,"11":35,"12":2,"13":33,"14":1,"15":1,"16":1,"17":22,"18":110,"19":22,"20":108,"21":1,"22":21,"23":105,"24":21,"25":1,"26":20,"27":1,"28":95,"29":195,"30":95,"31":10,"32":85,"33":1,"34":195,"35":15,"36":180,"37":1,"38":179,"39":0,"40":179,"41":152,"42":27,"43":1,"44":22,"45":22,"46":1,"47":19,"48":95,"49":195,"50":19,"51":95,"52":19,"53":39,"54":195,"55":195,"56":195,"57":39,"58":195,"59":180,"60":39,"61":195,"62":39,"63":195,"64":39,"65":39,"66":195,"67":39,"68":195,"69":39},"f":{"0":16,"1":31,"2":27,"3":39,"4":33,"5":22,"6":110,"7":108,"8":105,"9":95,"10":195,"11":195,"12":22,"13":95,"14":195,"15":95,"16":39,"17":195,"18":195,"19":180,"20":195,"21":195,"22":195,"23":195},"b":{"0":[2,37],"1":[39,38],"2":[35,2],"3":[33,2],"4":[1,21],"5":[108,108],"6":[1,20],"7":[195,180],"8":[10,85],"9":[15,180],"10":[1,179],"11":[0,179],"12":[152,27],"13":[136,16],"14":[22],"15":[22],"16":[1,21],"17":[95,0],"18":[195,0],"19":[15,180],"20":[195,180],"21":[1,38],"22":[34,4],"23":[15,180]},"meta":{"lastBranch":24,"lastFunction":24,"lastStatement":70,"seen":{"s:36:65:42:Infinity":0,"s:51:57:57:Infinity":1,"s:72:66:99:Infinity":2,"f:73:2:73:23":0,"s:73:29:73:Infinity":3,"f:74:2:74:21":1,"s:74:27:74:Infinity":4,"f:75:2:75:13":2,"s:75:19:75:Infinity":5,"f:82:2:82:13":3,"s:83:20:83:Infinity":6,"s:84:18:84:Infinity":7,"b:85:4:85:Infinity:undefined:undefined:undefined:undefined":0,"s:85:4:85:Infinity":8,"b:85:8:85:33:85:33:85:54":1,"s:85:54:85:Infinity":9,"b:86:4:86:Infinity:undefined:undefined:undefined:undefined":2,"s:86:4:86:Infinity":10,"s:86:21:86:Infinity":11,"b:86:44:86:48:86:48:86:Infinity":3,"s:87:4:87:Infinity":12,"f:98:2:98:15":4,"s:98:21:98:Infinity":13,"s:136:2:136:Infinity":14,"s:139:2:139:Infinity":15,"s:141:6:151:Infinity":16,"f:141:6:141:29":5,"s:142:17:142:Infinity":17,"f:142:37:142:42":6,"s:142:48:142:58":18,"b:143:2:145:Infinity:undefined:undefined:undefined:undefined":4,"s:143:2:145:Infinity":19,"f:143:13:143:19":7,"s:143:25:143:53":20,"b:143:25:143:48:143:48:143:53":5,"s:144:4:144:Infinity":21,"s:146:16:146:Infinity":22,"f:146:23:146:31":8,"s:146:40:146:47":23,"b:147:2:149:Infinity:undefined:undefined:undefined:undefined":6,"s:147:2:149:Infinity":24,"s:148:4:148:Infinity":25,"s:150:2:150:Infinity":26,"s:155:6:159:Infinity":27,"f:155:6:155:23":9,"s:156:17:156:Infinity":28,"f:156:24:156:32":10,"s:156:51:156:88":29,"b:156:51:156:70:156:70:156:88":7,"b:157:2:157:Infinity:undefined:undefined:undefined:undefined":8,"s:157:2:157:Infinity":30,"s:157:27:157:Infinity":31,"s:158:2:158:Infinity":32,"s:161:6:177:Infinity":33,"f:161:6:161:Infinity":11,"b:165:2:165:Infinity:undefined:undefined:undefined:undefined":9,"s:165:2:165:Infinity":34,"s:165:25:165:Infinity":35,"b:166:2:166:Infinity:undefined:undefined:undefined:undefined":10,"s:166:2:166:Infinity":36,"s:166:29:166:Infinity":37,"b:167:2:167:Infinity:undefined:undefined:undefined:undefined":11,"s:167:2:167:Infinity":38,"s:167:27:167:Infinity":39,"b:169:2:174:Infinity:undefined:undefined:undefined:undefined":12,"s:169:2:174:Infinity":40,"s:173:4:173:Infinity":41,"b:173:43:173:47:173:47:173:50":13,"s:176:2:176:Infinity":42,"s:185:13:254:Infinity":43,"f:185:13:185:Infinity":12,"b:187:29:187:Infinity":14,"b:188:38:188:Infinity":15,"s:190:2:190:Infinity":44,"b:191:2:191:Infinity:undefined:undefined:undefined:undefined":16,"s:191:2:191:Infinity":45,"s:191:30:191:Infinity":46,"s:195:25:200:Infinity":47,"f:196:24:196:29":13,"s:196:43:199:5":48,"f:198:16:198:21":14,"s:198:27:198:48":49,"s:202:27:207:Infinity":50,"f:203:24:203:29":15,"s:203:43:206:5":51,"b:205:20:205:53:205:53:205:55":17,"s:209:2:253:Infinity":52,"f:209:19:209:24":16,"s:210:18:214:Infinity":53,"f:210:38:210:43":17,"s:211:12:211:Infinity":54,"b:211:19:211:52:211:52:211:54":18,"s:212:36:212:Infinity":55,"s:213:6:213:Infinity":56,"s:216:25:218:Infinity":57,"f:217:7:217:15":18,"s:217:21:217:51":58,"f:218:7:218:15":19,"s:218:26:218:42":59,"s:220:51:230:Infinity":60,"f:220:57:220:62":20,"s:220:69:230:6":61,"b:227:12:227:Infinity:228:12:228:Infinity":19,"b:226:8:226:42:226:42:226:Infinity":20,"s:232:18:232:Infinity":62,"f:232:24:232:32":21,"s:232:38:232:68":63,"s:234:6:234:Infinity":64,"b:234:20:234:36:234:36:234:Infinity":21,"b:234:61:234:74:234:74:234:Infinity":22,"s:236:18:236:Infinity":65,"f:236:32:236:40":22,"s:236:51:236:73":66,"s:238:25:244:Infinity":67,"f:239:7:239:Infinity":23,"s:241:10:242:Infinity":68,"b:241:51:241:63:241:63:241:Infinity":23,"s:246:4:252:Infinity":69},"fnNames":{}}}
,"/home/user/vibe-cast/src/domain/situation/situation-summary.ts": {"path":"/home/user/vibe-cast/src/domain/situation/situation-summary.ts","statementMap":{"0":{"start":{"line":39,"column":16},"end":{"line":39,"column":null}},"1":{"start":{"line":47,"column":6},"end":{"line":51,"column":null}},"2":{"start":{"line":48,"column":2},"end":{"line":48,"column":null}},"3":{"start":{"line":48,"column":26},"end":{"line":48,"column":null}},"4":{"start":{"line":49,"column":33},"end":{"line":49,"column":null}},"5":{"start":{"line":50,"column":2},"end":{"line":50,"column":null}},"6":{"start":{"line":53,"column":6},"end":{"line":57,"column":null}},"7":{"start":{"line":54,"column":2},"end":{"line":54,"column":null}},"8":{"start":{"line":54,"column":26},"end":{"line":54,"column":null}},"9":{"start":{"line":55,"column":33},"end":{"line":55,"column":null}},"10":{"start":{"line":56,"column":2},"end":{"line":56,"column":null}},"11":{"start":{"line":69,"column":13},"end":{"line":70,"column":null}},"12":{"start":{"line":70,"column":2},"end":{"line":70,"column":null}},"13":{"start":{"line":113,"column":6},"end":{"line":117,"column":null}},"14":{"start":{"line":113,"column":83},"end":{"line":117,"column":null}},"15":{"start":{"line":114,"column":46},"end":{"line":114,"column":70}},"16":{"start":{"line":115,"column":51},"end":{"line":115,"column":80}},"17":{"start":{"line":116,"column":42},"end":{"line":116,"column":62}},"18":{"start":{"line":123,"column":13},"end":{"line":207,"column":null}},"19":{"start":{"line":127,"column":30},"end":{"line":127,"column":null}},"20":{"start":{"line":128,"column":17},"end":{"line":128,"column":null}},"21":{"start":{"line":130,"column":38},"end":{"line":144,"column":null}},"22":{"start":{"line":140,"column":57},"end":{"line":140,"column":71}},"23":{"start":{"line":141,"column":56},"end":{"line":141,"column":77}},"24":{"start":{"line":142,"column":61},"end":{"line":142,"column":74}},"25":{"start":{"line":143,"column":61},"end":{"line":143,"column":95}},"26":{"start":{"line":146,"column":19},"end":{"line":146,"column":null}},"27":{"start":{"line":147,"column":18},"end":{"line":147,"column":null}},"28":{"start":{"line":148,"column":25},"end":{"line":148,"column":null}},"29":{"start":{"line":149,"column":16},"end":{"line":149,"column":null}},"30":{"start":{"line":150,"column":21},"end":{"line":150,"column":null}},"31":{"start":{"line":151,"column":16},"end":{"line":151,"column":null}},"32":{"start":{"line":153,"column":43},"end":{"line":198,"column":null}},"33":{"start":{"line":200,"column":2},"end":{"line":206,"column":null}}},"fnMap":{"0":{"name":"(anonymous_0)","decl":{"start":{"line":47,"column":6},"end":{"line":47,"column":19}},"loc":{"start":{"line":47,"column":54},"end":{"line":51,"column":null}},"line":47},"1":{"name":"(anonymous_1)","decl":{"start":{"line":53,"column":6},"end":{"line":53,"column":21}},"loc":{"start":{"line":53,"column":62},"end":{"line":57,"column":null}},"line":53},"2":{"name":"(anonymous_2)","decl":{"start":{"line":69,"column":13},"end":{"line":69,"column":72}},"loc":{"start":{"line":70,"column":2},"end":{"line":70,"column":null}},"line":70},"3":{"name":"(anonymous_3)","decl":{"start":{"line":113,"column":6},"end":{"line":113,"column":29}},"loc":{"start":{"line":113,"column":83},"end":{"line":117,"column":null}},"line":113},"4":{"name":"(anonymous_4)","decl":{"start":{"line":114,"column":35},"end":{"line":114,"column":40}},"loc":{"start":{"line":114,"column":46},"end":{"line":114,"column":70}},"line":114},"5":{"name":"(anonymous_5)","decl":{"start":{"line":115,"column":40},"end":{"line":115,"column":45}},"loc":{"start":{"line":115,"column":51},"end":{"line":115,"column":80}},"line":115},"6":{"name":"(anonymous_6)","decl":{"start":{"line":116,"column":31},"end":{"line":116,"column":36}},"loc":{"start":{"line":116,"column":42},"end":{"line":116,"column":62}},"line":116},"7":{"name":"(anonymous_7)","decl":{"start":{"line":123,"column":13},"end":{"line":123,"column":null}},"loc":{"start":{"line":126,"column":23},"end":{"line":207,"column":null}},"line":126},"8":{"name":"(anonymous_8)","decl":{"start":{"line":140,"column":46},"end":{"line":140,"column":51}},"loc":{"start":{"line":140,"column":57},"end":{"line":140,"column":71}},"line":140},"9":{"name":"(anonymous_9)","decl":{"start":{"line":141,"column":45},"end":{"line":141,"column":50}},"loc":{"start":{"line":141,"column":56},"end":{"line":141,"column":77}},"line":141},"10":{"name":"(anonymous_10)","decl":{"start":{"line":142,"column":50},"end":{"line":142,"column":55}},"loc":{"start":{"line":142,"column":61},"end":{"line":142,"column":74}},"line":142},"11":{"name":"(anonymous_11)","decl":{"start":{"line":143,"column":50},"end":{"line":143,"column":55}},"loc":{"start":{"line":143,"column":61},"end":{"line":143,"column":95}},"line":143}},"branchMap":{"0":{"loc":{"start":{"line":48,"column":2},"end":{"line":48,"column":null}},"type":"if","locations":[{"start":{"line":48,"column":2},"end":{"line":48,"column":null}},{"start":{},"end":{}}],"line":48},"1":{"loc":{"start":{"line":50,"column":9},"end":{"line":50,"column":null}},"type":"cond-expr","locations":[{"start":{"line":50,"column":23},"end":{"line":50,"column":36}},{"start":{"line":50,"column":40},"end":{"line":50,"column":null}}],"line":50},"2":{"loc":{"start":{"line":54,"column":2},"end":{"line":54,"column":null}},"type":"if","locations":[{"start":{"line":54,"column":2},"end":{"line":54,"column":null}},{"start":{},"end":{}}],"line":54},"3":{"loc":{"start":{"line":56,"column":9},"end":{"line":56,"column":null}},"type":"cond-expr","locations":[{"start":{"line":56,"column":23},"end":{"line":56,"column":39}},{"start":{"line":56,"column":43},"end":{"line":56,"column":null}}],"line":56},"4":{"loc":{"start":{"line":125,"column":2},"end":{"line":125,"column":null}},"type":"default-arg","locations":[{"start":{"line":125,"column":28},"end":{"line":125,"column":null}}],"line":125},"5":{"loc":{"start":{"line":127,"column":30},"end":{"line":127,"column":null}},"type":"binary-expr","locations":[{"start":{"line":127,"column":30},"end":{"line":127,"column":61}},{"start":{"line":127,"column":61},"end":{"line":127,"column":null}}],"line":127},"6":{"loc":{"start":{"line":195,"column":19},"end":{"line":195,"column":null}},"type":"cond-expr","locations":[{"start":{"line":195,"column":44},"end":{"line":195,"column":56}},{"start":{"line":195,"column":56},"end":{"line":195,"column":null}}],"line":195}},"s":{"0":1,"1":1,"2":82,"3":6,"4":76,"5":76,"6":1,"7":7,"8":1,"9":6,"10":6,"11":1,"12":40,"13":1,"14":7,"15":48,"16":48,"17":48,"18":1,"19":7,"20":7,"21":7,"22":48,"23":48,"24":48,"25":48,"26":7,"27":7,"28":7,"29":7,"30":7,"31":7,"32":7,"33":7},"f":{"0":82,"1":7,"2":40,"3":7,"4":48,"5":48,"6":48,"7":7,"8":48,"9":48,"10":48,"11":48},"b":{"0":[6,76],"1":[1,75],"2":[1,6],"3":[0,6],"4":[7],"5":[7,6],"6":[0,7]},"meta":{"lastBranch":7,"lastFunction":12,"lastStatement":34,"seen":{"s:39:16:39:Infinity":0,"s:47:6:51:Infinity":1,"f:47:6:47:19":0,"b:48:2:48:Infinity:undefined:undefined:undefined:undefined":0,"s:48:2:48:Infinity":2,"s:48:26:48:Infinity":3,"s:49:33:49:Infinity":4,"s:50:2:50:Infinity":5,"b:50:23:50:36:50:40:50:Infinity":1,"s:53:6:57:Infinity":6,"f:53:6:53:21":1,"b:54:2:54:Infinity:undefined:undefined:undefined:undefined":2,"s:54:2:54:Infinity":7,"s:54:26:54:Infinity":8,"s:55:33:55:Infinity":9,"s:56:2:56:Infinity":10,"b:56:23:56:39:56:43:56:Infinity":3,"s:69:13:70:Infinity":11,"f:69:13:69:72":2,"s:70:2:70:Infinity":12,"s:113:6:117:Infinity":13,"f:113:6:113:29":3,"s:113:83:117:Infinity":14,"f:114:35:114:40":4,"s:114:46:114:70":15,"f:115:40:115:45":5,"s:115:51:115:80":16,"f:116:31:116:36":6,"s:116:42:116:62":17,"s:123:13:207:Infinity":18,"f:123:13:123:Infinity":7,"b:125:28:125:Infinity":4,"s:127:30:127:Infinity":19,"b:127:30:127:61:127:61:127:Infinity":5,"s:128:17:128:Infinity":20,"s:130:38:144:Infinity":21,"f:140:46:140:51":8,"s:140:57:140:71":22,"f:141:45:141:50":9,"s:141:56:141:77":23,"f:142:50:142:55":10,"s:142:61:142:74":24,"f:143:50:143:55":11,"s:143:61:143:95":25,"s:146:19:146:Infinity":26,"s:147:18:147:Infinity":27,"s:148:25:148:Infinity":28,"s:149:16:149:Infinity":29,"s:150:21:150:Infinity":30,"s:151:16:151:Infinity":31,"s:153:43:198:Infinity":32,"b:195:44:195:56:195:56:195:Infinity":6,"s:200:2:206:Infinity":33},"fnNames":{}}}
}
