{"/home/user/vibe-cast/src/domain/scenario/derivation.ts": {"path":"/home/user/vibe-cast/src/domain/scenario/derivation.ts","statementMap":{"0":{"start":{"line":35,"column":13},"end":{"line":35,"column":null}},"1":{"start":{"line":35,"column":46},"end":{"line":35,"column":null}},"2":{"start":{"line":36,"column":13},"end":{"line":36,"column":null}},"3":{"start":{"line":36,"column":40},"end":{"line":36,"column":null}},"4":{"start":{"line":38,"column":13},"end":{"line":42,"column":null}},"5":{"start":{"line":38,"column":66},"end":{"line":42,"column":null}},"6":{"start":{"line":43,"column":13},"end":{"line":43,"column":null}},"7":{"start":{"line":43,"column":60},"end":{"line":43,"column":null}},"8":{"start":{"line":45,"column":13},"end":{"line":45,"column":null}},"9":{"start":{"line":45,"column":46},"end":{"line":45,"column":null}},"10":{"start":{"line":46,"column":13},"end":{"line":46,"column":null}},"11":{"start":{"line":46,"column":40},"end":{"line":46,"column":null}},"12":{"start":{"line":48,"column":13},"end":{"line":52,"column":null}},"13":{"start":{"line":48,"column":68},"end":{"line":52,"column":null}},"14":{"start":{"line":53,"column":13},"end":{"line":53,"column":null}},"15":{"start":{"line":53,"column":62},"end":{"line":53,"column":null}},"16":{"start":{"line":64,"column":28},"end":{"line":64,"column":null}},"17":{"start":{"line":66,"column":6},"end":{"line":66,"column":null}},"18":{"start":{"line":66,"column":42},"end":{"line":66,"column":null}},"19":{"start":{"line":68,"column":6},"end":{"line":68,"column":null}},"20":{"start":{"line":68,"column":55},"end":{"line":68,"column":null}},"21":{"start":{"line":70,"column":13},"end":{"line":75,"column":null}},"22":{"start":{"line":71,"column":2},"end":{"line":71,"column":null}},"23":{"start":{"line":71,"column":18},"end":{"line":71,"column":null}},"24":{"start":{"line":72,"column":18},"end":{"line":72,"column":null}},"25":{"start":{"line":73,"column":15},"end":{"line":73,"column":null}},"26":{"start":{"line":74,"column":2},"end":{"line":74,"column":null}},"27":{"start":{"line":77,"column":13},"end":{"line":84,"column":null}},"28":{"start":{"line":78,"column":2},"end":{"line":78,"column":null}},"29":{"start":{"line":78,"column":18},"end":{"line":78,"column":null}},"30":{"start":{"line":80,"column":16},"end":{"line":80,"column":null}},"31":{"start":{"line":81,"column":15},"end":{"line":81,"column":null}},"32":{"start":{"line":82,"column":28},"end":{"line":82,"column":null}},"33":{"start":{"line":83,"column":2},"end":{"line":83,"column":null}},"34":{"start":{"line":87,"column":13},"end":{"line":88,"column":null}},"35":{"start":{"line":88,"column":2},"end":{"line":88,"column":null}},"36":{"start":{"line":114,"column":13},"end":{"line":118,"column":null}},"37":{"start":{"line":118,"column":18},"end":{"line":118,"column":null}},"38":{"start":{"line":137,"column":13},"end":{"line":141,"column":null}},"39":{"start":{"line":137,"column":87},"end":{"line":141,"column":null}},"40":{"start":{"line":143,"column":13},"end":{"line":146,"column":null}},"41":{"start":{"line":144,"column":2},"end":{"line":146,"column":null}}},"fnMap":{"0":{"name":"(anonymous_0)","decl":{"start":{"line":35,"column":13},"end":{"line":35,"column":21}},"loc":{"start":{"line":35,"column":46},"end":{"line":35,"column":null}},"line":35},"1":{"name":"(anonymous_1)","decl":{"start":{"line":36,"column":13},"end":{"line":36,"column":40}},"loc":{"start":{"line":36,"column":40},"end":{"line":36,"column":null}},"line":36},"2":{"name":"(anonymous_2)","decl":{"start":{"line":38,"column":13},"end":{"line":38,"column":31}},"loc":{"start":{"line":38,"column":66},"end":{"line":42,"column":null}},"line":38},"3":{"name":"(anonymous_3)","decl":{"start":{"line":43,"column":13},"end":{"line":43,"column":60}},"loc":{"start":{"line":43,"column":60},"end":{"line":43,"column":null}},"line":43},"4":{"name":"(anonymous_4)","decl":{"start":{"line":45,"column":13},"end":{"line":45,"column":21}},"loc":{"start":{"line":45,"column":46},"end":{"line":45,"column":null}},"line":45},"5":{"name":"(anonymous_5)","decl":{"start":{"line":46,"column":13},"end":{"line":46,"column":40}},"loc":{"start":{"line":46,"column":40},"end":{"line":46,"column":null}},"line":46},"6":{"name":"(anonymous_6)","decl":{"start":{"line":48,"column":13},"end":{"line":48,"column":32}},"loc":{"start":{"line":48,"column":68},"end":{"line":52,"column":null}},"line":48},"7":{"name":"(anonymous_7)","decl":{"start":{"line":53,"column":13},"end":{"line":53,"column":62}},"loc":{"start":{"line":53,"column":62},"end":{"line":53,"column":null}},"line":53},"8":{"name":"(anonymous_8)","decl":{"start":{"line":66,"column":6},"end":{"line":66,"column":15}},"loc":{"start":{"line":66,"column":42},"end":{"line":66,"column":null}},"line":66},"9":{"name":"(anonymous_9)","decl":{"start":{"line":68,"column":6},"end":{"line":68,"column":16}},"loc":{"start":{"line":68,"column":55},"end":{"line":68,"column":null}},"line":68},"10":{"name":"(anonymous_10)","decl":{"start":{"line":70,"column":13},"end":{"line":70,"column":30}},"loc":{"start":{"line":70,"column":64},"end":{"line":75,"column":null}},"line":70},"11":{"name":"(anonymous_11)","decl":{"start":{"line":77,"column":13},"end":{"line":77,"column":30}},"loc":{"start":{"line":77,"column":76},"end":{"line":84,"column":null}},"line":77},"12":{"name":"(anonymous_12)","decl":{"start":{"line":87,"column":13},"end":{"line":87,"column":30}},"loc":{"start":{"line":88,"column":2},"end":{"line":88,"column":null}},"line":88},"13":{"name":"(anonymous_13)","decl":{"start":{"line":114,"column":13},"end":{"line":114,"column":null}},"loc":{"start":{"line":118,"column":18},"end":{"line":118,"column":null}},"line":118},"14":{"name":"(anonymous_14)","decl":{"start":{"line":137,"column":13},"end":{"line":137,"column":29}},"loc":{"start":{"line":137,"column":87},"end":{"line":141,"column":null}},"line":137},"15":{"name":"(anonymous_15)","decl":{"start":{"line":143,"column":13},"end":{"line":143,"column":28}},"loc":{"start":{"line":144,"column":2},"end":{"line":146,"column":null}},"line":144}},"branchMap":{"0":{"loc":{"start":{"line":68,"column":55},"end":{"line":68,"column":null}},"type":"binary-expr","locations":[{"start":{"line":68,"column":55},"end":{"line":68,"column":80}},{"start":{"line":68,"column":80},"end":{"line":68,"column":null}}],"line":68},"1":{"loc":{"start":{"line":71,"column":2},"end":{"line":71,"column":null}},"type":"if","locations":[{"start":{"line":71,"column":2},"end":{"line":71,"column":null}},{"start":{},"end":{}}],"line":71},"2":{"loc":{"start":{"line":73,"column":15},"end":{"line":73,"column":null}},"type":"cond-expr","locations":[{"start":{"line":73,"column":29},"end":{"line":73,"column":35}},{"start":{"line":73,"column":35},"end":{"line":73,"column":null}}],"line":73},"3":{"loc":{"start":{"line":78,"column":2},"end":{"line":78,"column":null}},"type":"if","locations":[{"start":{"line":78,"column":2},"end":{"line":78,"column":null}},{"start":{},"end":{}}],"line":78},"4":{"loc":{"start":{"line":81,"column":15},"end":{"line":81,"column":null}},"type":"cond-expr","locations":[{"start":{"line":81,"column":27},"end":{"line":81,"column":33}},{"start":{"line":81,"column":33},"end":{"line":81,"column":null}}],"line":81},"5":{"loc":{"start":{"line":83,"column":22},"end":{"line":83,"column":34}},"type":"binary-expr","locations":[{"start":{"line":83,"column":22},"end":{"line":83,"column":31}},{"start":{"line":83,"column":31},"end":{"line":83,"column":34}}],"line":83},"6":{"loc":{"start":{"line":83,"column":39},"end":{"line":83,"column":null}},"type":"cond-expr","locations":[{"start":{"line":83,"column":64},"end":{"line":83,"column":69}},{"start":{"line":83,"column":69},"end":{"line":83,"column":null}}],"line":83},"7":{"loc":{"start":{"line":87,"column":62},"end":{"line":87,"column":null}},"type":"default-arg","locations":[{"start":{"line":87,"column":67},"end":{"line":87,"column":null}}],"line":87},"8":{"loc":{"start":{"line":88,"column":2},"end":{"line":88,"column":null}},"type":"cond-expr","locations":[{"start":{"line":88,"column":23},"end":{"line":88,"column":67}},{"start":{"line":88,"column":67},"end":{"line":88,"column":null}}],"line":88},"9":{"loc":{"start":{"line":144,"column":2},"end":{"line":146,"column":null}},"type":"binary-expr","locations":[{"start":{"line":144,"column":2},"end":{"line":144,"column":null}},{"start":{"line":145,"column":2},"end":{"line":145,"column":null}},{"start":{"line":146,"column":3},"end":{"line":146,"column":null}}],"line":144}},"s":{"0":4,"1":447,"2":4,"3":152,"4":4,"5":449,"6":4,"7":149,"8":4,"9":229,"10":4,"11":70,"12":4,"13":294,"14":4,"15":4,"16":4,"17":4,"18":10420,"19":4,"20":12189,"21":4,"22":6150,"23":31,"24":6119,"25":6119,"26":6150,"27":4,"28":4302,"29":1,"30":4301,"31":4301,"32":4302,"33":4302,"34":4,"35":1737,"36":4,"37":1530,"38":4,"39":1493,"40":4,"41":4},"f":{"0":447,"1":152,"2":449,"3":149,"4":229,"5":70,"6":294,"7":4,"8":10420,"9":12189,"10":6150,"11":4302,"12":1737,"13":1530,"14":1493,"15":4},"b":{"0":[12189,12052],"1":[31,6119],"2":[1,6118],"3":[1,4301],"4":[2,4299],"5":[4302,0],"6":[2062,2239],"7":[1737],"8":[1632,105],"9":[4,3,2]},"meta":{"lastBranch":10,"lastFunction":16,"lastStatement":42,"seen":{"s:35:13:35:Infinity":0,"f:35:13:35:21":0,"s:35:46:35:Infinity":1,"s:36:13:36:Infinity":2,"f:36:13:36:40":1,"s:36:40:36:Infinity":3,"s:38:13:42:Infinity":4,"f:38:13:38:31":2,"s:38:66:42:Infinity":5,"s:43:13:43:Infinity":6,"f:43:13:43:60":3,"s:43:60:43:Infinity":7,"s:45:13:45:Infinity":8,"f:45:13:45:21":4,"s:45:46:45:Infinity":9,"s:46:13:46:Infinity":10,"f:46:13:46:40":5,"s:46:40:46:Infinity":11,"s:48:13:52:Infinity":12,"f:48:13:48:32":6,"s:48:68:52:Infinity":13,"s:53:13:53:Infinity":14,"f:53:13:53:62":7,"s:53:62:53:Infinity":15,"s:64:28:64:Infinity":16,"s:66:6:66:Infinity":17,"f:66:6:66:15":8,"s:66:42:66:Infinity":18,"s:68:6:68:Infinity":19,"f:68:6:68:16":9,"s:68:55:68:Infinity":20,"b:68:55:68:80:68:80:68:Infinity":0,"s:70:13:75:Infinity":21,"f:70:13:70:30":10,"b:71:2:71:Infinity:undefined:undefined:undefined:undefined":1,"s:71:2:71:Infinity":22,"s:71:18:71:Infinity":23,"s:72:18:72:Infinity":24,"s:73:15:73:Infinity":25,"b:73:29:73:35:73:35:73:Infinity":2,"s:74:2:74:Infinity":26,"s:77:13:84:Infinity":27,"f:77:13:77:30":11,"b:78:2:78:Infinity:undefined:undefined:undefined:undefined":3,"s:78:2:78:Infinity":28,"s:78:18:78:Infinity":29,"s:80:16:80:Infinity":30,"s:81:15:81:Infinity":31,"b:81:27:81:33:81:33:81:Infinity":4,"s:82:28:82:Infinity":32,"s:83:2:83:Infinity":33,"b:83:22:83:31:83:31:83:34":5,"b:83:64:83:69:83:69:83:Infinity":6,"s:87:13:88:Infinity":34,"f:87:13:87:30":12,"s:88:2:88:Infinity":35,"b:87:67:87:Infinity":7,"b:88:23:88:67:88:67:88:Infinity":8,"s:114:13:118:Infinity":36,"f:114:13:114:Infinity":13,"s:118:18:118:Infinity":37,"s:137:13:141:Infinity":38,"f:137:13:137:29":14,"s:137:87:141:Infinity":39,"s:143:13:146:Infinity":40,"f:143:13:143:28":15,"s:144:2:146:Infinity":41,"b:144:2:144:Infinity:145:2:145:Infinity:146:3:146:Infinity":9},"fnNames":{}}}
,"/home/user/vibe-cast/src/domain/scenario/failure-point.ts": {"path":"/home/user/vibe-cast/src/domain/scenario/failure-point.ts","statementMap":{"0":{"start":{"line":60,"column":24},"end":{"line":60,"column":null}},"1":{"start":{"line":62,"column":6},"end":{"line":107,"column":null}},"2":{"start":{"line":66,"column":18},"end":{"line":66,"column":null}},"3":{"start":{"line":67,"column":16},"end":{"line":67,"column":null}},"4":{"start":{"line":69,"column":2},"end":{"line":71,"column":null}},"5":{"start":{"line":70,"column":4},"end":{"line":70,"column":null}},"6":{"start":{"line":72,"column":2},"end":{"line":78,"column":null}},"7":{"start":{"line":73,"column":4},"end":{"line":77,"column":null}},"8":{"start":{"line":80,"column":2},"end":{"line":80,"column":null}},"9":{"start":{"line":80,"column":21},"end":{"line":80,"column":null}},"10":{"start":{"line":82,"column":17},"end":{"line":82,"column":null}},"11":{"start":{"line":83,"column":2},"end":{"line":83,"column":null}},"12":{"start":{"line":83,"column":25},"end":{"line":83,"column":null}},"13":{"start":{"line":85,"column":2},"end":{"line":106,"column":null}},"14":{"start":{"line":109,"column":6},"end":{"line":169,"column":null}},"15":{"start":{"line":113,"column":18},"end":{"line":113,"column":null}},"16":{"start":{"line":114,"column":2},"end":{"line":116,"column":null}},"17":{"start":{"line":115,"column":4},"end":{"line":115,"column":null}},"18":{"start":{"line":118,"column":2},"end":{"line":118,"column":null}},"19":{"start":{"line":118,"column":21},"end":{"line":118,"column":null}},"20":{"start":{"line":120,"column":18},"end":{"line":120,"column":null}},"21":{"start":{"line":121,"column":2},"end":{"line":128,"column":null}},"22":{"start":{"line":122,"column":4},"end":{"line":127,"column":null}},"23":{"start":{"line":130,"column":19},"end":{"line":130,"column":null}},"24":{"start":{"line":131,"column":22},"end":{"line":131,"column":null}},"25":{"start":{"line":132,"column":2},"end":{"line":138,"column":null}},"26":{"start":{"line":133,"column":4},"end":{"line":137,"column":null}},"27":{"start":{"line":139,"column":2},"end":{"line":139,"column":null}},"28":{"start":{"line":139,"column":30},"end":{"line":139,"column":null}},"29":{"start":{"line":141,"column":2},"end":{"line":168,"column":null}},"30":{"start":{"line":171,"column":6},"end":{"line":173,"column":null}},"31":{"start":{"line":173,"column":32},"end":{"line":173,"column":null}},"32":{"start":{"line":175,"column":6},"end":{"line":177,"column":null}},"33":{"start":{"line":177,"column":33},"end":{"line":177,"column":null}},"34":{"start":{"line":185,"column":6},"end":{"line":188,"column":null}},"35":{"start":{"line":186,"column":2},"end":{"line":188,"column":null}},"36":{"start":{"line":190,"column":13},"end":{"line":210,"column":null}},"37":{"start":{"line":194,"column":34},"end":{"line":194,"column":null}},"38":{"start":{"line":195,"column":2},"end":{"line":199,"column":null}},"39":{"start":{"line":196,"column":4},"end":{"line":198,"column":null}},"40":{"start":{"line":201,"column":22},"end":{"line":204,"column":null}},"41":{"start":{"line":201,"column":62},"end":{"line":204,"column":3}},"42":{"start":{"line":206,"column":2},"end":{"line":209,"column":null}},"43":{"start":{"line":213,"column":13},"end":{"line":214,"column":null}},"44":{"start":{"line":214,"column":2},"end":{"line":214,"column":null}}},"fnMap":{"0":{"name":"(anonymous_0)","decl":{"start":{"line":62,"column":6},"end":{"line":62,"column":null}},"loc":{"start":{"line":65,"column":47},"end":{"line":107,"column":null}},"line":65},"1":{"name":"(anonymous_1)","decl":{"start":{"line":109,"column":6},"end":{"line":109,"column":null}},"loc":{"start":{"line":112,"column":47},"end":{"line":169,"column":null}},"line":112},"2":{"name":"(anonymous_2)","decl":{"start":{"line":171,"column":6},"end":{"line":171,"column":null}},"loc":{"start":{"line":173,"column":32},"end":{"line":173,"column":null}},"line":173},"3":{"name":"(anonymous_3)","decl":{"start":{"line":175,"column":6},"end":{"line":175,"column":null}},"loc":{"start":{"line":177,"column":33},"end":{"line":177,"column":null}},"line":177},"4":{"name":"(anonymous_4)","decl":{"start":{"line":185,"column":6},"end":{"line":185,"column":19}},"loc":{"start":{"line":186,"column":2},"end":{"line":188,"column":null}},"line":186},"5":{"name":"(anonymous_5)","decl":{"start":{"line":190,"column":13},"end":{"line":190,"column":null}},"loc":{"start":{"line":193,"column":22},"end":{"line":210,"column":null}},"line":193},"6":{"name":"(anonymous_6)","decl":{"start":{"line":201,"column":40},"end":{"line":201,"column":49}},"loc":{"start":{"line":201,"column":62},"end":{"line":204,"column":3}},"line":201},"7":{"name":"(anonymous_7)","decl":{"start":{"line":213,"column":13},"end":{"line":213,"column":34}},"loc":{"start":{"line":214,"column":2},"end":{"line":214,"column":null}},"line":214}},"branchMap":{"0":{"loc":{"start":{"line":69,"column":2},"end":{"line":71,"column":null}},"type":"if","locations":[{"start":{"line":69,"column":2},"end":{"line":71,"column":null}},{"start":{},"end":{}}],"line":69},"1":{"loc":{"start":{"line":72,"column":2},"end":{"line":78,"column":null}},"type":"if","locations":[{"start":{"line":72,"column":2},"end":{"line":78,"column":null}},{"start":{},"end":{}}],"line":72},"2":{"loc":{"start":{"line":80,"column":2},"end":{"line":80,"column":null}},"type":"if","locations":[{"start":{"line":80,"column":2},"end":{"line":80,"column":null}},{"start":{},"end":{}}],"line":80},"3":{"loc":{"start":{"line":83,"column":2},"end":{"line":83,"column":null}},"type":"if","locations":[{"start":{"line":83,"column":2},"end":{"line":83,"column":null}},{"start":{},"end":{}}],"line":83},"4":{"loc":{"start":{"line":89,"column":19},"end":{"line":89,"column":null}},"type":"cond-expr","locations":[{"start":{"line":89,"column":32},"end":{"line":89,"column":51}},{"start":{"line":89,"column":51},"end":{"line":89,"column":null}}],"line":89},"5":{"loc":{"start":{"line":114,"column":2},"end":{"line":116,"column":null}},"type":"if","locations":[{"start":{"line":114,"column":2},"end":{"line":116,"column":null}},{"start":{},"end":{}}],"line":114},"6":{"loc":{"start":{"line":118,"column":2},"end":{"line":118,"column":null}},"type":"if","locations":[{"start":{"line":118,"column":2},"end":{"line":118,"column":null}},{"start":{},"end":{}}],"line":118},"7":{"loc":{"start":{"line":121,"column":2},"end":{"line":128,"column":null}},"type":"if","locations":[{"start":{"line":121,"column":2},"end":{"line":128,"column":null}},{"start":{},"end":{}}],"line":121},"8":{"loc":{"start":{"line":132,"column":2},"end":{"line":138,"column":null}},"type":"if","locations":[{"start":{"line":132,"column":2},"end":{"line":138,"column":null}},{"start":{},"end":{}}],"line":132},"9":{"loc":{"start":{"line":132,"column":6},"end":{"line":132,"column":59}},"type":"binary-expr","locations":[{"start":{"line":132,"column":6},"end":{"line":132,"column":32}},{"start":{"line":132,"column":32},"end":{"line":132,"column":59}}],"line":132},"10":{"loc":{"start":{"line":139,"column":2},"end":{"line":139,"column":null}},"type":"if","locations":[{"start":{"line":139,"column":2},"end":{"line":139,"column":null}},{"start":{},"end":{}}],"line":139},"11":{"loc":{"start":{"line":145,"column":19},"end":{"line":145,"column":null}},"type":"cond-expr","locations":[{"start":{"line":145,"column":34},"end":{"line":145,"column":59}},{"start":{"line":145,"column":59},"end":{"line":145,"column":null}}],"line":145},"12":{"loc":{"start":{"line":173,"column":32},"end":{"line":173,"column":null}},"type":"binary-expr","locations":[{"start":{"line":173,"column":32},"end":{"line":173,"column":59}},{"start":{"line":173,"column":59},"end":{"line":173,"column":null}}],"line":173},"13":{"loc":{"start":{"line":177,"column":33},"end":{"line":177,"column":null}},"type":"binary-expr","locations":[{"start":{"line":177,"column":33},"end":{"line":177,"column":60}},{"start":{"line":177,"column":60},"end":{"line":177,"column":null}}],"line":177},"14":{"loc":{"start":{"line":186,"column":2},"end":{"line":188,"column":null}},"type":"binary-expr","locations":[{"start":{"line":186,"column":2},"end":{"line":186,"column":null}},{"start":{"line":187,"column":2},"end":{"line":187,"column":null}},{"start":{"line":188,"column":2},"end":{"line":188,"column":null}}],"line":186},"15":{"loc":{"start":{"line":195,"column":2},"end":{"line":199,"column":null}},"type":"if","locations":[{"start":{"line":195,"column":2},"end":{"line":199,"column":null}},{"start":{},"end":{}}],"line":195},"16":{"loc":{"start":{"line":195,"column":6},"end":{"line":195,"column":73}},"type":"binary-expr","locations":[{"start":{"line":195,"column":6},"end":{"line":195,"column":47}},{"start":{"line":195,"column":47},"end":{"line":195,"column":73}}],"line":195}},"s":{"0":1,"1":1,"2":49,"3":49,"4":49,"5":1,"6":48,"7":1,"8":47,"9":11,"10":36,"11":36,"12":22,"13":14,"14":1,"15":49,"16":49,"17":1,"18":48,"19":11,"20":37,"21":37,"22":1,"23":36,"24":36,"25":36,"26":0,"27":36,"28":12,"29":24,"30":1,"31":98,"32":1,"33":98,"34":1,"35":55,"36":1,"37":15,"38":15,"39":1,"40":14,"41":49,"42":14,"43":1,"44":3},"f":{"0":49,"1":49,"2":98,"3":98,"4":55,"5":15,"6":49,"7":3},"b":{"0":[1,48],"1":[1,47],"2":[11,36],"3":[22,14],"4":[14,0],"5":[1,48],"6":[11,37],"7":[1,36],"8":[0,36],"9":[36,36],"10":[12,24],"11":[24,0],"12":[98,42],"13":[98,42],"14":[55,12,2],"15":[1,14],"16":[15,15]},"meta":{"lastBranch":17,"lastFunction":8,"lastStatement":45,"seen":{"s:60:24:60:Infinity":0,"s:62:6:107:Infinity":1,"f:62:6:62:Infinity":0,"s:66:18:66:Infinity":2,"s:67:16:67:Infinity":3,"b:69:2:71:Infinity:undefined:undefined:undefined:undefined":0,"s:69:2:71:Infinity":4,"s:70:4:70:Infinity":5,"b:72:2:78:Infinity:undefined:undefined:undefined:undefined":1,"s:72:2:78:Infinity":6,"s:73:4:77:Infinity":7,"b:80:2:80:Infinity:undefined:undefined:undefined:undefined":2,"s:80:2:80:Infinity":8,"s:80:21:80:Infinity":9,"s:82:17:82:Infinity":10,"b:83:2:83:Infinity:undefined:undefined:undefined:undefined":3,"s:83:2:83:Infinity":11,"s:83:25:83:Infinity":12,"s:85:2:106:Infinity":13,"b:89:32:89:51:89:51:89:Infinity":4,"s:109:6:169:Infinity":14,"f:109:6:109:Infinity":1,"s:113:18:113:Infinity":15,"b:114:2:116:Infinity:undefined:undefined:undefined:undefined":5,"s:114:2:116:Infinity":16,"s:115:4:115:Infinity":17,"b:118:2:118:Infinity:undefined:undefined:undefined:undefined":6,"s:118:2:118:Infinity":18,"s:118:21:118:Infinity":19,"s:120:18:120:Infinity":20,"b:121:2:128:Infinity:undefined:undefined:undefined:undefined":7,"s:121:2:128:Infinity":21,"s:122:4:127:Infinity":22,"s:130:19:130:Infinity":23,"s:131:22:131:Infinity":24,"b:132:2:138:Infinity:undefined:undefined:undefined:undefined":8,"s:132:2:138:Infinity":25,"b:132:6:132:32:132:32:132:59":9,"s:133:4:137:Infinity":26,"b:139:2:139:Infinity:undefined:undefined:undefined:undefined":10,"s:139:2:139:Infinity":27,"s:139:30:139:Infinity":28,"s:141:2:168:Infinity":29,"b:145:34:145:59:145:59:145:Infinity":11,"s:171:6:173:Infinity":30,"f:171:6:171:Infinity":2,"s:173:32:173:Infinity":31,"b:173:32:173:59:173:59:173:Infinity":12,"s:175:6:177:Infinity":32,"f:175:6:175:Infinity":3,"s:177:33:177:Infinity":33,"b:177:33:177:60:177:60:177:Infinity":13,"s:185:6:188:Infinity":34,"f:185:6:185:19":4,"s:186:2:188:Infinity":35,"b:186:2:186:Infinity:187:2:187:Infinity:188:2:188:Infinity":14,"s:190:13:210:Infinity":36,"f:190:13:190:Infinity":5,"s:194:34:194:Infinity":37,"b:195:2:199:Infinity:undefined:undefined:undefined:undefined":15,"s:195:2:199:Infinity":38,"b:195:6:195:47:195:47:195:73":16,"s:196:4:198:Infinity":39,"s:201:22:204:Infinity":40,"f:201:40:201:49":6,"s:201:62:204:3":41,"s:206:2:209:Infinity":42,"s:213:13:214:Infinity":43,"f:213:13:213:34":7,"s:214:2:214:Infinity":44},"fnNames":{}}}
,"/home/user/vibe-cast/src/domain/scenario/projection-engine.ts": {"path":"/home/user/vibe-cast/src/domain/scenario/projection-engine.ts","statementMap":{"0":{"start":{"line":128,"column":58},"end":{"line":130,"column":null}},"1":{"start":{"line":143,"column":13},"end":{"line":147,"column":null}},"2":{"start":{"line":144,"column":2},"end":{"line":147,"column":null}},"3":{"start":{"line":153,"column":18},"end":{"line":153,"column":null}},"4":{"start":{"line":155,"column":6},"end":{"line":159,"column":null}},"5":{"start":{"line":156,"column":2},"end":{"line":156,"column":null}},"6":{"start":{"line":156,"column":18},"end":{"line":156,"column":null}},"7":{"start":{"line":157,"column":2},"end":{"line":157,"column":null}},"8":{"start":{"line":157,"column":18},"end":{"line":157,"column":null}},"9":{"start":{"line":158,"column":2},"end":{"line":158,"column":null}},"10":{"start":{"line":161,"column":6},"end":{"line":173,"column":null}},"11":{"start":{"line":162,"column":2},"end":{"line":164,"column":null}},"12":{"start":{"line":163,"column":4},"end":{"line":163,"column":null}},"13":{"start":{"line":165,"column":2},"end":{"line":165,"column":null}},"14":{"start":{"line":165,"column":36},"end":{"line":165,"column":null}},"15":{"start":{"line":166,"column":2},"end":{"line":168,"column":null}},"16":{"start":{"line":167,"column":4},"end":{"line":167,"column":null}},"17":{"start":{"line":169,"column":2},"end":{"line":171,"column":null}},"18":{"start":{"line":170,"column":4},"end":{"line":170,"column":null}},"19":{"start":{"line":172,"column":2},"end":{"line":172,"column":null}},"20":{"start":{"line":175,"column":6},"end":{"line":180,"column":null}},"21":{"start":{"line":176,"column":2},"end":{"line":180,"column":null}},"22":{"start":{"line":196,"column":6},"end":{"line":427,"column":null}},"23":{"start":{"line":201,"column":32},"end":{"line":201,"column":null}},"24":{"start":{"line":202,"column":15},"end":{"line":202,"column":null}},"25":{"start":{"line":204,"column":23},"end":{"line":204,"column":null}},"26":{"start":{"line":205,"column":22},"end":{"line":205,"column":null}},"27":{"start":{"line":206,"column":20},"end":{"line":206,"column":null}},"28":{"start":{"line":207,"column":24},"end":{"line":207,"column":null}},"29":{"start":{"line":208,"column":18},"end":{"line":208,"column":null}},"30":{"start":{"line":209,"column":24},"end":{"line":209,"column":null}},"31":{"start":{"line":212,"column":4},"end":{"line":214,"column":null}},"32":{"start":{"line":216,"column":4},"end":{"line":218,"column":null}},"33":{"start":{"line":220,"column":4},"end":{"line":226,"column":null}},"34":{"start":{"line":228,"column":37},"end":{"line":236,"column":null}},"35":{"start":{"line":239,"column":4},"end":{"line":239,"column":null}},"36":{"start":{"line":243,"column":4},"end":{"line":245,"column":null}},"37":{"start":{"line":247,"column":53},"end":{"line":254,"column":null}},"38":{"start":{"line":255,"column":41},"end":{"line":264,"column":null}},"39":{"start":{"line":268,"column":4},"end":{"line":268,"column":null}},"40":{"start":{"line":272,"column":4},"end":{"line":278,"column":null}},"41":{"start":{"line":281,"column":4},"end":{"line":283,"column":null}},"42":{"start":{"line":284,"column":40},"end":{"line":303,"column":null}},"43":{"start":{"line":307,"column":4},"end":{"line":309,"column":null}},"44":{"start":{"line":312,"column":4},"end":{"line":314,"column":null}},"45":{"start":{"line":316,"column":4},"end":{"line":320,"column":null}},"46":{"start":{"line":321,"column":41},"end":{"line":337,"column":null}},"47":{"start":{"line":340,"column":22},"end":{"line":340,"column":null}},"48":{"start":{"line":341,"column":39},"end":{"line":355,"column":null}},"49":{"start":{"line":359,"column":4},"end":{"line":365,"column":null}},"50":{"start":{"line":368,"column":4},"end":{"line":376,"column":null}},"51":{"start":{"line":378,"column":41},"end":{"line":404,"column":null}},"52":{"start":{"line":406,"column":2},"end":{"line":426,"column":null}},"53":{"start":{"line":433,"column":6},"end":{"line":445,"column":null}},"54":{"start":{"line":437,"column":20},"end":{"line":445,"column":null}},"55":{"start":{"line":447,"column":6},"end":{"line":451,"column":null}},"56":{"start":{"line":448,"column":14},"end":{"line":448,"column":null}},"57":{"start":{"line":449,"column":2},"end":{"line":449,"column":null}},"58":{"start":{"line":449,"column":62},"end":{"line":449,"column":null}},"59":{"start":{"line":450,"column":2},"end":{"line":450,"column":null}},"60":{"start":{"line":462,"column":13},"end":{"line":500,"column":null}},"61":{"start":{"line":467,"column":24},"end":{"line":470,"column":null}},"62":{"start":{"line":469,"column":32},"end":{"line":469,"column":45}},"63":{"start":{"line":472,"column":20},"end":{"line":484,"column":null}},"64":{"start":{"line":486,"column":57},"end":{"line":489,"column":null}},"65":{"start":{"line":486,"column":93},"end":{"line":489,"column":4}},"66":{"start":{"line":491,"column":2},"end":{"line":499,"column":null}},"67":{"start":{"line":498,"column":25},"end":{"line":498,"column":null}}},"fnMap":{"0":{"name":"(anonymous_0)","decl":{"start":{"line":143,"column":13},"end":{"line":143,"column":35}},"loc":{"start":{"line":144,"column":2},"end":{"line":147,"column":null}},"line":144},"1":{"name":"(anonymous_1)","decl":{"start":{"line":155,"column":6},"end":{"line":155,"column":22}},"loc":{"start":{"line":155,"column":49},"end":{"line":159,"column":null}},"line":155},"2":{"name":"(anonymous_2)","decl":{"start":{"line":161,"column":6},"end":{"line":161,"column":22}},"loc":{"start":{"line":161,"column":93},"end":{"line":173,"column":null}},"line":161},"3":{"name":"(anonymous_3)","decl":{"start":{"line":175,"column":6},"end":{"line":175,"column":25}},"loc":{"start":{"line":176,"column":2},"end":{"line":180,"column":null}},"line":176},"4":{"name":"(anonymous_4)","decl":{"start":{"line":196,"column":6},"end":{"line":196,"column":null}},"loc":{"start":{"line":200,"column":20},"end":{"line":427,"column":null}},"line":200},"5":{"name":"(anonymous_5)","decl":{"start":{"line":433,"column":6},"end":{"line":433,"column":null}},"loc":{"start":{"line":437,"column":20},"end":{"line":445,"column":null}},"line":437},"6":{"name":"(anonymous_6)","decl":{"start":{"line":447,"column":6},"end":{"line":447,"column":30}},"loc":{"start":{"line":447,"column":65},"end":{"line":451,"column":null}},"line":447},"7":{"name":"(anonymous_7)","decl":{"start":{"line":462,"column":13},"end":{"line":462,"column":null}},"loc":{"start":{"line":466,"column":23},"end":{"line":500,"column":null}},"line":466},"8":{"name":"(anonymous_8)","decl":{"start":{"line":469,"column":21},"end":{"line":469,"column":26}},"loc":{"start":{"line":469,"column":32},"end":{"line":469,"column":45}},"line":469},"9":{"name":"(anonymous_9)","decl":{"start":{"line":486,"column":74},"end":{"line":486,"column":79}},"loc":{"start":{"line":486,"column":93},"end":{"line":489,"column":4}},"line":486},"10":{"name":"(anonymous_10)","decl":{"start":{"line":498,"column":4},"end":{"line":498,"column":25}},"loc":{"start":{"line":498,"column":25},"end":{"line":498,"column":null}},"line":498}},"branchMap":{"0":{"loc":{"start":{"line":144,"column":2},"end":{"line":147,"column":null}},"type":"binary-expr","locations":[{"start":{"line":144,"column":2},"end":{"line":144,"column":null}},{"start":{"line":145,"column":2},"end":{"line":145,"column":null}},{"start":{"line":146,"column":3},"end":{"line":146,"column":null}},{"start":{"line":147,"column":2},"end":{"line":147,"column":null}}],"line":144},"1":{"loc":{"start":{"line":156,"column":2},"end":{"line":156,"column":null}},"type":"if","locations":[{"start":{"line":156,"column":2},"end":{"line":156,"column":null}},{"start":{},"end":{}}],"line":156},"2":{"loc":{"start":{"line":157,"column":2},"end":{"line":157,"column":null}},"type":"if","locations":[{"start":{"line":157,"column":2},"end":{"line":157,"column":null}},{"start":{},"end":{}}],"line":157},"3":{"loc":{"start":{"line":162,"column":2},"end":{"line":164,"column":null}},"type":"if","locations":[{"start":{"line":162,"column":2},"end":{"line":164,"column":null}},{"start":{},"end":{}}],"line":162},"4":{"loc":{"start":{"line":165,"column":2},"end":{"line":165,"column":null}},"type":"if","locations":[{"start":{"line":165,"column":2},"end":{"line":165,"column":null}},{"start":{},"end":{}}],"line":165},"5":{"loc":{"start":{"line":166,"column":2},"end":{"line":168,"column":null}},"type":"if","locations":[{"start":{"line":166,"column":2},"end":{"line":168,"column":null}},{"start":{},"end":{}}],"line":166},"6":{"loc":{"start":{"line":169,"column":2},"end":{"line":171,"column":null}},"type":"if","locations":[{"start":{"line":169,"column":2},"end":{"line":171,"column":null}},{"start":{},"end":{}}],"line":169},"7":{"loc":{"start":{"line":176,"column":2},"end":{"line":180,"column":null}},"type":"cond-expr","locations":[{"start":{"line":177,"column":6},"end":{"line":178,"column":null}},{"start":{"line":179,"column":6},"end":{"line":180,"column":null}}],"line":176},"8":{"loc":{"start":{"line":212,"column":4},"end":{"line":214,"column":null}},"type":"cond-expr","locations":[{"start":{"line":213,"column":8},"end":{"line":213,"column":null}},{"start":{"line":214,"column":8},"end":{"line":214,"column":null}}],"line":212},"9":{"loc":{"start":{"line":212,"column":4},"end":{"line":212,"column":null}},"type":"binary-expr","locations":[{"start":{"line":212,"column":4},"end":{"line":212,"column":34}},{"start":{"line":212,"column":34},"end":{"line":212,"column":63}},{"start":{"line":212,"column":63},"end":{"line":212,"column":null}}],"line":212},"10":{"loc":{"start":{"line":216,"column":4},"end":{"line":218,"column":null}},"type":"cond-expr","locations":[{"start":{"line":217,"column":8},"end":{"line":217,"column":null}},{"start":{"line":218,"column":8},"end":{"line":218,"column":null}}],"line":216},"11":{"loc":{"start":{"line":216,"column":4},"end":{"line":216,"column":null}},"type":"binary-expr","locations":[{"start":{"line":216,"column":4},"end":{"line":216,"column":33}},{"start":{"line":216,"column":33},"end":{"line":216,"column":null}}],"line":216},"12":{"loc":{"start":{"line":220,"column":4},"end":{"line":226,"column":null}},"type":"cond-expr","locations":[{"start":{"line":221,"column":8},"end":{"line":225,"column":null}},{"start":{"line":226,"column":8},"end":{"line":226,"column":null}}],"line":220},"13":{"loc":{"start":{"line":220,"column":4},"end":{"line":220,"column":null}},"type":"binary-expr","locations":[{"start":{"line":220,"column":4},"end":{"line":220,"column":29}},{"start":{"line":220,"column":29},"end":{"line":220,"column":58}},{"start":{"line":220,"column":58},"end":{"line":220,"column":null}}],"line":220},"14":{"loc":{"start":{"line":232,"column":16},"end":{"line":232,"column":null}},"type":"cond-expr","locations":[{"start":{"line":232,"column":43},"end":{"line":232,"column":55}},{"start":{"line":232,"column":59},"end":{"line":232,"column":null}}],"line":232},"15":{"loc":{"start":{"line":233,"column":14},"end":{"line":233,"column":null}},"type":"cond-expr","locations":[{"start":{"line":233,"column":43},"end":{"line":233,"column":65}},{"start":{"line":233,"column":69},"end":{"line":233,"column":null}}],"line":233},"16":{"loc":{"start":{"line":235,"column":20},"end":{"line":235,"column":null}},"type":"cond-expr","locations":[{"start":{"line":235,"column":49},"end":{"line":235,"column":61}},{"start":{"line":235,"column":65},"end":{"line":235,"column":null}}],"line":235},"17":{"loc":{"start":{"line":239,"column":4},"end":{"line":239,"column":null}},"type":"cond-expr","locations":[{"start":{"line":239,"column":30},"end":{"line":239,"column":42}},{"start":{"line":239,"column":42},"end":{"line":239,"column":null}}],"line":239},"18":{"loc":{"start":{"line":243,"column":4},"end":{"line":245,"column":null}},"type":"cond-expr","locations":[{"start":{"line":244,"column":8},"end":{"line":244,"column":null}},{"start":{"line":245,"column":8},"end":{"line":245,"column":null}}],"line":243},"19":{"loc":{"start":{"line":257,"column":4},"end":{"line":262,"column":null}},"type":"cond-expr","locations":[{"start":{"line":258,"column":8},"end":{"line":259,"column":null}},{"start":{"line":260,"column":8},"end":{"line":262,"column":null}}],"line":257},"20":{"loc":{"start":{"line":268,"column":4},"end":{"line":268,"column":null}},"type":"cond-expr","locations":[{"start":{"line":268,"column":48},"end":{"line":268,"column":78}},{"start":{"line":268,"column":78},"end":{"line":268,"column":null}}],"line":268},"21":{"loc":{"start":{"line":272,"column":4},"end":{"line":278,"column":null}},"type":"cond-expr","locations":[{"start":{"line":273,"column":8},"end":{"line":273,"column":null}},{"start":{"line":274,"column":8},"end":{"line":278,"column":null}}],"line":272},"22":{"loc":{"start":{"line":274,"column":8},"end":{"line":278,"column":null}},"type":"cond-expr","locations":[{"start":{"line":275,"column":10},"end":{"line":275,"column":null}},{"start":{"line":276,"column":10},"end":{"line":278,"column":null}}],"line":274},"23":{"loc":{"start":{"line":276,"column":10},"end":{"line":278,"column":null}},"type":"cond-expr","locations":[{"start":{"line":277,"column":12},"end":{"line":277,"column":null}},{"start":{"line":278,"column":12},"end":{"line":278,"column":null}}],"line":276},"24":{"loc":{"start":{"line":281,"column":4},"end":{"line":283,"column":null}},"type":"cond-expr","locations":[{"start":{"line":282,"column":8},"end":{"line":282,"column":null}},{"start":{"line":283,"column":8},"end":{"line":283,"column":null}}],"line":281},"25":{"loc":{"start":{"line":286,"column":4},"end":{"line":293,"column":null}},"type":"cond-expr","locations":[{"start":{"line":287,"column":8},"end":{"line":287,"column":null}},{"start":{"line":288,"column":8},"end":{"line":293,"column":null}}],"line":286},"26":{"loc":{"start":{"line":288,"column":8},"end":{"line":293,"column":null}},"type":"cond-expr","locations":[{"start":{"line":289,"column":10},"end":{"line":290,"column":null}},{"start":{"line":291,"column":10},"end":{"line":293,"column":null}}],"line":288},"27":{"loc":{"start":{"line":307,"column":4},"end":{"line":309,"column":null}},"type":"cond-expr","locations":[{"start":{"line":308,"column":8},"end":{"line":308,"column":null}},{"start":{"line":309,"column":8},"end":{"line":309,"column":null}}],"line":307},"28":{"loc":{"start":{"line":307,"column":4},"end":{"line":307,"column":null}},"type":"binary-expr","locations":[{"start":{"line":307,"column":4},"end":{"line":307,"column":33}},{"start":{"line":307,"column":33},"end":{"line":307,"column":null}}],"line":307},"29":{"loc":{"start":{"line":312,"column":4},"end":{"line":314,"column":null}},"type":"cond-expr","locations":[{"start":{"line":313,"column":8},"end":{"line":313,"column":null}},{"start":{"line":314,"column":8},"end":{"line":314,"column":null}}],"line":312},"30":{"loc":{"start":{"line":316,"column":4},"end":{"line":320,"column":null}},"type":"cond-expr","locations":[{"start":{"line":317,"column":8},"end":{"line":317,"column":null}},{"start":{"line":318,"column":8},"end":{"line":320,"column":null}}],"line":316},"31":{"loc":{"start":{"line":318,"column":8},"end":{"line":320,"column":null}},"type":"cond-expr","locations":[{"start":{"line":319,"column":10},"end":{"line":319,"column":null}},{"start":{"line":320,"column":10},"end":{"line":320,"column":null}}],"line":318},"32":{"loc":{"start":{"line":323,"column":4},"end":{"line":327,"column":null}},"type":"cond-expr","locations":[{"start":{"line":324,"column":8},"end":{"line":324,"column":null}},{"start":{"line":325,"column":8},"end":{"line":327,"column":null}}],"line":323},"33":{"loc":{"start":{"line":340,"column":22},"end":{"line":340,"column":null}},"type":"cond-expr","locations":[{"start":{"line":340,"column":50},"end":{"line":340,"column":62}},{"start":{"line":340,"column":62},"end":{"line":340,"column":null}}],"line":340},"34":{"loc":{"start":{"line":343,"column":4},"end":{"line":346,"column":null}},"type":"cond-expr","locations":[{"start":{"line":344,"column":8},"end":{"line":344,"column":null}},{"start":{"line":345,"column":8},"end":{"line":346,"column":null}}],"line":343},"35":{"loc":{"start":{"line":359,"column":4},"end":{"line":365,"column":null}},"type":"cond-expr","locations":[{"start":{"line":360,"column":8},"end":{"line":364,"column":null}},{"start":{"line":365,"column":8},"end":{"line":365,"column":null}}],"line":359},"36":{"loc":{"start":{"line":359,"column":4},"end":{"line":359,"column":null}},"type":"binary-expr","locations":[{"start":{"line":359,"column":4},"end":{"line":359,"column":33}},{"start":{"line":359,"column":33},"end":{"line":359,"column":52}},{"start":{"line":359,"column":52},"end":{"line":359,"column":null}}],"line":359},"37":{"loc":{"start":{"line":368,"column":4},"end":{"line":376,"column":null}},"type":"cond-expr","locations":[{"start":{"line":369,"column":8},"end":{"line":369,"column":null}},{"start":{"line":370,"column":8},"end":{"line":376,"column":null}}],"line":368},"38":{"loc":{"start":{"line":370,"column":8},"end":{"line":376,"column":null}},"type":"cond-expr","locations":[{"start":{"line":371,"column":10},"end":{"line":372,"column":null}},{"start":{"line":373,"column":10},"end":{"line":376,"column":null}}],"line":370},"39":{"loc":{"start":{"line":373,"column":10},"end":{"line":376,"column":null}},"type":"cond-expr","locations":[{"start":{"line":374,"column":12},"end":{"line":375,"column":null}},{"start":{"line":376,"column":12},"end":{"line":376,"column":null}}],"line":373},"40":{"loc":{"start":{"line":380,"column":4},"end":{"line":387,"column":null}},"type":"cond-expr","locations":[{"start":{"line":381,"column":8},"end":{"line":381,"column":null}},{"start":{"line":382,"column":8},"end":{"line":387,"column":null}}],"line":380},"41":{"loc":{"start":{"line":408,"column":26},"end":{"line":408,"column":null}},"type":"cond-expr","locations":[{"start":{"line":408,"column":57},"end":{"line":408,"column":70}},{"start":{"line":408,"column":74},"end":{"line":408,"column":null}}],"line":408},"42":{"loc":{"start":{"line":410,"column":6},"end":{"line":410,"column":null}},"type":"cond-expr","locations":[{"start":{"line":410,"column":35},"end":{"line":410,"column":48}},{"start":{"line":410,"column":52},"end":{"line":410,"column":null}}],"line":410},"43":{"loc":{"start":{"line":414,"column":6},"end":{"line":414,"column":null}},"type":"cond-expr","locations":[{"start":{"line":414,"column":34},"end":{"line":414,"column":47}},{"start":{"line":414,"column":51},"end":{"line":414,"column":null}}],"line":414},"44":{"loc":{"start":{"line":418,"column":6},"end":{"line":418,"column":null}},"type":"cond-expr","locations":[{"start":{"line":418,"column":35},"end":{"line":418,"column":57}},{"start":{"line":418,"column":61},"end":{"line":418,"column":null}}],"line":418},"45":{"loc":{"start":{"line":422,"column":6},"end":{"line":422,"column":null}},"type":"cond-expr","locations":[{"start":{"line":422,"column":34},"end":{"line":422,"column":57}},{"start":{"line":422,"column":61},"end":{"line":422,"column":null}}],"line":422},"46":{"loc":{"start":{"line":425,"column":30},"end":{"line":425,"column":87}},"type":"cond-expr","locations":[{"start":{"line":425,"column":55},"end":{"line":425,"column":67}},{"start":{"line":425,"column":71},"end":{"line":425,"column":87}}],"line":425},"47":{"loc":{"start":{"line":444,"column":19},"end":{"line":444,"column":null}},"type":"binary-expr","locations":[{"start":{"line":444,"column":19},"end":{"line":444,"column":75}},{"start":{"line":444,"column":75},"end":{"line":444,"column":null}}],"line":444}},"s":{"0":3,"1":3,"2":4,"3":3,"4":3,"5":297,"6":211,"7":86,"8":9,"9":77,"10":3,"11":229,"12":61,"13":168,"14":1,"15":167,"16":160,"17":7,"18":7,"19":0,"20":3,"21":223,"22":3,"23":298,"24":298,"25":298,"26":298,"27":298,"28":298,"29":298,"30":298,"31":298,"32":298,"33":298,"34":298,"35":298,"36":298,"37":298,"38":298,"39":298,"40":298,"41":298,"42":298,"43":298,"44":298,"45":298,"46":298,"47":298,"48":298,"49":298,"50":298,"51":298,"52":298,"53":3,"54":250,"55":3,"56":48,"57":48,"58":1,"59":48,"60":3,"61":48,"62":250,"63":48,"64":48,"65":250,"66":48,"67":2},"f":{"0":4,"1":297,"2":229,"3":223,"4":298,"5":250,"6":48,"7":48,"8":250,"9":250,"10":2},"b":{"0":[4,4,3,1],"1":[211,86],"2":[9,77],"3":[61,168],"4":[1,167],"5":[160,7],"6":[7,0],"7":[187,36],"8":[228,70],"9":[298,297,293],"10":[290,8],"11":[298,293],"12":[222,76],"13":[298,290,288],"14":[70,228],"15":[75,223],"16":[76,222],"17":[4,294],"18":[1,297],"19":[1,297],"20":[220,78],"21":[1,297],"22":[65,232],"23":[3,229],"24":[1,297],"25":[4,294],"26":[65,229],"27":[7,291],"28":[298,294],"29":[75,223],"30":[4,294],"31":[3,291],"32":[74,224],"33":[4,294],"34":[4,294],"35":[223,75],"36":[298,294,229],"37":[4,294],"38":[65,229],"39":[6,223],"40":[75,223],"41":[4,294],"42":[1,297],"43":[4,294],"44":[74,224],"45":[4,294],"46":[75,223],"47":[250,249]},"meta":{"lastBranch":48,"lastFunction":11,"lastStatement":68,"seen":{"s:128:58:130:Infinity":0,"s:143:13:147:Infinity":1,"f:143:13:143:35":0,"s:144:2:147:Infinity":2,"b:144:2:144:Infinity:145:2:145:Infinity:146:3:146:Infinity:147:2:147:Infinity":0,"s:153:18:153:Infinity":3,"s:155:6:159:Infinity":4,"f:155:6:155:22":1,"b:156:2:156:Infinity:undefined:undefined:undefined:undefined":1,"s:156:2:156:Infinity":5,"s:156:18:156:Infinity":6,"b:157:2:157:Infinity:undefined:undefined:undefined:undefined":2,"s:157:2:157:Infinity":7,"s:157:18:157:Infinity":8,"s:158:2:158:Infinity":9,"s:161:6:173:Infinity":10,"f:161:6:161:22":2,"b:162:2:164:Infinity:undefined:undefined:undefined:undefined":3,"s:162:2:164:Infinity":11,"s:163:4:163:Infinity":12,"b:165:2:165:Infinity:undefined:undefined:undefined:undefined":4,"s:165:2:165:Infinity":13,"s:165:36:165:Infinity":14,"b:166:2:168:Infinity:undefined:undefined:undefined:undefined":5,"s:166:2:168:Infinity":15,"s:167:4:167:Infinity":16,"b:169:2:171:Infinity:undefined:undefined:undefined:undefined":6,"s:169:2:171:Infinity":17,"s:170:4:170:Infinity":18,"s:172:2:172:Infinity":19,"s:175:6:180:Infinity":20,"f:175:6:175:25":3,"s:176:2:180:Infinity":21,"b:177:6:178:Infinity:179:6:180:Infinity":7,"s:196:6:427:Infinity":22,"f:196:6:196:Infinity":4,"s:201:32:201:Infinity":23,"s:202:15:202:Infinity":24,"s:204:23:204:Infinity":25,"s:205:22:205:Infinity":26,"s:206:20:206:Infinity":27,"s:207:24:207:Infinity":28,"s:208:18:208:Infinity":29,"s:209:24:209:Infinity":30,"s:212:4:214:Infinity":31,"b:213:8:213:Infinity:214:8:214:Infinity":8,"b:212:4:212:34:212:34:212:63:212:63:212:Infinity":9,"s:216:4:218:Infinity":32,"b:217:8:217:Infinity:218:8:218:Infinity":10,"b:216:4:216:33:216:33:216:Infinity":11,"s:220:4:226:Infinity":33,"b:221:8:225:Infinity:226:8:226:Infinity":12,"b:220:4:220:29:220:29:220:58:220:58:220:Infinity":13,"s:228:37:236:Infinity":34,"b:232:43:232:55:232:59:232:Infinity":14,"b:233:43:233:65:233:69:233:Infinity":15,"b:235:49:235:61:235:65:235:Infinity":16,"s:239:4:239:Infinity":35,"b:239:30:239:42:239:42:239:Infinity":17,"s:243:4:245:Infinity":36,"b:244:8:244:Infinity:245:8:245:Infinity":18,"s:247:53:254:Infinity":37,"s:255:41:264:Infinity":38,"b:258:8:259:Infinity:260:8:262:Infinity":19,"s:268:4:268:Infinity":39,"b:268:48:268:78:268:78:268:Infinity":20,"s:272:4:278:Infinity":40,"b:273:8:273:Infinity:274:8:278:Infinity":21,"b:275:10:275:Infinity:276:10:278:Infinity":22,"b:277:12:277:Infinity:278:12:278:Infinity":23,"s:281:4:283:Infinity":41,"b:282:8:282:Infinity:283:8:283:Infinity":24,"s:284:40:303:Infinity":42,"b:287:8:287:Infinity:288:8:293:Infinity":25,"b:289:10:290:Infinity:291:10:293:Infinity":26,"s:307:4:309:Infinity":43,"b:308:8:308:Infinity:309:8:309:Infinity":27,"b:307:4:307:33:307:33:307:Infinity":28,"s:312:4:314:Infinity":44,"b:313:8:313:Infinity:314:8:314:Infinity":29,"s:316:4:320:Infinity":45,"b:317:8:317:Infinity:318:8:320:Infinity":30,"b:319:10:319:Infinity:320:10:320:Infinity":31,"s:321:41:337:Infinity":46,"b:324:8:324:Infinity:325:8:327:Infinity":32,"s:340:22:340:Infinity":47,"b:340:50:340:62:340:62:340:Infinity":33,"s:341:39:355:Infinity":48,"b:344:8:344:Infinity:345:8:346:Infinity":34,"s:359:4:365:Infinity":49,"b:360:8:364:Infinity:365:8:365:Infinity":35,"b:359:4:359:33:359:33:359:52:359:52:359:Infinity":36,"s:368:4:376:Infinity":50,"b:369:8:369:Infinity:370:8:376:Infinity":37,"b:371:10:372:Infinity:373:10:376:Infinity":38,"b:374:12:375:Infinity:376:12:376:Infinity":39,"s:378:41:404:Infinity":51,"b:381:8:381:Infinity:382:8:387:Infinity":40,"s:406:2:426:Infinity":52,"b:408:57:408:70:408:74:408:Infinity":41,"b:410:35:410:48:410:52:410:Infinity":42,"b:414:34:414:47:414:51:414:Infinity":43,"b:418:35:418:57:418:61:418:Infinity":44,"b:422:34:422:57:422:61:422:Infinity":45,"b:425:55:425:67:425:71:425:87":46,"s:433:6:445:Infinity":53,"f:433:6:433:Infinity":5,"s:437:20:445:Infinity":54,"b:444:19:444:75:444:75:444:Infinity":47,"s:447:6:451:Infinity":55,"f:447:6:447:30":6,"s:448:14:448:Infinity":56,"s:449:2:449:Infinity":57,"s:449:62:449:Infinity":58,"s:450:2:450:Infinity":59,"s:462:13:500:Infinity":60,"f:462:13:462:Infinity":7,"s:467:24:470:Infinity":61,"f:469:21:469:26":8,"s:469:32:469:45":62,"s:472:20:484:Infinity":63,"s:486:57:489:Infinity":64,"f:486:74:486:79":9,"s:486:93:489:4":65,"s:491:2:499:Infinity":66,"f:498:4:498:25":10,"s:498:25:498:Infinity":67},"fnNames":{}}}
,"/home/user/vibe-cast/src/domain/scenario/scenario.ts": {"path":"/home/user/vibe-cast/src/domain/scenario/scenario.ts","statementMap":{"0":{"start":{"line":27,"column":4},"end":{"line":27,"column":null}},"1":{"start":{"line":28,"column":4},"end":{"line":28,"column":null}},"2":{"start":{"line":77,"column":6},"end":{"line":78,"column":null}},"3":{"start":{"line":78,"column":2},"end":{"line":78,"column":null}},"4":{"start":{"line":80,"column":13},"end":{"line":124,"column":null}},"5":{"start":{"line":81,"column":68},"end":{"line":81,"column":null}},"6":{"start":{"line":83,"column":2},"end":{"line":85,"column":null}},"7":{"start":{"line":84,"column":4},"end":{"line":84,"column":null}},"8":{"start":{"line":86,"column":2},"end":{"line":90,"column":null}},"9":{"start":{"line":87,"column":4},"end":{"line":89,"column":null}},"10":{"start":{"line":91,"column":2},"end":{"line":93,"column":null}},"11":{"start":{"line":92,"column":4},"end":{"line":92,"column":null}},"12":{"start":{"line":94,"column":2},"end":{"line":98,"column":null}},"13":{"start":{"line":95,"column":4},"end":{"line":97,"column":null}},"14":{"start":{"line":99,"column":2},"end":{"line":106,"column":null}},"15":{"start":{"line":100,"column":21},"end":{"line":100,"column":null}},"16":{"start":{"line":101,"column":4},"end":{"line":105,"column":null}},"17":{"start":{"line":102,"column":6},"end":{"line":104,"column":null}},"18":{"start":{"line":108,"column":33},"end":{"line":108,"column":null}},"19":{"start":{"line":109,"column":2},"end":{"line":115,"column":null}},"20":{"start":{"line":110,"column":4},"end":{"line":114,"column":null}},"21":{"start":{"line":111,"column":6},"end":{"line":113,"column":null}},"22":{"start":{"line":117,"column":2},"end":{"line":123,"column":null}},"23":{"start":{"line":126,"column":6},"end":{"line":132,"column":null}},"24":{"start":{"line":126,"column":63},"end":{"line":132,"column":null}},"25":{"start":{"line":167,"column":6},"end":{"line":203,"column":null}},"26":{"start":{"line":173,"column":29},"end":{"line":201,"column":null}},"27":{"start":{"line":179,"column":6},"end":{"line":184,"column":null}},"28":{"start":{"line":186,"column":22},"end":{"line":186,"column":null}},"29":{"start":{"line":187,"column":6},"end":{"line":189,"column":null}},"30":{"start":{"line":188,"column":8},"end":{"line":188,"column":null}},"31":{"start":{"line":190,"column":6},"end":{"line":190,"column":null}},"32":{"start":{"line":193,"column":6},"end":{"line":198,"column":null}},"33":{"start":{"line":194,"column":8},"end":{"line":197,"column":null}},"34":{"start":{"line":199,"column":6},"end":{"line":199,"column":null}},"35":{"start":{"line":202,"column":2},"end":{"line":202,"column":null}},"36":{"start":{"line":205,"column":13},"end":{"line":228,"column":null}},"37":{"start":{"line":206,"column":15},"end":{"line":206,"column":null}},"38":{"start":{"line":207,"column":2},"end":{"line":209,"column":null}},"39":{"start":{"line":208,"column":4},"end":{"line":208,"column":null}},"40":{"start":{"line":210,"column":19},"end":{"line":210,"column":null}},"41":{"start":{"line":211,"column":2},"end":{"line":215,"column":null}},"42":{"start":{"line":212,"column":4},"end":{"line":214,"column":null}},"43":{"start":{"line":216,"column":2},"end":{"line":220,"column":null}},"44":{"start":{"line":217,"column":4},"end":{"line":219,"column":null}},"45":{"start":{"line":221,"column":2},"end":{"line":225,"column":null}},"46":{"start":{"line":222,"column":4},"end":{"line":224,"column":null}},"47":{"start":{"line":227,"column":2},"end":{"line":227,"column":null}}},"fnMap":{"0":{"name":"constructor","decl":{"start":{"line":26,"column":2},"end":{"line":26,"column":14}},"loc":{"start":{"line":26,"column":31},"end":{"line":29,"column":null}},"line":26},"1":{"name":"(anonymous_1)","decl":{"start":{"line":77,"column":6},"end":{"line":77,"column":26}},"loc":{"start":{"line":78,"column":2},"end":{"line":78,"column":null}},"line":78},"2":{"name":"(anonymous_2)","decl":{"start":{"line":80,"column":13},"end":{"line":80,"column":31}},"loc":{"start":{"line":80,"column":75},"end":{"line":124,"column":null}},"line":80},"3":{"name":"(anonymous_3)","decl":{"start":{"line":126,"column":6},"end":{"line":126,"column":16}},"loc":{"start":{"line":126,"column":63},"end":{"line":132,"column":null}},"line":126},"4":{"name":"(anonymous_4)","decl":{"start":{"line":167,"column":6},"end":{"line":167,"column":null}},"loc":{"start":{"line":172,"column":15},"end":{"line":203,"column":null}},"line":172},"5":{"name":"(anonymous_5)","decl":{"start":{"line":178,"column":4},"end":{"line":178,"column":17}},"loc":{"start":{"line":179,"column":6},"end":{"line":184,"column":null}},"line":179},"6":{"name":"(anonymous_6)","decl":{"start":{"line":185,"column":4},"end":{"line":185,"column":16}},"loc":{"start":{"line":185,"column":28},"end":{"line":191,"column":null}},"line":185},"7":{"name":"(anonymous_7)","decl":{"start":{"line":192,"column":4},"end":{"line":192,"column":14}},"loc":{"start":{"line":192,"column":33},"end":{"line":200,"column":null}},"line":192},"8":{"name":"(anonymous_8)","decl":{"start":{"line":205,"column":13},"end":{"line":205,"column":31}},"loc":{"start":{"line":205,"column":64},"end":{"line":228,"column":null}},"line":205}},"branchMap":{"0":{"loc":{"start":{"line":78,"column":2},"end":{"line":78,"column":null}},"type":"binary-expr","locations":[{"start":{"line":78,"column":2},"end":{"line":78,"column":27}},{"start":{"line":78,"column":27},"end":{"line":78,"column":49}},{"start":{"line":78,"column":49},"end":{"line":78,"column":null}}],"line":78},"1":{"loc":{"start":{"line":83,"column":2},"end":{"line":85,"column":null}},"type":"if","locations":[{"start":{"line":83,"column":2},"end":{"line":85,"column":null}},{"start":{},"end":{}}],"line":83},"2":{"loc":{"start":{"line":83,"column":6},"end":{"line":83,"column":94}},"type":"binary-expr","locations":[{"start":{"line":83,"column":6},"end":{"line":83,"column":52}},{"start":{"line":83,"column":52},"end":{"line":83,"column":94}}],"line":83},"3":{"loc":{"start":{"line":86,"column":2},"end":{"line":90,"column":null}},"type":"if","locations":[{"start":{"line":86,"column":2},"end":{"line":90,"column":null}},{"start":{},"end":{}}],"line":86},"4":{"loc":{"start":{"line":91,"column":2},"end":{"line":93,"column":null}},"type":"if","locations":[{"start":{"line":91,"column":2},"end":{"line":93,"column":null}},{"start":{},"end":{}}],"line":91},"5":{"loc":{"start":{"line":91,"column":6},"end":{"line":91,"column":59}},"type":"binary-expr","locations":[{"start":{"line":91,"column":6},"end":{"line":91,"column":41}},{"start":{"line":91,"column":41},"end":{"line":91,"column":59}}],"line":91},"6":{"loc":{"start":{"line":94,"column":2},"end":{"line":98,"column":null}},"type":"if","locations":[{"start":{"line":94,"column":2},"end":{"line":98,"column":null}},{"start":{},"end":{}}],"line":94},"7":{"loc":{"start":{"line":99,"column":2},"end":{"line":106,"column":null}},"type":"if","locations":[{"start":{"line":99,"column":2},"end":{"line":106,"column":null}},{"start":{},"end":{}}],"line":99},"8":{"loc":{"start":{"line":101,"column":4},"end":{"line":105,"column":null}},"type":"if","locations":[{"start":{"line":101,"column":4},"end":{"line":105,"column":null}},{"start":{},"end":{}}],"line":101},"9":{"loc":{"start":{"line":101,"column":8},"end":{"line":101,"column":56}},"type":"binary-expr","locations":[{"start":{"line":101,"column":8},"end":{"line":101,"column":34}},{"start":{"line":101,"column":34},"end":{"line":101,"column":46}},{"start":{"line":101,"column":46},"end":{"line":101,"column":56}}],"line":101},"10":{"loc":{"start":{"line":108,"column":41},"end":{"line":108,"column":74}},"type":"binary-expr","locations":[{"start":{"line":108,"column":41},"end":{"line":108,"column":72}},{"start":{"line":108,"column":72},"end":{"line":108,"column":74}}],"line":108},"11":{"loc":{"start":{"line":110,"column":4},"end":{"line":114,"column":null}},"type":"if","locations":[{"start":{"line":110,"column":4},"end":{"line":114,"column":null}},{"start":{},"end":{}}],"line":110},"12":{"loc":{"start":{"line":110,"column":8},"end":{"line":110,"column":47}},"type":"binary-expr","locations":[{"start":{"line":110,"column":8},"end":{"line":110,"column":36}},{"start":{"line":110,"column":36},"end":{"line":110,"column":47}}],"line":110},"13":{"loc":{"start":{"line":187,"column":6},"end":{"line":189,"column":null}},"type":"if","locations":[{"start":{"line":187,"column":6},"end":{"line":189,"column":null}},{"start":{},"end":{}}],"line":187},"14":{"loc":{"start":{"line":193,"column":6},"end":{"line":198,"column":null}},"type":"if","locations":[{"start":{"line":193,"column":6},"end":{"line":198,"column":null}},{"start":{},"end":{}}],"line":193},"15":{"loc":{"start":{"line":206,"column":15},"end":{"line":206,"column":null}},"type":"binary-expr","locations":[{"start":{"line":206,"column":15},"end":{"line":206,"column":36}},{"start":{"line":206,"column":36},"end":{"line":206,"column":null}}],"line":206},"16":{"loc":{"start":{"line":207,"column":2},"end":{"line":209,"column":null}},"type":"if","locations":[{"start":{"line":207,"column":2},"end":{"line":209,"column":null}},{"start":{},"end":{}}],"line":207},"17":{"loc":{"start":{"line":211,"column":2},"end":{"line":215,"column":null}},"type":"if","locations":[{"start":{"line":211,"column":2},"end":{"line":215,"column":null}},{"start":{},"end":{}}],"line":211},"18":{"loc":{"start":{"line":211,"column":6},"end":{"line":211,"column":51}},"type":"binary-expr","locations":[{"start":{"line":211,"column":6},"end":{"line":211,"column":32}},{"start":{"line":211,"column":32},"end":{"line":211,"column":51}}],"line":211},"19":{"loc":{"start":{"line":216,"column":2},"end":{"line":220,"column":null}},"type":"if","locations":[{"start":{"line":216,"column":2},"end":{"line":220,"column":null}},{"start":{},"end":{}}],"line":216},"20":{"loc":{"start":{"line":216,"column":6},"end":{"line":216,"column":90}},"type":"binary-expr","locations":[{"start":{"line":216,"column":6},"end":{"line":216,"column":49}},{"start":{"line":216,"column":49},"end":{"line":216,"column":90}}],"line":216},"21":{"loc":{"start":{"line":221,"column":2},"end":{"line":225,"column":null}},"type":"if","locations":[{"start":{"line":221,"column":2},"end":{"line":225,"column":null}},{"start":{},"end":{}}],"line":221},"22":{"loc":{"start":{"line":221,"column":6},"end":{"line":221,"column":90}},"type":"binary-expr","locations":[{"start":{"line":221,"column":6},"end":{"line":221,"column":49}},{"start":{"line":221,"column":49},"end":{"line":221,"column":90}}],"line":221}},"s":{"0":19,"1":19,"2":3,"3":67,"4":3,"5":72,"6":72,"7":1,"8":71,"9":1,"10":70,"11":3,"12":67,"13":3,"14":64,"15":47,"16":47,"17":2,"18":62,"19":72,"20":3,"21":2,"22":60,"23":3,"24":2,"25":3,"26":10,"27":2,"28":2,"29":2,"30":1,"31":1,"32":3,"33":1,"34":2,"35":10,"36":3,"37":12,"38":12,"39":1,"40":11,"41":11,"42":1,"43":10,"44":1,"45":9,"46":1,"47":8},"f":{"0":19,"1":67,"2":72,"3":2,"4":10,"5":2,"6":2,"7":3,"8":12},"b":{"0":[67,66,66],"1":[1,71],"2":[72,72],"3":[1,70],"4":[3,67],"5":[70,69],"6":[3,64],"7":[47,17],"8":[2,45],"9":[47,47,46],"10":[62,33],"11":[2,1],"12":[3,2],"13":[1,1],"14":[1,2],"15":[12,0],"16":[1,11],"17":[1,10],"18":[11,10],"19":[1,9],"20":[10,10],"21":[1,8],"22":[9,9]},"meta":{"lastBranch":23,"lastFunction":9,"lastStatement":48,"seen":{"f:26:2:26:14":0,"s:27:4:27:Infinity":0,"s:28:4:28:Infinity":1,"s:77:6:78:Infinity":2,"f:77:6:77:26":1,"s:78:2:78:Infinity":3,"b:78:2:78:27:78:27:78:49:78:49:78:Infinity":0,"s:80:13:124:Infinity":4,"f:80:13:80:31":2,"s:81:68:81:Infinity":5,"b:83:2:85:Infinity:undefined:undefined:undefined:undefined":1,"s:83:2:85:Infinity":6,"b:83:6:83:52:83:52:83:94":2,"s:84:4:84:Infinity":7,"b:86:2:90:Infinity:undefined:undefined:undefined:undefined":3,"s:86:2:90:Infinity":8,"s:87:4:89:Infinity":9,"b:91:2:93:Infinity:undefined:undefined:undefined:undefined":4,"s:91:2:93:Infinity":10,"b:91:6:91:41:91:41:91:59":5,"s:92:4:92:Infinity":11,"b:94:2:98:Infinity:undefined:undefined:undefined:undefined":6,"s:94:2:98:Infinity":12,"s:95:4:97:Infinity":13,"b:99:2:106:Infinity:undefined:undefined:undefined:undefined":7,"s:99:2:106:Infinity":14,"s:100:21:100:Infinity":15,"b:101:4:105:Infinity:undefined:undefined:undefined:undefined":8,"s:101:4:105:Infinity":16,"b:101:8:101:34:101:34:101:46:101:46:101:56":9,"s:102:6:104:Infinity":17,"s:108:33:108:Infinity":18,"b:108:41:108:72:108:72:108:74":10,"s:109:2:115:Infinity":19,"b:110:4:114:Infinity:undefined:undefined:undefined:undefined":11,"s:110:4:114:Infinity":20,"b:110:8:110:36:110:36:110:47":12,"s:111:6:113:Infinity":21,"s:117:2:123:Infinity":22,"s:126:6:132:Infinity":23,"f:126:6:126:16":3,"s:126:63:132:Infinity":24,"s:167:6:203:Infinity":25,"f:167:6:167:Infinity":4,"s:173:29:201:Infinity":26,"f:178:4:178:17":5,"s:179:6:184:Infinity":27,"f:185:4:185:16":6,"s:186:22:186:Infinity":28,"b:187:6:189:Infinity:undefined:undefined:undefined:undefined":13,"s:187:6:189:Infinity":29,"s:188:8:188:Infinity":30,"s:190:6:190:Infinity":31,"f:192:4:192:14":7,"b:193:6:198:Infinity:undefined:undefined:undefined:undefined":14,"s:193:6:198:Infinity":32,"s:194:8:197:Infinity":33,"s:199:6:199:Infinity":34,"s:202:2:202:Infinity":35,"s:205:13:228:Infinity":36,"f:205:13:205:31":8,"s:206:15:206:Infinity":37,"b:206:15:206:36:206:36:206:Infinity":15,"b:207:2:209:Infinity:undefined:undefined:undefined:undefined":16,"s:207:2:209:Infinity":38,"s:208:4:208:Infinity":39,"s:210:19:210:Infinity":40,"b:211:2:215:Infinity:undefined:undefined:undefined:undefined":17,"s:211:2:215:Infinity":41,"b:211:6:211:32:211:32:211:51":18,"s:212:4:214:Infinity":42,"b:216:2:220:Infinity:undefined:undefined:undefined:undefined":19,"s:216:2:220:Infinity":43,"b:216:6:216:49:216:49:216:90":20,"s:217:4:219:Infinity":44,"b:221:2:225:Infinity:undefined:undefined:undefined:undefined":21,"s:221:2:225:Infinity":45,"b:221:6:221:49:221:49:221:90":22,"s:222:4:224:Infinity":46,"s:227:2:227:Infinity":47},"fnNames":{}}}
,"/home/user/vibe-cast/src/domain/scenario/__fixtures__/report-builder.ts": {"path":"/home/user/vibe-cast/src/domain/scenario/__fixtures__/report-builder.ts","statementMap":{"0":{"start":{"line":33,"column":13},"end":{"line":33,"column":null}},"1":{"start":{"line":33,"column":55},"end":{"line":33,"column":null}},"2":{"start":{"line":34,"column":13},"end":{"line":34,"column":null}},"3":{"start":{"line":34,"column":55},"end":{"line":34,"column":null}},"4":{"start":{"line":36,"column":18},"end":{"line":36,"column":null}},"5":{"start":{"line":56,"column":13},"end":{"line":128,"column":null}},"6":{"start":{"line":57,"column":19},"end":{"line":57,"column":null}},"7":{"start":{"line":58,"column":18},"end":{"line":58,"column":null}},"8":{"start":{"line":59,"column":8},"end":{"line":68,"column":null}},"9":{"start":{"line":59,"column":83},"end":{"line":68,"column":4}},"10":{"start":{"line":70,"column":2},"end":{"line":127,"column":null}},"11":{"start":{"line":137,"column":13},"end":{"line":161,"column":null}},"12":{"start":{"line":138,"column":20},"end":{"line":138,"column":null}},"13":{"start":{"line":139,"column":2},"end":{"line":160,"column":null}},"14":{"start":{"line":164,"column":23},"end":{"line":168,"column":null}},"15":{"start":{"line":170,"column":39},"end":{"line":170,"column":null}},"16":{"start":{"line":171,"column":39},"end":{"line":171,"column":null}},"17":{"start":{"line":172,"column":38},"end":{"line":172,"column":null}},"18":{"start":{"line":173,"column":36},"end":{"line":173,"column":null}},"19":{"start":{"line":174,"column":36},"end":{"line":174,"column":null}},"20":{"start":{"line":175,"column":37},"end":{"line":175,"column":null}},"21":{"start":{"line":176,"column":39},"end":{"line":176,"column":null}},"22":{"start":{"line":177,"column":42},"end":{"line":177,"column":null}},"23":{"start":{"line":186,"column":13},"end":{"line":250,"column":null}},"24":{"start":{"line":187,"column":2},"end":{"line":250,"column":null}}},"fnMap":{"0":{"name":"(anonymous_0)","decl":{"start":{"line":33,"column":13},"end":{"line":33,"column":27}},"loc":{"start":{"line":33,"column":55},"end":{"line":33,"column":null}},"line":33},"1":{"name":"(anonymous_1)","decl":{"start":{"line":34,"column":13},"end":{"line":34,"column":27}},"loc":{"start":{"line":34,"column":55},"end":{"line":34,"column":null}},"line":34},"2":{"name":"(anonymous_2)","decl":{"start":{"line":56,"column":13},"end":{"line":56,"column":26}},"loc":{"start":{"line":56,"column":65},"end":{"line":128,"column":null}},"line":56},"3":{"name":"(anonymous_3)","decl":{"start":{"line":59,"column":71},"end":{"line":59,"column":76}},"loc":{"start":{"line":59,"column":83},"end":{"line":68,"column":4}},"line":59},"4":{"name":"(anonymous_4)","decl":{"start":{"line":137,"column":13},"end":{"line":137,"column":24}},"loc":{"start":{"line":137,"column":72},"end":{"line":161,"column":null}},"line":137},"5":{"name":"(anonymous_5)","decl":{"start":{"line":186,"column":13},"end":{"line":186,"column":null}},"loc":{"start":{"line":187,"column":2},"end":{"line":250,"column":null}},"line":187}},"branchMap":{"0":{"loc":{"start":{"line":57,"column":19},"end":{"line":57,"column":null}},"type":"binary-expr","locations":[{"start":{"line":57,"column":19},"end":{"line":57,"column":36}},{"start":{"line":57,"column":36},"end":{"line":57,"column":null}}],"line":57},"1":{"loc":{"start":{"line":58,"column":18},"end":{"line":58,"column":null}},"type":"binary-expr","locations":[{"start":{"line":58,"column":18},"end":{"line":58,"column":34}},{"start":{"line":58,"column":34},"end":{"line":58,"column":null}}],"line":58},"2":{"loc":{"start":{"line":59,"column":51},"end":{"line":59,"column":69}},"type":"binary-expr","locations":[{"start":{"line":59,"column":51},"end":{"line":59,"column":67}},{"start":{"line":59,"column":67},"end":{"line":59,"column":69}}],"line":59},"3":{"loc":{"start":{"line":73,"column":22},"end":{"line":73,"column":null}},"type":"binary-expr","locations":[{"start":{"line":73,"column":22},"end":{"line":73,"column":47}},{"start":{"line":73,"column":47},"end":{"line":73,"column":null}}],"line":73},"4":{"loc":{"start":{"line":80,"column":23},"end":{"line":80,"column":null}},"type":"binary-expr","locations":[{"start":{"line":80,"column":23},"end":{"line":80,"column":49}},{"start":{"line":80,"column":49},"end":{"line":80,"column":null}}],"line":80},"5":{"loc":{"start":{"line":81,"column":17},"end":{"line":81,"column":null}},"type":"binary-expr","locations":[{"start":{"line":81,"column":17},"end":{"line":81,"column":37}},{"start":{"line":81,"column":37},"end":{"line":81,"column":null}}],"line":81},"6":{"loc":{"start":{"line":82,"column":31},"end":{"line":82,"column":null}},"type":"binary-expr","locations":[{"start":{"line":82,"column":31},"end":{"line":82,"column":65}},{"start":{"line":82,"column":65},"end":{"line":82,"column":null}}],"line":82},"7":{"loc":{"start":{"line":92,"column":13},"end":{"line":92,"column":null}},"type":"binary-expr","locations":[{"start":{"line":92,"column":13},"end":{"line":92,"column":36}},{"start":{"line":92,"column":36},"end":{"line":92,"column":null}}],"line":92},"8":{"loc":{"start":{"line":109,"column":12},"end":{"line":109,"column":null}},"type":"binary-expr","locations":[{"start":{"line":109,"column":12},"end":{"line":109,"column":25}},{"start":{"line":109,"column":25},"end":{"line":109,"column":null}}],"line":109},"9":{"loc":{"start":{"line":137,"column":24},"end":{"line":137,"column":72}},"type":"default-arg","locations":[{"start":{"line":137,"column":43},"end":{"line":137,"column":72}}],"line":137},"10":{"loc":{"start":{"line":138,"column":20},"end":{"line":138,"column":null}},"type":"binary-expr","locations":[{"start":{"line":138,"column":20},"end":{"line":138,"column":38}},{"start":{"line":138,"column":38},"end":{"line":138,"column":null}}],"line":138},"11":{"loc":{"start":{"line":140,"column":27},"end":{"line":140,"column":60}},"type":"binary-expr","locations":[{"start":{"line":140,"column":27},"end":{"line":140,"column":38}},{"start":{"line":140,"column":38},"end":{"line":140,"column":60}}],"line":140},"12":{"loc":{"start":{"line":141,"column":27},"end":{"line":141,"column":52}},"type":"binary-expr","locations":[{"start":{"line":141,"column":27},"end":{"line":141,"column":40}},{"start":{"line":141,"column":40},"end":{"line":141,"column":52}}],"line":141}},"s":{"0":8,"1":132,"2":8,"3":162,"4":8,"5":8,"6":378,"7":378,"8":378,"9":204,"10":378,"11":8,"12":132,"13":132,"14":8,"15":8,"16":8,"17":8,"18":8,"19":8,"20":8,"21":8,"22":8,"23":8,"24":34},"f":{"0":132,"1":162,"2":378,"3":204,"4":132,"5":34},"b":{"0":[378,81],"1":[378,139],"2":[378,310],"3":[378,378],"4":[378,378],"5":[378,139],"6":[378,378],"7":[378,378],"8":[378,137],"9":[132],"10":[132,56],"11":[132,20],"12":[132,26]},"meta":{"lastBranch":13,"lastFunction":6,"lastStatement":25,"seen":{"s:33:13:33:Infinity":0,"f:33:13:33:27":0,"s:33:55:33:Infinity":1,"s:34:13:34:Infinity":2,"f:34:13:34:27":1,"s:34:55:34:Infinity":3,"s:36:18:36:Infinity":4,"s:56:13:128:Infinity":5,"f:56:13:56:26":2,"s:57:19:57:Infinity":6,"b:57:19:57:36:57:36:57:Infinity":0,"s:58:18:58:Infinity":7,"b:58:18:58:34:58:34:58:Infinity":1,"s:59:8:68:Infinity":8,"b:59:51:59:67:59:67:59:69":2,"f:59:71:59:76":3,"s:59:83:68:4":9,"s:70:2:127:Infinity":10,"b:73:22:73:47:73:47:73:Infinity":3,"b:80:23:80:49:80:49:80:Infinity":4,"b:81:17:81:37:81:37:81:Infinity":5,"b:82:31:82:65:82:65:82:Infinity":6,"b:92:13:92:36:92:36:92:Infinity":7,"b:109:12:109:25:109:25:109:Infinity":8,"s:137:13:161:Infinity":11,"f:137:13:137:24":4,"b:137:43:137:72":9,"s:138:20:138:Infinity":12,"b:138:20:138:38:138:38:138:Infinity":10,"s:139:2:160:Infinity":13,"b:140:27:140:38:140:38:140:60":11,"b:141:27:141:40:141:40:141:52":12,"s:164:23:168:Infinity":14,"s:170:39:170:Infinity":15,"s:171:39:171:Infinity":16,"s:172:38:172:Infinity":17,"s:173:36:173:Infinity":18,"s:174:36:174:Infinity":19,"s:175:37:175:Infinity":20,"s:176:39:176:Infinity":21,"s:177:42:177:Infinity":22,"s:186:13:250:Infinity":23,"f:186:13:186:Infinity":5,"s:187:2:250:Infinity":24},"fnNames":{}}}
,"/home/user/vibe-cast/src/domain/timeline/bulletin-timeline.ts": {"path":"/home/user/vibe-cast/src/domain/timeline/bulletin-timeline.ts","statementMap":{"0":{"start":{"line":23,"column":4},"end":{"line":23,"column":null}},"1":{"start":{"line":24,"column":4},"end":{"line":24,"column":null}},"2":{"start":{"line":50,"column":6},"end":{"line":65,"column":null}},"3":{"start":{"line":51,"column":2},"end":{"line":53,"column":null}},"4":{"start":{"line":52,"column":4},"end":{"line":52,"column":null}},"5":{"start":{"line":54,"column":2},"end":{"line":58,"column":null}},"6":{"start":{"line":55,"column":4},"end":{"line":57,"column":null}},"7":{"start":{"line":59,"column":2},"end":{"line":64,"column":null}},"8":{"start":{"line":60,"column":4},"end":{"line":63,"column":null}},"9":{"start":{"line":67,"column":6},"end":{"line":75,"column":null}},"10":{"start":{"line":68,"column":2},"end":{"line":75,"column":null}},"11":{"start":{"line":69,"column":21},"end":{"line":69,"column":null}},"12":{"start":{"line":70,"column":4},"end":{"line":74,"column":null}},"13":{"start":{"line":77,"column":6},"end":{"line":92,"column":null}},"14":{"start":{"line":77,"column":79},"end":{"line":92,"column":null}},"15":{"start":{"line":83,"column":4},"end":{"line":83,"column":null}},"16":{"start":{"line":86,"column":4},"end":{"line":86,"column":null}},"17":{"start":{"line":86,"column":31},"end":{"line":86,"column":68}},"18":{"start":{"line":86,"column":71},"end":{"line":86,"column":null}},"19":{"start":{"line":87,"column":27},"end":{"line":87,"column":null}},"20":{"start":{"line":87,"column":52},"end":{"line":87,"column":89}},"21":{"start":{"line":88,"column":4},"end":{"line":90,"column":null}},"22":{"start":{"line":89,"column":49},"end":{"line":89,"column":95}},"23":{"start":{"line":94,"column":13},"end":{"line":94,"column":null}},"24":{"start":{"line":94,"column":53},"end":{"line":94,"column":null}},"25":{"start":{"line":96,"column":13},"end":{"line":98,"column":null}},"26":{"start":{"line":98,"column":23},"end":{"line":98,"column":null}},"27":{"start":{"line":98,"column":66},"end":{"line":98,"column":76}},"28":{"start":{"line":101,"column":13},"end":{"line":102,"column":null}},"29":{"start":{"line":102,"column":2},"end":{"line":102,"column":null}},"30":{"start":{"line":102,"column":30},"end":{"line":102,"column":42}}},"fnMap":{"0":{"name":"constructor","decl":{"start":{"line":22,"column":2},"end":{"line":22,"column":14}},"loc":{"start":{"line":22,"column":31},"end":{"line":25,"column":null}},"line":22},"1":{"name":"(anonymous_1)","decl":{"start":{"line":50,"column":6},"end":{"line":50,"column":18}},"loc":{"start":{"line":50,"column":57},"end":{"line":65,"column":null}},"line":50},"2":{"name":"(anonymous_2)","decl":{"start":{"line":67,"column":6},"end":{"line":67,"column":17}},"loc":{"start":{"line":68,"column":2},"end":{"line":75,"column":null}},"line":68},"3":{"name":"(anonymous_3)","decl":{"start":{"line":68,"column":19},"end":{"line":68,"column":24}},"loc":{"start":{"line":68,"column":43},"end":{"line":75,"column":3}},"line":68},"4":{"name":"(anonymous_4)","decl":{"start":{"line":77,"column":6},"end":{"line":77,"column":15}},"loc":{"start":{"line":77,"column":79},"end":{"line":92,"column":null}},"line":77},"5":{"name":"(anonymous_5)","decl":{"start":{"line":82,"column":2},"end":{"line":82,"column":8}},"loc":{"start":{"line":82,"column":19},"end":{"line":91,"column":null}},"line":82},"6":{"name":"(anonymous_6)","decl":{"start":{"line":86,"column":16},"end":{"line":86,"column":22}},"loc":{"start":{"line":86,"column":31},"end":{"line":86,"column":68}},"line":86},"7":{"name":"(anonymous_7)","decl":{"start":{"line":87,"column":35},"end":{"line":87,"column":43}},"loc":{"start":{"line":87,"column":52},"end":{"line":87,"column":89}},"line":87},"8":{"name":"(anonymous_8)","decl":{"start":{"line":89,"column":34},"end":{"line":89,"column":40}},"loc":{"start":{"line":89,"column":49},"end":{"line":89,"column":95}},"line":89},"9":{"name":"(anonymous_9)","decl":{"start":{"line":94,"column":13},"end":{"line":94,"column":53}},"loc":{"start":{"line":94,"column":53},"end":{"line":94,"column":null}},"line":94},"10":{"name":"(anonymous_10)","decl":{"start":{"line":96,"column":13},"end":{"line":96,"column":null}},"loc":{"start":{"line":98,"column":23},"end":{"line":98,"column":null}},"line":98},"11":{"name":"(anonymous_11)","decl":{"start":{"line":98,"column":31},"end":{"line":98,"column":57}},"loc":{"start":{"line":98,"column":66},"end":{"line":98,"column":76}},"line":98},"12":{"name":"(anonymous_12)","decl":{"start":{"line":101,"column":13},"end":{"line":101,"column":29}},"loc":{"start":{"line":102,"column":2},"end":{"line":102,"column":null}},"line":102},"13":{"name":"(anonymous_13)","decl":{"start":{"line":102,"column":19},"end":{"line":102,"column":24}},"loc":{"start":{"line":102,"column":30},"end":{"line":102,"column":42}},"line":102}},"branchMap":{"0":{"loc":{"start":{"line":51,"column":2},"end":{"line":53,"column":null}},"type":"if","locations":[{"start":{"line":51,"column":2},"end":{"line":53,"column":null}},{"start":{},"end":{}}],"line":51},"1":{"loc":{"start":{"line":51,"column":6},"end":{"line":51,"column":47}},"type":"binary-expr","locations":[{"start":{"line":51,"column":6},"end":{"line":51,"column":30}},{"start":{"line":51,"column":30},"end":{"line":51,"column":47}}],"line":51},"2":{"loc":{"start":{"line":54,"column":2},"end":{"line":58,"column":null}},"type":"if","locations":[{"start":{"line":54,"column":2},"end":{"line":58,"column":null}},{"start":{},"end":{}}],"line":54},"3":{"loc":{"start":{"line":54,"column":6},"end":{"line":54,"column":86}},"type":"binary-expr","locations":[{"start":{"line":54,"column":6},"end":{"line":54,"column":47}},{"start":{"line":54,"column":47},"end":{"line":54,"column":86}}],"line":54},"4":{"loc":{"start":{"line":59,"column":2},"end":{"line":64,"column":null}},"type":"if","locations":[{"start":{"line":59,"column":2},"end":{"line":64,"column":null}},{"start":{},"end":{}}],"line":59},"5":{"loc":{"start":{"line":59,"column":6},"end":{"line":59,"column":86}},"type":"binary-expr","locations":[{"start":{"line":59,"column":6},"end":{"line":59,"column":47}},{"start":{"line":59,"column":47},"end":{"line":59,"column":86}}],"line":59},"6":{"loc":{"start":{"line":86,"column":4},"end":{"line":86,"column":null}},"type":"if","locations":[{"start":{"line":86,"column":4},"end":{"line":86,"column":null}},{"start":{},"end":{}}],"line":86}},"s":{"0":4,"1":4,"2":4,"3":50,"4":1,"5":49,"6":1,"7":48,"8":2,"9":4,"10":78,"11":25,"12":25,"13":4,"14":78,"15":50,"16":50,"17":28,"18":2,"19":44,"20":26,"21":44,"22":27,"23":4,"24":32,"25":4,"26":17,"27":36,"28":4,"29":1,"30":2},"f":{"0":4,"1":50,"2":78,"3":25,"4":78,"5":50,"6":28,"7":26,"8":27,"9":32,"10":17,"11":36,"12":1,"13":2},"b":{"0":[1,49],"1":[50,49],"2":[1,48],"3":[49,49],"4":[2,46],"5":[48,48],"6":[2,48]},"meta":{"lastBranch":7,"lastFunction":14,"lastStatement":31,"seen":{"f:22:2:22:14":0,"s:23:4:23:Infinity":0,"s:24:4:24:Infinity":1,"s:50:6:65:Infinity":2,"f:50:6:50:18":1,"b:51:2:53:Infinity:undefined:undefined:undefined:undefined":0,"s:51:2:53:Infinity":3,"b:51:6:51:30:51:30:51:47":1,"s:52:4:52:Infinity":4,"b:54:2:58:Infinity:undefined:undefined:undefined:undefined":2,"s:54:2:58:Infinity":5,"b:54:6:54:47:54:47:54:86":3,"s:55:4:57:Infinity":6,"b:59:2:64:Infinity:undefined:undefined:undefined:undefined":4,"s:59:2:64:Infinity":7,"b:59:6:59:47:59:47:59:86":5,"s:60:4:63:Infinity":8,"s:67:6:75:Infinity":9,"f:67:6:67:17":2,"s:68:2:75:Infinity":10,"f:68:19:68:24":3,"s:69:21:69:Infinity":11,"s:70:4:74:Infinity":12,"s:77:6:92:Infinity":13,"f:77:6:77:15":4,"s:77:79:92:Infinity":14,"f:82:2:82:8":5,"s:83:4:83:Infinity":15,"b:86:4:86:Infinity:undefined:undefined:undefined:undefined":6,"s:86:4:86:Infinity":16,"f:86:16:86:22":6,"s:86:31:86:68":17,"s:86:71:86:Infinity":18,"s:87:27:87:Infinity":19,"f:87:35:87:43":7,"s:87:52:87:89":20,"s:88:4:90:Infinity":21,"f:89:34:89:40":8,"s:89:49:89:95":22,"s:94:13:94:Infinity":23,"f:94:13:94:53":9,"s:94:53:94:Infinity":24,"s:96:13:98:Infinity":25,"f:96:13:96:Infinity":10,"s:98:23:98:Infinity":26,"f:98:31:98:57":11,"s:98:66:98:76":27,"s:101:13:102:Infinity":28,"f:101:13:101:29":12,"s:102:2:102:Infinity":29,"f:102:19:102:24":13,"s:102:30:102:42":30},"fnNames":{}}}
[...]
,"/home/user/vibe-cast/src/domain/timeline/newly-affected.ts": {"path":"/home/user/vibe-cast/src/domain/timeline/newly-affected.ts","statementMap":{"0":{"start":{"line":48,"column":6},"end":{"line":56,"column":null}},"1":{"start":{"line":51,"column":2},"end":{"line":56,"column":null}},"2":{"start":{"line":52,"column":32},"end":{"line":55,"column":5}},"3":{"start":{"line":58,"column":13},"end":{"line":130,"column":null}},"4":{"start":{"line":62,"column":17},"end":{"line":62,"column":null}},"5":{"start":{"line":63,"column":14},"end":{"line":63,"column":null}},"6":{"start":{"line":65,"column":46},"end":{"line":65,"column":null}},"7":{"start":{"line":66,"column":43},"end":{"line":66,"column":null}},"8":{"start":{"line":67,"column":48},"end":{"line":67,"column":null}},"9":{"start":{"line":69,"column":2},"end":{"line":111,"column":null}},"10":{"start":{"line":70,"column":21},"end":{"line":70,"column":null}},"11":{"start":{"line":72,"column":4},"end":{"line":80,"column":null}},"12":{"start":{"line":73,"column":6},"end":{"line":78,"column":null}},"13":{"start":{"line":79,"column":6},"end":{"line":79,"column":null}},"14":{"start":{"line":81,"column":4},"end":{"line":89,"column":null}},"15":{"start":{"line":82,"column":6},"end":{"line":87,"column":null}},"16":{"start":{"line":88,"column":6},"end":{"line":88,"column":null}},"17":{"start":{"line":91,"column":31},"end":{"line":91,"column":null}},"18":{"start":{"line":92,"column":4},"end":{"line":110,"column":null}},"19":{"start":{"line":93,"column":6},"end":{"line":98,"column":null}},"20":{"start":{"line":99,"column":11},"end":{"line":110,"column":null}},"21":{"start":{"line":104,"column":6},"end":{"line":109,"column":null}},"22":{"start":{"line":115,"column":2},"end":{"line":121,"column":null}},"23":{"start":{"line":116,"column":4},"end":{"line":116,"column":null}},"24":{"start":{"line":116,"column":22},"end":{"line":116,"column":null}},"25":{"start":{"line":117,"column":4},"end":{"line":120,"column":null}},"26":{"start":{"line":123,"column":2},"end":{"line":129,"column":null}},"27":{"start":{"line":133,"column":13},"end":{"line":138,"column":null}},"28":{"start":{"line":136,"column":2},"end":{"line":138,"column":null}},"29":{"start":{"line":137,"column":22},"end":{"line":137,"column":41}},"30":{"start":{"line":138,"column":19},"end":{"line":138,"column":67}}},"fnMap":{"0":{"name":"(anonymous_0)","decl":{"start":{"line":48,"column":6},"end":{"line":48,"column":null}},"loc":{"start":{"line":51,"column":2},"end":{"line":56,"column":null}},"line":51},"1":{"name":"(anonymous_1)","decl":{"start":{"line":52,"column":21},"end":{"line":52,"column":26}},"loc":{"start":{"line":52,"column":32},"end":{"line":55,"column":5}},"line":52},"2":{"name":"(anonymous_2)","decl":{"start":{"line":58,"column":13},"end":{"line":58,"column":null}},"loc":{"start":{"line":61,"column":23},"end":{"line":130,"column":null}},"line":61},"3":{"name":"(anonymous_3)","decl":{"start":{"line":133,"column":13},"end":{"line":133,"column":null}},"loc":{"start":{"line":136,"column":2},"end":{"line":138,"column":null}},"line":136},"4":{"name":"(anonymous_4)","decl":{"start":{"line":137,"column":5},"end":{"line":137,"column":13}},"loc":{"start":{"line":137,"column":22},"end":{"line":137,"column":41}},"line":137},"5":{"name":"(anonymous_5)","decl":{"start":{"line":138,"column":5},"end":{"line":138,"column":10}},"loc":{"start":{"line":138,"column":19},"end":{"line":138,"column":67}},"line":138}},"branchMap":{"0":{"loc":{"start":{"line":72,"column":4},"end":{"line":80,"column":null}},"type":"if","locations":[{"start":{"line":72,"column":4},"end":{"line":80,"column":null}},{"start":{},"end":{}}],"line":72},"1":{"loc":{"start":{"line":81,"column":4},"end":{"line":89,"column":null}},"type":"if","locations":[{"start":{"line":81,"column":4},"end":{"line":89,"column":null}},{"start":{},"end":{}}],"line":81},"2":{"loc":{"start":{"line":81,"column":8},"end":{"line":81,"column":67}},"type":"binary-expr","locations":[{"start":{"line":81,"column":8},"end":{"line":81,"column":34}},{"start":{"line":81,"column":34},"end":{"line":81,"column":67}}],"line":81},"3":{"loc":{"start":{"line":92,"column":4},"end":{"line":110,"column":null}},"type":"if","locations":[{"start":{"line":92,"column":4},"end":{"line":110,"column":null}},{"start":{"line":99,"column":11},"end":{"line":110,"column":null}}],"line":92},"4":{"loc":{"start":{"line":92,"column":8},"end":{"line":92,"column":96}},"type":"binary-expr","locations":[{"start":{"line":92,"column":8},"end":{"line":92,"column":33}},{"start":{"line":92,"column":33},"end":{"line":92,"column":69}},{"start":{"line":92,"column":69},"end":{"line":92,"column":96}}],"line":92},"5":{"loc":{"start":{"line":99,"column":11},"end":{"line":110,"column":null}},"type":"if","locations":[{"start":{"line":99,"column":11},"end":{"line":110,"column":null}},{"start":{},"end":{}}],"line":99},"6":{"loc":{"start":{"line":100,"column":6},"end":{"line":102,"column":null}},"type":"binary-expr","locations":[{"start":{"line":100,"column":6},"end":{"line":100,"column":null}},{"start":{"line":101,"column":6},"end":{"line":101,"column":null}},{"start":{"line":102,"column":6},"end":{"line":102,"column":null}}],"line":100},"7":{"loc":{"start":{"line":116,"column":4},"end":{"line":116,"column":null}},"type":"if","locations":[{"start":{"line":116,"column":4},"end":{"line":116,"column":null}},{"start":{},"end":{}}],"line":116}},"s":{"0":1,"1":20,"2":49,"3":1,"4":10,"5":10,"6":10,"7":10,"8":10,"9":10,"10":27,"11":27,"12":1,"13":1,"14":26,"15":1,"16":1,"17":25,"18":27,"19":13,"20":12,"21":6,"22":10,"23":22,"24":21,"25":1,"26":10,"27":1,"28":3,"29":2,"30":1},"f":{"0":20,"1":49,"2":10,"3":3,"4":2,"5":1},"b":{"0":[1,26],"1":[1,25],"2":[26,20],"3":[13,12],"4":[27,19,13],"5":[6,6],"6":[12,6,6],"7":[21,1]},"meta":{"lastBranch":8,"lastFunction":6,"lastStatement":31,"seen":{"s:48:6:56:Infinity":0,"f:48:6:48:Infinity":0,"s:51:2:56:Infinity":1,"f:52:21:52:26":1,"s:52:32:55:5":2,"s:58:13:130:Infinity":3,"f:58:13:58:Infinity":2,"s:62:17:62:Infinity":4,"s:63:14:63:Infinity":5,"s:65:46:65:Infinity":6,"s:66:43:66:Infinity":7,"s:67:48:67:Infinity":8,"s:69:2:111:Infinity":9,"s:70:21:70:Infinity":10,"b:72:4:80:Infinity:undefined:undefined:undefined:undefined":0,"s:72:4:80:Infinity":11,"s:73:6:78:Infinity":12,"s:79:6:79:Infinity":13,"b:81:4:89:Infinity:undefined:undefined:undefined:undefined":1,"s:81:4:89:Infinity":14,"b:81:8:81:34:81:34:81:67":2,"s:82:6:87:Infinity":15,"s:88:6:88:Infinity":16,"s:91:31:91:Infinity":17,"b:92:4:110:Infinity:99:11:110:Infinity":3,"s:92:4:110:Infinity":18,"b:92:8:92:33:92:33:92:69:92:69:92:96":4,"s:93:6:98:Infinity":19,"b:99:11:110:Infinity:undefined:undefined:undefined:undefined":5,"s:99:11:110:Infinity":20,"b:100:6:100:Infinity:101:6:101:Infinity:102:6:102:Infinity":6,"s:104:6:109:Infinity":21,"s:115:2:121:Infinity":22,"b:116:4:116:Infinity:undefined:undefined:undefined:undefined":7,"s:116:4:116:Infinity":23,"s:116:22:116:Infinity":24,"s:117:4:120:Infinity":25,"s:123:2:129:Infinity":26,"s:133:13:138:Infinity":27,"f:133:13:133:Infinity":3,"s:136:2:138:Infinity":28,"f:137:5:137:13":4,"s:137:22:137:41":29,"f:138:5:138:10":5,"s:138:19:138:67":30},"fnNames":{}}}
,"/home/user/vibe-cast/src/domain/timeline/report-date.ts": {"path":"/home/user/vibe-cast/src/domain/timeline/report-date.ts","statementMap":{"0":{"start":{"line":12,"column":17},"end":{"line":12,"column":null}},"1":{"start":{"line":14,"column":6},"end":{"line":15,"column":null}},"2":{"start":{"line":15,"column":3},"end":{"line":15,"column":null}},"3":{"start":{"line":17,"column":6},"end":{"line":18,"column":null}},"4":{"start":{"line":18,"column":2},"end":{"line":18,"column":null}},"5":{"start":{"line":22,"column":6},"end":{"line":31,"column":null}},"6":{"start":{"line":23,"column":16},"end":{"line":23,"column":null}},"7":{"start":{"line":24,"column":2},"end":{"line":24,"column":null}},"8":{"start":{"line":24,"column":22},"end":{"line":24,"column":null}},"9":{"start":{"line":25,"column":15},"end":{"line":25,"column":null}},"10":{"start":{"line":26,"column":16},"end":{"line":26,"column":null}},"11":{"start":{"line":27,"column":14},"end":{"line":27,"column":null}},"12":{"start":{"line":28,"column":2},"end":{"line":28,"column":null}},"13":{"start":{"line":28,"column":31},"end":{"line":28,"column":null}},"14":{"start":{"line":29,"column":2},"end":{"line":29,"column":null}},"15":{"start":{"line":29,"column":49},"end":{"line":29,"column":null}},"16":{"start":{"line":30,"column":2},"end":{"line":30,"column":null}},"17":{"start":{"line":33,"column":13},"end":{"line":33,"column":null}},"18":{"start":{"line":33,"column":60},"end":{"line":33,"column":null}},"19":{"start":{"line":36,"column":6},"end":{"line":43,"column":null}},"20":{"start":{"line":37,"column":12},"end":{"line":37,"column":null}},"21":{"start":{"line":38,"column":14},"end":{"line":38,"column":null}},"22":{"start":{"line":39,"column":14},"end":{"line":39,"column":null}},"23":{"start":{"line":40,"column":14},"end":{"line":40,"column":null}},"24":{"start":{"line":41,"column":14},"end":{"line":41,"column":null}},"25":{"start":{"line":42,"column":2},"end":{"line":42,"column":null}},"26":{"start":{"line":45,"column":6},"end":{"line":56,"column":null}},"27":{"start":{"line":46,"column":12},"end":{"line":46,"column":null}},"28":{"start":{"line":47,"column":14},"end":{"line":47,"column":null}},"29":{"start":{"line":48,"column":14},"end":{"line":48,"column":null}},"30":{"start":{"line":49,"column":14},"end":{"line":49,"column":null}},"31":{"start":{"line":50,"column":12},"end":{"line":50,"column":null}},"32":{"start":{"line":51,"column":14},"end":{"line":51,"column":null}},"33":{"start":{"line":52,"column":13},"end":{"line":52,"column":null}},"34":{"start":{"line":53,"column":14},"end":{"line":53,"column":null}},"35":{"start":{"line":54,"column":16},"end":{"line":54,"column":null}},"36":{"start":{"line":55,"column":2},"end":{"line":55,"column":null}},"37":{"start":{"line":58,"column":6},"end":{"line":58,"column":null}},"38":{"start":{"line":58,"column":50},"end":{"line":58,"column":null}},"39":{"start":{"line":60,"column":6},"end":{"line":61,"column":null}},"40":{"start":{"line":61,"column":2},"end":{"line":61,"column":null}},"41":{"start":{"line":63,"column":6},"end":{"line":69,"column":null}},"42":{"start":{"line":64,"column":16},"end":{"line":64,"column":null}},"43":{"start":{"line":65,"column":2},"end":{"line":67,"column":null}},"44":{"start":{"line":66,"column":4},"end":{"line":66,"column":null}},"45":{"start":{"line":68,"column":2},"end":{"line":68,"column":null}},"46":{"start":{"line":72,"column":13},"end":{"line":73,"column":null}},"47":{"start":{"line":73,"column":2},"end":{"line":73,"column":null}},"48":{"start":{"line":75,"column":13},"end":{"line":76,"column":null}},"49":{"start":{"line":76,"column":2},"end":{"line":76,"column":null}},"50":{"start":{"line":79,"column":13},"end":{"line":85,"column":null}},"51":{"start":{"line":80,"column":16},"end":{"line":80,"column":null}},"52":{"start":{"line":81,"column":14},"end":{"line":81,"column":null}},"53":{"start":{"line":82,"column":32},"end":{"line":82,"column":null}},"54":{"start":{"line":83,"column":2},"end":{"line":83,"column":null}},"55":{"start":{"line":83,"column":17},"end":{"line":83,"column":28}},"56":{"start":{"line":83,"column":49},"end":{"line":83,"column":null}},"57":{"start":{"line":84,"column":2},"end":{"line":84,"column":null}}},"fnMap":{"0":{"name":"(anonymous_0)","decl":{"start":{"line":14,"column":6},"end":{"line":14,"column":20}},"loc":{"start":{"line":15,"column":3},"end":{"line":15,"column":null}},"line":15},"1":{"name":"(anonymous_1)","decl":{"start":{"line":17,"column":6},"end":{"line":17,"column":21}},"loc":{"start":{"line":18,"column":2},"end":{"line":18,"column":null}},"line":18},"2":{"name":"(anonymous_2)","decl":{"start":{"line":22,"column":6},"end":{"line":22,"column":15}},"loc":{"start":{"line":22,"column":55},"end":{"line":31,"column":null}},"line":22},"3":{"name":"(anonymous_3)","decl":{"start":{"line":33,"column":13},"end":{"line":33,"column":34}},"loc":{"start":{"line":33,"column":60},"end":{"line":33,"column":null}},"line":33},"4":{"name":"(anonymous_4)","decl":{"start":{"line":36,"column":6},"end":{"line":36,"column":21}},"loc":{"start":{"line":36,"column":49},"end":{"line":43,"column":null}},"line":36},"5":{"name":"(anonymous_5)","decl":{"start":{"line":45,"column":6},"end":{"line":45,"column":23}},"loc":{"start":{"line":45,"column":56},"end":{"line":56,"column":null}},"line":45},"6":{"name":"(anonymous_6)","decl":{"start":{"line":58,"column":6},"end":{"line":58,"column":13}},"loc":{"start":{"line":58,"column":50},"end":{"line":58,"column":null}},"line":58},"7":{"name":"(anonymous_7)","decl":{"start":{"line":60,"column":6},"end":{"line":60,"column":16}},"loc":{"start":{"line":61,"column":2},"end":{"line":61,"column":null}},"line":61},"8":{"name":"(anonymous_8)","decl":{"start":{"line":63,"column":6},"end":{"line":63,"column":21}},"loc":{"start":{"line":63,"column":50},"end":{"line":69,"column":null}},"line":63},"9":{"name":"(anonymous_9)","decl":{"start":{"line":72,"column":13},"end":{"line":72,"column":28}},"loc":{"start":{"line":73,"column":2},"end":{"line":73,"column":null}},"line":73},"10":{"name":"(anonymous_10)","decl":{"start":{"line":75,"column":13},"end":{"line":75,"column":35}},"loc":{"start":{"line":76,"column":2},"end":{"line":76,"column":null}},"line":76},"11":{"name":"(anonymous_11)","decl":{"start":{"line":79,"column":13},"end":{"line":79,"column":31}},"loc":{"start":{"line":79,"column":91},"end":{"line":85,"column":null}},"line":79}},"branchMap":{"0":{"loc":{"start":{"line":15,"column":3},"end":{"line":15,"column":null}},"type":"binary-expr","locations":[{"start":{"line":15,"column":3},"end":{"line":15,"column":21}},{"start":{"line":15,"column":21},"end":{"line":15,"column":42}},{"start":{"line":15,"column":42},"end":{"line":15,"column":null}}],"line":15},"1":{"loc":{"start":{"line":18,"column":2},"end":{"line":18,"column":null}},"type":"binary-expr","locations":[{"start":{"line":18,"column":2},"end":{"line":18,"column":89}},{"start":{"line":18,"column":89},"end":{"line":18,"column":null}}],"line":18},"2":{"loc":{"start":{"line":18,"column":7},"end":{"line":18,"column":35}},"type":"cond-expr","locations":[{"start":{"line":18,"column":26},"end":{"line":18,"column":31}},{"start":{"line":18,"column":31},"end":{"line":18,"column":35}}],"line":18},"3":{"loc":{"start":{"line":24,"column":2},"end":{"line":24,"column":null}},"type":"if","locations":[{"start":{"line":24,"column":2},"end":{"line":24,"column":null}},{"start":{},"end":{}}],"line":24},"4":{"loc":{"start":{"line":28,"column":2},"end":{"line":28,"column":null}},"type":"if","locations":[{"start":{"line":28,"column":2},"end":{"line":28,"column":null}},{"start":{},"end":{}}],"line":28},"5":{"loc":{"start":{"line":28,"column":6},"end":{"line":28,"column":31}},"type":"binary-expr","locations":[{"start":{"line":28,"column":6},"end":{"line":28,"column":19}},{"start":{"line":28,"column":19},"end":{"line":28,"column":31}}],"line":28},"6":{"loc":{"start":{"line":29,"column":2},"end":{"line":29,"column":null}},"type":"if","locations":[{"start":{"line":29,"column":2},"end":{"line":29,"column":null}},{"start":{},"end":{}}],"line":29},"7":{"loc":{"start":{"line":29,"column":6},"end":{"line":29,"column":49}},"type":"binary-expr","locations":[{"start":{"line":29,"column":6},"end":{"line":29,"column":17}},{"start":{"line":29,"column":17},"end":{"line":29,"column":49}}],"line":29},"8":{"loc":{"start":{"line":37,"column":25},"end":{"line":37,"column":null}},"type":"cond-expr","locations":[{"start":{"line":37,"column":43},"end":{"line":37,"column":47}},{"start":{"line":37,"column":47},"end":{"line":37,"column":null}}],"line":37},"9":{"loc":{"start":{"line":40,"column":47},"end":{"line":40,"column":75}},"type":"cond-expr","locations":[{"start":{"line":40,"column":64},"end":{"line":40,"column":69}},{"start":{"line":40,"column":69},"end":{"line":40,"column":75}}],"line":40},"10":{"loc":{"start":{"line":54,"column":22},"end":{"line":54,"column":null}},"type":"cond-expr","locations":[{"start":{"line":54,"column":32},"end":{"line":54,"column":36}},{"start":{"line":54,"column":36},"end":{"line":54,"column":null}}],"line":54},"11":{"loc":{"start":{"line":55,"column":22},"end":{"line":55,"column":43}},"type":"cond-expr","locations":[{"start":{"line":55,"column":35},"end":{"line":55,"column":39}},{"start":{"line":55,"column":39},"end":{"line":55,"column":43}}],"line":55},"12":{"loc":{"start":{"line":65,"column":2},"end":{"line":67,"column":null}},"type":"if","locations":[{"start":{"line":65,"column":2},"end":{"line":67,"column":null}},{"start":{},"end":{}}],"line":65}},"s":{"0":5,"1":5,"2":191,"3":5,"4":191,"5":5,"6":197,"7":197,"8":5,"9":192,"10":192,"11":192,"12":192,"13":1,"14":191,"15":1,"16":190,"17":5,"18":53,"19":5,"20":143,"21":143,"22":143,"23":143,"24":143,"25":143,"26":5,"27":15,"28":15,"29":15,"30":15,"31":15,"32":15,"33":15,"34":15,"35":15,"36":15,"37":5,"38":45,"39":5,"40":15,"41":5,"42":144,"43":144,"44":1,"45":143,"46":5,"47":33,"48":5,"49":30,"50":5,"51":9,"52":9,"53":9,"54":9,"55":9,"56":15,"57":9},"f":{"0":191,"1":191,"2":197,"3":53,"4":143,"5":15,"6":45,"7":15,"8":144,"9":33,"10":30,"11":9},"b":{"0":[191,2,189],"1":[191,0],"2":[2,189],"3":[5,192],"4":[1,191],"5":[192,192],"6":[1,190],"7":[191,191],"8":[4,139],"9":[139,4],"10":[13,2],"11":[2,13],"12":[1,143]},"meta":{"lastBranch":13,"lastFunction":12,"lastStatement":58,"seen":{"s:12:17:12:Infinity":0,"s:14:6:15:Infinity":1,"f:14:6:14:20":0,"s:15:3:15:Infinity":2,"b:15:3:15:21:15:21:15:42:15:42:15:Infinity":0,"s:17:6:18:Infinity":3,"f:17:6:17:21":1,"s:18:2:18:Infinity":4,"b:18:2:18:89:18:89:18:Infinity":1,"b:18:26:18:31:18:31:18:35":2,"s:22:6:31:Infinity":5,"f:22:6:22:15":2,"s:23:16:23:Infinity":6,"b:24:2:24:Infinity:undefined:undefined:undefined:undefined":3,"s:24:2:24:Infinity":7,"s:24:22:24:Infinity":8,"s:25:15:25:Infinity":9,"s:26:16:26:Infinity":10,"s:27:14:27:Infinity":11,"b:28:2:28:Infinity:undefined:undefined:undefined:undefined":4,"s:28:2:28:Infinity":12,"b:28:6:28:19:28:19:28:31":5,"s:28:31:28:Infinity":13,"b:29:2:29:Infinity:undefined:undefined:undefined:undefined":6,"s:29:2:29:Infinity":14,"b:29:6:29:17:29:17:29:49":7,"s:29:49:29:Infinity":15,"s:30:2:30:Infinity":16,"s:33:13:33:Infinity":17,"f:33:13:33:34":3,"s:33:60:33:Infinity":18,"s:36:6:43:Infinity":19,"f:36:6:36:21":4,"s:37:12:37:Infinity":20,"b:37:43:37:47:37:47:37:Infinity":8,"s:38:14:38:Infinity":21,"s:39:14:39:Infinity":22,"s:40:14:40:Infinity":23,"b:40:64:40:69:40:69:40:75":9,"s:41:14:41:Infinity":24,"s:42:2:42:Infinity":25,"s:45:6:56:Infinity":26,"f:45:6:45:23":5,"s:46:12:46:Infinity":27,"s:47:14:47:Infinity":28,"s:48:14:48:Infinity":29,"s:49:14:49:Infinity":30,"s:50:12:50:Infinity":31,"s:51:14:51:Infinity":32,"s:52:13:52:Infinity":33,"s:53:14:53:Infinity":34,"s:54:16:54:Infinity":35,"b:54:32:54:36:54:36:54:Infinity":10,"s:55:2:55:Infinity":36,"b:55:35:55:39:55:39:55:43":11,"s:58:6:58:Infinity":37,"f:58:6:58:13":6,"s:58:50:58:Infinity":38,"s:60:6:61:Infinity":39,"f:60:6:60:16":7,"s:61:2:61:Infinity":40,"s:63:6:69:Infinity":41,"f:63:6:63:21":8,"s:64:16:64:Infinity":42,"b:65:2:67:Infinity:undefined:undefined:undefined:undefined":12,"s:65:2:67:Infinity":43,"s:66:4:66:Infinity":44,"s:68:2:68:Infinity":45,"s:72:13:73:Infinity":46,"f:72:13:72:28":9,"s:73:2:73:Infinity":47,"s:75:13:76:Infinity":48,"f:75:13:75:35":10,"s:76:2:76:Infinity":49,"s:79:13:85:Infinity":50,"f:79:13:79:31":11,"s:80:16:80:Infinity":51,"s:81:14:81:Infinity":52,"s:82:32:82:Infinity":53,"s:83:2:83:Infinity":54,"s:83:17:83:28":55,"s:83:49:83:Infinity":56,"s:84:2:84:Infinity":57},"fnNames":{}}}
}
