TN:
SF:src/certification/application/CertificationService.ts
FN:22,(anonymous_0)
FN:38,(anonymous_1)
FN:79,(anonymous_2)
FNF:3
FNH:0
FNDA:0,(anonymous_0)
FNDA:0,(anonymous_1)
FNDA:0,(anonymous_2)
DA:21,0
DA:23,0
DA:24,0
DA:39,0
DA:41,0
DA:42,0
DA:45,0
DA:50,0
DA:52,0
DA:53,0
DA:57,0
DA:59,0
DA:64,0
DA:66,0
DA:71,0
DA:80,0
DA:86,0
DA:88,0
LF:18
LH:0
BRDA:41,0,0,0
BRDA:64,1,0,0
BRDA:64,1,1,0
BRF:3
BRH:0
end_of_record
TN:
SF:src/certification/application/queries/CertificationProgressQueryService.ts
FN:6,(anonymous_0)
FN:8,(anonymous_1)
FN:12,(anonymous_2)
FN:16,(anonymous_3)
FN:20,(anonymous_4)
FN:31,(anonymous_5)
FN:32,(anonymous_6)
FN:44,(anonymous_7)
FN:56,(anonymous_8)
FN:62,(anonymous_9)
FNF:10
FNH:2
FNDA:17,(anonymous_0)
FNDA:4,(anonymous_1)
FNDA:0,(anonymous_2)
FNDA:0,(anonymous_3)
FNDA:0,(anonymous_4)
FNDA:0,(anonymous_5)
FNDA:0,(anonymous_6)
FNDA:0,(anonymous_7)
FNDA:0,(anonymous_8)
FNDA:0,(anonymous_9)
DA:5,1
DA:6,17
DA:9,4
DA:13,0
DA:17,0
DA:28,0
DA:29,0
DA:31,0
DA:32,0
DA:34,0
DA:51,0
DA:52,0
DA:53,0
DA:57,0
DA:58,0
DA:59,0
DA:63,0
DA:64,0
DA:66,0
DA:67,0
DA:68,0
DA:69,0
LF:22
LH:3
BRDA:29,0,0,0
BRDA:52,1,0,0
BRDA:58,2,0,0
BRDA:59,3,0,0
BRDA:59,3,1,0
BRDA:62,4,0,0
BRDA:64,5,0,0
BRDA:64,6,0,0
BRDA:64,6,1,0
BRF:9
BRH:0
end_of_record
TN:
SF:src/certification/domain/events/BadgeIssued.ts
FN:19,(anonymous_0)
FN:44,(anonymous_1)
FN:48,(anonymous_2)
FNF:3
FNH:0
FNDA:0,(anonymous_0)
FNDA:0,(anonymous_1)
FNDA:0,(anonymous_2)
DA:1,0
DA:12,0
DA:29,0
DA:37,0
DA:38,0
DA:39,0
DA:40,0
DA:41,0
DA:45,0
DA:49,0
LF:10
LH:0
BRF:0
BRH:0
end_of_record
TN:
SF:src/certification/domain/events/CandidateQualified.ts
FN:18,(anonymous_0)
FN:39,(anonymous_1)
FN:43,(anonymous_2)
FNF:3
FNH:0
FNDA:0,(anonymous_0)
FNDA:0,(anonymous_1)
FNDA:0,(anonymous_2)
DA:1,0
DA:13,0
DA:26,0
DA:34,0
DA:35,0
DA:36,0
DA:40,0
DA:44,0
LF:8
LH:0
BRF:0
BRH:0
end_of_record
TN:
SF:src/certification/domain/events/ExamCompleted.ts
FN:19,(anonymous_0)
FN:46,(anonymous_1)
FN:50,(anonymous_2)
FNF:3
FNH:0
FNDA:0,(anonymous_0)
FNDA:0,(anonymous_1)
FNDA:0,(anonymous_2)
DA:1,0
DA:11,0
DA:30,0
DA:38,0
DA:39,0
DA:40,0
DA:41,0
DA:42,0
DA:43,0
DA:47,0
DA:51,0
LF:11
LH:0
BRF:0
BRH:0
end_of_record
TN:
SF:src/certification/domain/orchestrators/CertificationOrchestrator.ts
FN:44,(anonymous_0)
FN:66,(anonymous_1)
FN:117,(anonymous_2)
FN:133,(anonymous_3)
FN:146,(anonymous_4)
FN:178,(anonymous_5)
FN:198,(anonymous_6)
FN:230,(anonymous_7)
FN:254,(anonymous_8)
FN:285,(anonymous_9)
FN:304,(anonymous_10)
FN:356,(anonymous_11)
FN:407,(anonymous_12)
FNF:13
FNH:0
FNDA:0,(anonymous_0)
FNDA:0,(anonymous_1)
FNDA:0,(anonymous_2)
FNDA:0,(anonymous_3)
FNDA:0,(anonymous_4)
FNDA:0,(anonymous_5)
FNDA:0,(anonymous_6)
FNDA:0,(anonymous_7)
FNDA:0,(anonymous_8)
FNDA:0,(anonymous_9)
FNDA:0,(anonymous_10)
FNDA:0,(anonymous_11)
FNDA:0,(anonymous_12)
DA:1,0
DA:5,0
DA:6,0
DA:7,0
DA:38,0
DA:39,0
DA:52,0
DA:67,0
DA:69,0
DA:77,0
DA:78,0
DA:79,0
DA:84,0
DA:87,0
DA:88,0
DA:89,0
DA:90,0
DA:91,0
DA:93,0
DA:100,0
DA:102,0
DA:109,0
DA:118,0
DA:119,0
DA:123,0
DA:126,0
DA:133,0
DA:134,0
DA:139,0
DA:146,0
DA:147,0
DA:153,0
DA:154,0
DA:156,0
DA:164,0
DA:165,0
DA:171,0
DA:179,0
DA:180,0
DA:185,0
DA:188,0
DA:194,0
DA:195,0
DA:198,0
DA:199,0
DA:201,0
DA:206,0
DA:207,0
DA:214,0
DA:221,0
DA:222,0
DA:226,0
DA:230,0
DA:231,0
DA:237,0
DA:243,0
DA:244,0
DA:246,0
DA:254,0
DA:255,0
DA:257,0
DA:262,0
DA:264,0
DA:265,0
DA:267,0
DA:274,0
DA:276,0
DA:285,0
DA:286,0
DA:291,0
DA:292,0
DA:294,0
DA:296,0
DA:304,0
DA:305,0
DA:311,0
DA:312,0
DA:320,0
DA:327,0
DA:330,0
DA:339,0
DA:341,0
DA:357,0
DA:362,0
DA:363,0
DA:364,0
DA:370,0
DA:373,0
DA:374,0
DA:380,0
DA:384,0
DA:387,0
DA:389,0
DA:391,0
DA:395,0
DA:400,0
DA:415,0
LF:97
LH:0
BRDA:78,0,0,0
BRDA:88,1,0,0
BRDA:88,1,1,0
BRDA:90,2,0,0
BRDA:90,2,1,0
BRDA:105,3,0,0
BRDA:105,3,1,0
BRDA:118,4,0,0
BRDA:118,5,0,0
BRDA:118,5,1,0
BRDA:179,6,0,0
BRDA:206,7,0,0
BRDA:221,8,0,0
BRDA:237,9,0,0
BRDA:237,9,1,0
BRDA:239,10,0,0
BRDA:239,10,1,0
BRDA:262,11,0,0
BRDA:262,11,1,0
BRDA:311,12,0,0
BRDA:363,13,0,0
BRDA:373,14,0,0
BRDA:397,15,0,0
BRDA:397,15,1,0
BRF:24
BRH:0
end_of_record
TN:
SF:src/certification/infrastructure/acl/CertificationToCommunityACL.ts
FN:31,(anonymous_0)
FN:40,(anonymous_1)
FN:47,(anonymous_2)
FN:62,(anonymous_3)
FN:125,(anonymous_4)
FN:132,(anonymous_5)
FNF:6
FNH:0
FNDA:0,(anonymous_0)
FNDA:0,(anonymous_1)
FNDA:0,(anonymous_2)
FNDA:0,(anonymous_3)
FNDA:0,(anonymous_4)
FNDA:0,(anonymous_5)
DA:5,0
DA:6,0
DA:26,0
DA:29,0
DA:32,0
DA:33,0
DA:41,0
DA:48,0
DA:63,0
DA:64,0
DA:68,0
DA:71,0
DA:74,0
DA:75,0
DA:79,0
DA:83,0
DA:85,0
DA:92,0
DA:94,0
DA:102,0
DA:104,0
DA:110,0
DA:112,0
DA:118,0
DA:126,0
DA:133,0
DA:134,0
DA:136,0
LF:28
LH:0
BRDA:63,0,0,0
BRDA:74,1,0,0
BRDA:110,2,0,0
BRDA:110,2,1,0
BRF:4
BRH:0
end_of_record
TN:
SF:src/certification/infrastructure/projectors/CertificationProgressProjector.ts
FN:8,(anonymous_0)
FN:10,(anonymous_1)
FN:15,(anonymous_2)
FN:24,(anonymous_3)
FN:47,(anonymous_4)
FN:66,(anonymous_5)
FN:92,(anonymous_6)
FNF:7
FNH:6
FNDA:17,(anonymous_0)
FNDA:7,(anonymous_1)
FNDA:7,(anonymous_2)
FNDA:3,(anonymous_3)
FNDA:0,(anonymous_4)
FNDA:4,(anonymous_5)
FNDA:6,(anonymous_6)
DA:7,1
DA:8,17
DA:11,7
DA:12,7
DA:16,7
DA:17,7
DA:18,3
DA:19,4
DA:20,4
DA:25,3
DA:26,3
DA:27,3
DA:28,3
DA:29,3
DA:31,3
DA:32,3
DA:33,3
DA:37,3
DA:38,3
DA:47,3
DA:48,3
DA:51,3
DA:54,3
DA:55,2
DA:57,1
DA:60,3
DA:61,3
DA:63,3
DA:67,4
DA:68,4
DA:69,4
DA:70,4
DA:72,4
DA:73,4
DA:74,3
DA:77,4
DA:78,4
DA:81,4
DA:82,4
DA:83,4
DA:85,4
DA:86,4
DA:87,4
DA:89,4
DA:93,6
LF:45
LH:45
BRDA:12,0,0,7
BRDA:12,0,1,4
BRDA:17,1,0,3
BRDA:17,1,1,4
BRDA:19,2,0,4
BRDA:32,3,0,3
BRDA:43,4,0,2
BRDA:43,4,1,1
BRDA:47,5,0,3
BRDA:54,6,0,2
BRDA:54,6,1,1
BRDA:73,7,0,3
BRF:12
BRH:12
end_of_record
TN:
SF:src/community/application/CommunityService.ts
FN:21,(anonymous_0)
FN:37,(anonymous_1)
FN:78,(anonymous_2)
FNF:3
FNH:0
FNDA:0,(anonymous_0)
FNDA:0,(anonymous_1)
FNDA:0,(anonymous_2)
DA:20,0
DA:22,0
DA:23,0
DA:38,0
DA:40,0
DA:41,0
DA:44,0
DA:49,0
DA:51,0
DA:52,0
DA:56,0
DA:58,0
DA:63,0
DA:65,0
DA:70,0
DA:79,0
DA:85,0
DA:87,0
LF:18
LH:0
BRDA:40,0,0,0
BRDA:63,1,0,0
BRDA:63,1,1,0
BRF:3
BRH:0
end_of_record
TN:
SF:src/community/application/queries/CommunityProfileQueryService.ts
FN:6,(anonymous_0)
FN:8,(anonymous_1)
FN:12,(anonymous_2)
FN:16,(anonymous_3)
FN:20,(anonymous_4)
FN:24,(anonymous_5)
FN:33,(anonymous_6)
FN:43,(anonymous_7)
FN:48,(anonymous_8)
FN:78,(anonymous_9)
FN:81,(anonymous_10)
FN:84,(anonymous_11)
FN:87,(anonymous_12)
FN:90,(anonymous_13)
FN:93,(anonymous_14)
FNF:15
FNH:2
FNDA:17,(anonymous_0)
FNDA:4,(anonymous_1)
FNDA:0,(anonymous_2)
FNDA:0,(anonymous_3)
FNDA:0,(anonymous_4)
FNDA:0,(anonymous_5)
FNDA:0,(anonymous_6)
FNDA:0,(anonymous_7)
FNDA:0,(anonymous_8)
FNDA:0,(anonymous_9)
FNDA:0,(anonymous_10)
FNDA:0,(anonymous_11)
FNDA:0,(anonymous_12)
FNDA:0,(anonymous_13)
FNDA:0,(anonymous_14)
DA:5,1
DA:6,17
DA:9,4
DA:13,0
DA:17,0
DA:21,0
DA:32,0
DA:33,0
DA:44,0
DA:45,0
DA:59,0
DA:60,0
DA:62,0
DA:63,0
DA:65,0
DA:79,0
DA:80,0
DA:81,0
DA:85,0
DA:86,0
DA:87,0
DA:91,0
DA:92,0
DA:93,0
LF:24
LH:3
BRDA:24,0,0,0
BRDA:45,1,0,0
BRDA:45,1,1,0
BRDA:60,2,0,0
BRDA:80,3,0,0
BRDA:86,4,0,0
BRDA:92,5,0,0
BRDA:92,6,0,0
BRDA:92,6,1,0
BRF:9
BRH:0
end_of_record
TN:
SF:src/community/domain/events/BadgeEarned.ts
FN:18,(anonymous_0)
FN:39,(anonymous_1)
FN:43,(anonymous_2)
FNF:3
FNH:0
FNDA:0,(anonymous_0)
FNDA:0,(anonymous_1)
FNDA:0,(anonymous_2)
DA:1,0
DA:13,0
DA:26,0
DA:34,0
DA:35,0
DA:36,0
DA:40,0
DA:44,0
LF:8
LH:0
BRF:0
BRH:0
end_of_record
TN:
SF:src/community/domain/events/SkillAchieved.ts
FN:18,(anonymous_0)
FN:39,(anonymous_1)
FN:43,(anonymous_2)
FNF:3
FNH:0
FNDA:0,(anonymous_0)
FNDA:0,(anonymous_1)
FNDA:0,(anonymous_2)
DA:1,0
DA:13,0
DA:26,0
DA:34,0
DA:35,0
DA:36,0
DA:40,0
DA:44,0
LF:8
LH:0
BRF:0
BRH:0
end_of_record
TN:
SF:src/community/infrastructure/projectors/CommunityProfileProjector.ts
FN:8,(anonymous_0)
FN:10,(anonymous_1)
FN:15,(anonymous_2)
FN:35,(anonymous_3)
FN:41,(anonymous_4)
FN:55,(anonymous_5)
FN:62,(anonymous_6)
FN:76,(anonymous_7)
FN:81,(anonymous_8)
FNF:9
FNH:9
FNDA:17,(anonymous_0)
FNDA:8,(anonymous_1)
FNDA:8,(anonymous_2)
FNDA:4,(anonymous_3)
FNDA:1,(anonymous_4)
FNDA:4,(anonymous_5)
FNDA:3,(anonymous_6)
FNDA:8,(anonymous_7)
FNDA:4,(anonymous_8)
DA:7,1
DA:8,17
DA:11,8
DA:12,8
DA:16,8
DA:17,8
DA:19,8
DA:20,8
DA:21,4
DA:24,8
DA:25,8
DA:26,4
DA:27,4
DA:28,4
DA:31,8
DA:32,8
DA:36,4
DA:37,4
DA:38,4
DA:41,4
DA:42,4
DA:48,4
DA:49,4
DA:52,4
DA:56,4
DA:57,4
DA:58,4
DA:59,4
DA:62,4
DA:63,4
DA:69,4
DA:70,4
DA:73,4
DA:78,8
DA:82,4
LF:35
LH:35
BRDA:12,0,0,8
BRDA:12,0,1,4
BRDA:17,1,0,0
BRDA:20,2,0,4
BRDA:25,3,0,4
BRDA:25,3,1,4
BRDA:27,4,0,4
BRDA:37,5,0,4
BRDA:37,5,1,0
BRDA:37,5,2,0
BRDA:41,6,0,4
BRDA:57,7,0,4
BRDA:57,7,1,0
BRDA:58,8,0,4
BRDA:58,8,1,0
BRDA:58,8,2,0
BRDA:59,9,0,4
BRDA:59,9,1,0
BRDA:62,10,0,4
BRF:19
BRH:12
end_of_record
TN:
SF:src/learning/application/LearningService.ts
FN:21,(anonymous_0)
FN:37,(anonymous_1)
FN:78,(anonymous_2)
FNF:3
FNH:0
FNDA:0,(anonymous_0)
FNDA:0,(anonymous_1)
FNDA:0,(anonymous_2)
DA:20,0
DA:22,0
DA:23,0
DA:38,0
DA:40,0
DA:41,0
DA:44,0
DA:49,0
DA:51,0
DA:52,0
DA:56,0
DA:58,0
DA:63,0
DA:65,0
DA:70,0
DA:79,0
DA:85,0
DA:87,0
LF:18
LH:0
BRDA:40,0,0,0
BRDA:63,1,0,0
BRDA:63,1,1,0
BRF:3
BRH:0
end_of_record
TN:
SF:src/learning/application/queries/LearnerProfileQueryService.ts
FN:6,(anonymous_0)
FN:8,(anonymous_1)
FN:12,(anonymous_2)
FN:16,(anonymous_3)
FN:20,(anonymous_4)
FN:45,(anonymous_5)
FN:48,(anonymous_6)
FN:51,(anonymous_7)
FN:55,(anonymous_8)
FNF:9
FNH:2
FNDA:17,(anonymous_0)
FNDA:7,(anonymous_1)
FNDA:0,(anonymous_2)
FNDA:0,(anonymous_3)
FNDA:0,(anonymous_4)
FNDA:0,(anonymous_5)
FNDA:0,(anonymous_6)
FNDA:0,(anonymous_7)
FNDA:0,(anonymous_8)
DA:5,1
DA:6,17
DA:9,7
DA:13,0
DA:17,0
DA:28,0
DA:29,0
DA:31,0
DA:35,0
DA:46,0
DA:47,0
DA:48,0
DA:52,0
DA:53,0
DA:54,0
DA:55,0
LF:16
LH:3
BRDA:29,0,0,0
BRDA:31,1,0,0
BRDA:31,1,1,0
BRDA:47,2,0,0
BRDA:53,3,0,0
BRF:5
BRH:0
end_of_record
TN:
SF:src/learning/domain/events/EnrollmentCompleted.ts
FN:20,(anonymous_0)
FN:47,(anonymous_1)
FN:51,(anonymous_2)
FNF:3
FNH:0
FNDA:0,(anonymous_0)
FNDA:0,(anonymous_1)
FNDA:0,(anonymous_2)
DA:1,0
DA:12,0
DA:31,0
DA:39,0
DA:40,0
DA:41,0
DA:42,0
DA:43,0
DA:44,0
DA:48,0
DA:52,0
LF:11
LH:0
BRF:0
BRH:0
end_of_record
TN:
SF:src/learning/infrastructure/acl/LearningToCertificationACL.ts
FN:32,(anonymous_0)
FN:41,(anonymous_1)
FN:48,(anonymous_2)
FN:63,(anonymous_3)
FN:127,(anonymous_4)
FN:135,(anonymous_5)
FNF:6
FNH:0
FNDA:0,(anonymous_0)
FNDA:0,(anonymous_1)
FNDA:0,(anonymous_2)
FNDA:0,(anonymous_3)
FNDA:0,(anonymous_4)
FNDA:0,(anonymous_5)
DA:5,0
DA:6,0
DA:27,0
DA:30,0
DA:33,0
DA:34,0
DA:42,0
DA:49,0
DA:64,0
DA:65,0
DA:69,0
DA:72,0
DA:75,0
DA:76,0
DA:80,0
DA:84,0
DA:86,0
DA:93,0
DA:95,0
DA:103,0
DA:105,0
DA:111,0
DA:113,0
DA:119,0
DA:128,0
DA:136,0
DA:137,0
DA:139,0
LF:28
LH:0
BRDA:64,0,0,0
BRDA:75,1,0,0
BRDA:111,2,0,0
BRDA:111,2,1,0
BRF:4
BRH:0
end_of_record
TN:
SF:src/learning/infrastructure/projectors/LearnerProfileProjector.ts
FN:9,(anonymous_0)
FN:11,(anonymous_1)
FN:16,(anonymous_2)
FN:43,(anonymous_3)
FN:60,(anonymous_4)
FN:75,(anonymous_5)
FN:88,(anonymous_6)
FN:95,(anonymous_7)
FN:109,(anonymous_8)
FN:116,(anonymous_9)
FNF:10
FNH:8
FNDA:17,(anonymous_0)
FNDA:12,(anonymous_1)
FNDA:12,(anonymous_2)
FNDA:9,(anonymous_3)
FNDA:8,(anonymous_4)
FNDA:4,(anonymous_5)
FNDA:1,(anonymous_6)
FNDA:0,(anonymous_7)
FNDA:0,(anonymous_8)
FNDA:8,(anonymous_9)
DA:8,1
DA:9,17
DA:12,12
DA:13,12
DA:17,12
DA:18,12
DA:21,12
DA:22,12
DA:23,9
DA:27,12
DA:28,12
DA:29,8
DA:30,4
DA:31,4
DA:32,0
DA:33,0
DA:36,12
DA:37,12
DA:40,12
DA:44,9
DA:61,8
DA:62,8
DA:63,8
DA:65,8
DA:66,7
DA:67,7
DA:70,8
DA:71,8
DA:72,8
DA:76,4
DA:77,4
DA:78,4
DA:80,4
DA:88,4
DA:89,3
DA:92,4
DA:96,0
DA:97,0
DA:98,0
DA:99,0
DA:101,0
DA:109,0
DA:110,0
DA:113,0
DA:117,8
DA:118,0
DA:122,8
DA:123,8
DA:124,8
DA:125,8
LF:50
LH:39
BRDA:13,0,0,12
BRDA:13,0,1,4
BRDA:13,0,2,0
BRDA:18,1,0,0
BRDA:22,2,0,9
BRDA:28,3,0,8
BRDA:28,3,1,4
BRDA:30,4,0,4
BRDA:30,4,1,0
BRDA:32,5,0,0
BRDA:65,6,0,7
BRDA:88,7,0,3
BRDA:99,8,0,0
BRDA:99,8,1,0
BRDA:109,9,0,0
BRDA:117,10,0,0
BRF:16
BRH:8
end_of_record
TN:
SF:src/metrics/application/MetricsService.ts
FN:21,(anonymous_0)
FN:37,(anonymous_1)
FN:78,(anonymous_2)
FNF:3
FNH:0
FNDA:0,(anonymous_0)
FNDA:0,(anonymous_1)
FNDA:0,(anonymous_2)
DA:20,0
DA:22,0
DA:23,0
DA:38,0
DA:40,0
DA:41,0
DA:44,0
DA:49,0
DA:51,0
DA:52,0
DA:56,0
DA:58,0
DA:63,0
DA:65,0
DA:70,0
DA:79,0
DA:85,0
DA:87,0
LF:18
LH:0
BRDA:40,0,0,0
BRDA:63,1,0,0
BRDA:63,1,1,0
BRF:3
BRH:0
end_of_record
TN:
SF:src/metrics/domain/events/MetricsRecorded.ts
FN:20,(anonymous_0)
FN:44,(anonymous_1)
FN:48,(anonymous_2)
FNF:3
FNH:0
FNDA:0,(anonymous_0)
FNDA:0,(anonymous_1)
FNDA:0,(anonymous_2)
DA:1,0
DA:13,0
DA:29,0
DA:37,0
DA:38,0
DA:39,0
DA:40,0
DA:41,0
DA:45,0
DA:49,0
LF:10
LH:0
BRF:0
BRH:0
end_of_record
TN:
SF:src/metrics/infrastructure/acl/MetricsACL.ts
FN:48,(anonymous_0)
FN:57,(anonymous_1)
FN:77,(anonymous_2)
FN:93,(anonymous_3)
FN:175,(anonymous_4)
FN:195,(anonymous_5)
FN:202,(anonymous_6)
FNF:7
FNH:0
FNDA:0,(anonymous_0)
FNDA:0,(anonymous_1)
FNDA:0,(anonymous_2)
FNDA:0,(anonymous_3)
FNDA:0,(anonymous_4)
FNDA:0,(anonymous_5)
FNDA:0,(anonymous_6)
DA:3,0
DA:5,0
DA:34,0
DA:37,0
DA:38,0
DA:49,0
DA:50,0
DA:58,0
DA:60,0
DA:61,0
DA:62,0
DA:65,0
DA:70,0
DA:78,0
DA:79,0
DA:94,0
DA:96,0
DA:97,0
DA:101,0
DA:104,0
DA:107,0
DA:108,0
DA:113,0
DA:117,0
DA:119,0
DA:125,0
DA:127,0
DA:130,0
DA:140,0
DA:149,0
DA:151,0
DA:158,0
DA:160,0
DA:167,0
DA:176,0
DA:179,0
DA:180,0
DA:185,0
DA:189,0
DA:196,0
DA:203,0
DA:204,0
DA:206,0
LF:43
LH:0
BRDA:96,0,0,0
BRDA:107,1,0,0
BRDA:130,2,0,0
BRDA:130,2,1,0
BRDA:158,3,0,0
BRDA:158,3,1,0
BRDA:180,4,0,0
BRDA:181,5,0,0
BRDA:181,5,1,0
BRDA:181,5,2,0
BRF:10
BRH:0
end_of_record
TN:
SF:src/metrics/infrastructure/projectors/MetricsProjector.ts
FN:10,(anonymous_0)
FN:12,(anonymous_1)
FN:16,(anonymous_2)
FN:67,(anonymous_3)
FN:88,(anonymous_4)
FNF:5
FNH:5
FNDA:17,(anonymous_0)
FNDA:23,(anonymous_1)
FNDA:23,(anonymous_2)
FNDA:23,(anonymous_3)
FNDA:23,(anonymous_4)
DA:5,1
DA:7,1
DA:8,17
DA:10,17
DA:13,23
DA:17,23
DA:18,23
DA:19,23
DA:20,23
DA:23,23
DA:24,23
DA:27,23
DA:28,23
DA:29,23
DA:33,23
DA:34,23
DA:37,23
DA:38,23
DA:40,23
DA:44,23
DA:45,8
DA:47,23
DA:48,4
DA:52,23
DA:53,23
DA:54,23
DA:55,23
DA:60,23
DA:62,23
DA:64,23
DA:68,23
DA:90,23
DA:92,23
DA:93,23
DA:94,23
DA:95,23
DA:98,0
DA:99,0
DA:100,0
LF:39
LH:36
BRDA:28,0,0,23
BRDA:34,1,0,23
BRDA:34,1,1,23
BRDA:38,2,0,23
BRDA:44,3,0,8
BRDA:44,4,0,23
BRDA:44,4,1,19
BRDA:47,5,0,4
BRDA:47,6,0,23
BRDA:47,6,1,19
BRDA:92,7,0,23
BRDA:92,7,1,0
BRF:12
BRH:11
end_of_record
TN:
SF:src/shared/domain/AggregateRoot.ts
FN:12,(anonymous_0)
FN:16,(anonymous_1)
FN:20,(anonymous_2)
FN:27,(anonymous_3)
FN:34,(anonymous_4)
FN:41,(anonymous_5)
FN:48,(anonymous_6)
FNF:7
FNH:0
FNDA:0,(anonymous_0)
FNDA:0,(anonymous_1)
FNDA:0,(anonymous_2)
FNDA:0,(anonymous_3)
FNDA:0,(anonymous_4)
FNDA:0,(anonymous_5)
FNDA:0,(anonymous_6)
DA:7,1
DA:9,0
DA:10,0
DA:13,0
DA:17,0
DA:21,0
DA:28,0
DA:35,0
DA:42,0
DA:49,0
LF:10
LH:1
BRF:0
BRH:0
end_of_record
TN:
SF:src/shared/domain/DomainEvent.ts
FN:14,(anonymous_0)
FN:31,(anonymous_1)
FN:35,(anonymous_2)
FNF:3
FNH:3
FNDA:78,(anonymous_0)
FNDA:78,(anonymous_1)
FNDA:42,(anonymous_2)
DA:5,6
DA:22,78
DA:23,78
DA:24,78
DA:25,78
DA:26,78
DA:27,78
DA:28,78
DA:32,78
DA:36,42
LF:10
LH:10
BRDA:22,0,0,78
BRDA:22,0,1,78
BRDA:23,1,0,78
BRDA:23,1,1,78
BRF:4
BRH:4
end_of_record
TN:
SF:src/shared/domain/SagaOrchestrator.ts
FN:8,(anonymous_0)
FN:63,(anonymous_1)
FN:82,(anonymous_2)
FN:89,(anonymous_3)
FN:96,(anonymous_4)
FN:103,(anonymous_5)
FN:126,(anonymous_6)
FN:203,(anonymous_7)
FN:246,(anonymous_8)
FN:264,(anonymous_9)
FN:293,(anonymous_10)
FN:301,(anonymous_11)
FN:308,(anonymous_12)
FN:321,(anonymous_13)
FN:338,(anonymous_14)
FN:346,(anonymous_15)
FNF:16
FNH:0
FNDA:0,(anonymous_0)
FNDA:0,(anonymous_1)
FNDA:0,(anonymous_2)
FNDA:0,(anonymous_3)
FNDA:0,(anonymous_4)
FNDA:0,(anonymous_5)
FNDA:0,(anonymous_6)
FNDA:0,(anonymous_7)
FNDA:0,(anonymous_8)
FNDA:0,(anonymous_9)
FNDA:0,(anonymous_10)
FNDA:0,(anonymous_11)
FNDA:0,(anonymous_12)
FNDA:0,(anonymous_13)
FNDA:0,(anonymous_14)
FNDA:0,(anonymous_15)
DA:8,0
DA:9,0
DA:10,0
DA:11,0
DA:12,0
DA:13,0
DA:14,0
DA:15,0
DA:16,0
DA:17,0
DA:18,0
DA:19,0
DA:49,0
DA:51,0
DA:53,0
DA:54,0
DA:59,0
DA:60,0
DA:61,0
DA:71,0
DA:72,0
DA:73,0
DA:74,0
DA:75,0
DA:76,0
DA:83,0
DA:90,0
DA:97,0
DA:104,0
DA:130,0
DA:137,0
DA:139,0
DA:142,0
DA:145,0
DA:147,0
DA:148,0
DA:149,0
DA:156,0
DA:164,0
DA:167,0
DA:169,0
DA:177,0
DA:178,0
DA:180,0
DA:187,0
DA:188,0
DA:207,0
DA:209,0
DA:210,0
DA:223,0
DA:225,0
DA:232,0
DA:239,0
DA:247,0
DA:257,0
DA:264,0
DA:265,0
DA:294,0
DA:302,0
DA:309,0
DA:322,0
DA:323,0
DA:324,0
DA:326,0
DA:339,0
DA:347,0
LF:66
LH:0
BRDA:8,0,0,0
BRDA:8,0,1,0
BRDA:147,1,0,0
BRDA:147,1,1,0
BRDA:148,2,0,0
BRDA:148,2,1,0
BRDA:172,3,0,0
BRDA:172,3,1,0
BRDA:182,4,0,0
BRDA:182,4,1,0
BRDA:207,5,0,0
BRDA:207,5,1,0
BRDA:235,6,0,0
BRDA:235,6,1,0
BRDA:249,7,0,0
BRDA:249,7,1,0
BRDA:268,8,0,0
BRDA:268,8,1,0
BRF:18
BRH:0
end_of_record
TN:
SF:src/shared/infrastructure/bootstrap/ProjectorBootstrap.ts
FN:9,(anonymous_0)
FNF:1
FNH:1
FNDA:17,(anonymous_0)
DA:3,1
DA:4,1
DA:5,1
DA:6,1
DA:8,1
DA:11,17
DA:12,17
DA:13,17
DA:14,17
DA:17,17
DA:18,17
DA:19,17
DA:22,17
DA:23,17
DA:26,17
DA:27,17
DA:32,17
DA:33,17
DA:34,17
DA:35,17
DA:36,17
DA:37,17
LF:22
LH:22
BRF:0
BRH:0
end_of_record
TN:
SF:src/shared/infrastructure/events/EventBus.ts
FN:39,(anonymous_0)
FN:48,(anonymous_1)
FN:70,(anonymous_2)
FN:111,(anonymous_3)
FN:149,(anonymous_4)
FN:162,(anonymous_5)
FN:182,(anonymous_6)
FN:184,(anonymous_7)
FN:198,(anonymous_8)
FN:256,(anonymous_9)
FN:317,(anonymous_10)
FN:346,(anonymous_11)
FN:353,(anonymous_12)
FN:361,(anonymous_13)
FN:373,(anonymous_14)
FN:380,(anonymous_15)
FN:392,(anonymous_16)
FN:420,(anonymous_17)
FN:421,(anonymous_18)
FN:436,(anonymous_19)
FN:487,(anonymous_20)
FN:500,(anonymous_21)
FNF:22
FNH:13
FNDA:67,(anonymous_0)
FNDA:295,(anonymous_1)
FNDA:0,(anonymous_2)
FNDA:29,(anonymous_3)
FNDA:60,(anonymous_4)
FNDA:29,(anonymous_5)
FNDA:60,(anonymous_6)
FNDA:60,(anonymous_7)
FNDA:60,(anonymous_8)
FNDA:0,(anonymous_9)
FNDA:0,(anonymous_10)
FNDA:0,(anonymous_11)
FNDA:1,(anonymous_12)
FNDA:0,(anonymous_13)
FNDA:0,(anonymous_14)
FNDA:18,(anonymous_15)
FNDA:0,(anonymous_16)
FNDA:67,(anonymous_17)
FNDA:0,(anonymous_18)
FNDA:0,(anonymous_19)
FNDA:17,(anonymous_20)
FNDA:17,(anonymous_21)
DA:5,5
DA:26,5
DA:27,67
DA:29,67
DA:30,67
DA:31,67
DA:32,67
DA:35,67
DA:36,67
DA:37,67
DA:40,67
DA:41,67
DA:49,295
DA:51,295
DA:52,152
DA:55,295
DA:56,295
DA:58,295
DA:64,295
DA:71,0
DA:72,0
DA:73,0
DA:74,0
DA:75,0
DA:77,0
DA:84,0
DA:85,0
DA:87,0
DA:91,0
DA:92,0
DA:112,29
DA:113,29
DA:114,29
DA:116,29
DA:124,29
DA:125,0
DA:130,0
DA:133,29
DA:136,29
DA:137,0
DA:142,0
DA:143,0
DA:144,0
DA:148,29
DA:150,60
DA:161,29
DA:162,29
DA:165,29
DA:166,0
DA:174,0
DA:177,29
DA:182,60
DA:184,60
DA:189,29
DA:190,29
DA:205,60
DA:207,60
DA:209,60
DA:210,0
DA:216,0
DA:220,60
DA:222,60
DA:223,60
DA:231,0
DA:233,0
DA:235,0
DA:245,0
DA:257,0
DA:259,0
DA:260,0
DA:261,0
DA:264,0
DA:265,0
DA:271,0
DA:274,0
DA:282,0
DA:284,0
DA:287,0
DA:291,0
DA:293,0
DA:299,0
DA:302,0
DA:304,0
DA:310,0
DA:318,0
DA:319,0
DA:331,0
DA:333,0
DA:347,0
DA:354,1
DA:362,0
DA:363,0
DA:365,0
DA:374,0
DA:381,18
DA:382,18
DA:383,108
DA:385,18
DA:393,0
DA:395,0
DA:396,0
DA:397,0
DA:399,0
DA:401,0
DA:402,0
DA:412,0
DA:421,67
DA:422,0
DA:425,67
DA:437,0
DA:438,0
DA:441,0
DA:442,0
DA:443,0
DA:447,0
DA:448,0
DA:451,0
DA:457,0
DA:458,0
DA:459,0
DA:461,0
DA:463,0
DA:465,0
DA:467,0
DA:471,0
DA:473,0
DA:488,17
DA:489,17
DA:490,17
DA:492,17
DA:501,17
DA:502,17
LF:132
LH:55
BRDA:51,0,0,152
BRDA:73,1,0,0
BRDA:84,2,0,0
BRDA:91,3,0,0
BRDA:124,4,0,0
BRDA:133,5,0,29
BRDA:133,5,1,0
BRDA:136,6,0,0
BRDA:165,7,0,0
BRDA:165,7,1,29
BRDA:209,8,0,0
BRDA:233,9,0,0
BRDA:233,9,1,0
BRDA:259,10,0,0
BRDA:264,11,0,0
BRDA:302,12,0,0
BRDA:302,12,1,0
BRDA:399,13,0,0
BRDA:399,13,1,0
BRDA:399,13,2,0
BRDA:401,14,0,0
BRDA:442,15,0,0
BRDA:447,16,0,0
BRDA:459,17,0,0
BRDA:463,18,0,0
BRDA:463,19,0,0
BRDA:463,19,1,0
BRDA:488,20,0,17
BRF:28
BRH:4
end_of_record
TN:
SF:src/shared/infrastructure/logging/Logger.ts
FN:15,(anonymous_0)
FN:19,(anonymous_1)
FN:23,(anonymous_2)
FN:27,(anonymous_3)
FNF:4
FNH:1
FNDA:514,(anonymous_0)
FNDA:0,(anonymous_1)
FNDA:0,(anonymous_2)
FNDA:0,(anonymous_3)
DA:14,6
DA:16,514
DA:20,0
DA:24,0
DA:28,0
LF:5
LH:2
BRF:0
BRH:0
end_of_record
TN:
SF:src/shared/infrastructure/persistence/DatabaseAdapter.ts
FN:18,(anonymous_0)
FN:31,(anonymous_1)
FN:51,(anonymous_2)
FNF:3
FNH:0
FNDA:0,(anonymous_0)
FNDA:0,(anonymous_1)
FNDA:0,(anonymous_2)
DA:17,1
DA:18,0
DA:32,0
DA:35,0
DA:37,0
DA:43,0
DA:52,0
LF:7
LH:1
BRDA:31,0,0,0
BRDA:38,1,0,0
BRDA:38,1,1,0
BRDA:39,2,0,0
BRDA:39,2,1,0
BRF:5
BRH:0
end_of_record
TN:
SF:src/shared/infrastructure/persistence/EventProjector.ts
FN:29,(anonymous_0)
FN:40,(anonymous_1)
FN:50,(anonymous_2)
FN:51,(anonymous_3)
FN:70,(anonymous_4)
FN:134,(anonymous_5)
FN:141,(anonymous_6)
FN:142,(anonymous_7)
FN:164,(anonymous_8)
FN:177,(anonymous_9)
FN:212,(anonymous_10)
FN:237,(anonymous_11)
FNF:12
FNH:0
FNDA:0,(anonymous_0)
FNDA:0,(anonymous_1)
FNDA:0,(anonymous_2)
FNDA:0,(anonymous_3)
FNDA:0,(anonymous_4)
FNDA:0,(anonymous_5)
FNDA:0,(anonymous_6)
FNDA:0,(anonymous_7)
FNDA:0,(anonymous_8)
FNDA:0,(anonymous_9)
FNDA:0,(anonymous_10)
FNDA:0,(anonymous_11)
DA:26,1
DA:27,0
DA:30,0
DA:31,0
DA:41,0
DA:42,0
DA:51,0
DA:52,0
DA:74,0
DA:76,0
DA:78,0
DA:81,0
DA:83,0
DA:84,0
DA:85,0
DA:92,0
DA:95,0
DA:99,0
DA:102,0
DA:103,0
DA:104,0
DA:105,0
DA:109,0
DA:115,0
DA:117,0
DA:119,0
DA:124,0
DA:135,0
DA:137,0
DA:138,0
DA:140,0
DA:141,0
DA:142,0
DA:144,0
DA:146,0
DA:151,0
DA:165,0
DA:178,0
DA:179,0
DA:181,0
DA:182,0
DA:186,0
DA:189,0
DA:191,0
DA:193,0
DA:199,0
DA:218,0
DA:219,0
DA:223,0
DA:224,0
DA:241,0
DA:242,0
DA:243,0
DA:245,0
LF:54
LH:1
BRDA:84,0,0,0
BRDA:104,1,0,0
BRDA:117,2,0,0
BRDA:117,2,1,0
BRDA:144,3,0,0
BRDA:144,3,1,0
BRDA:181,4,0,0
BRDA:191,5,0,0
BRDA:191,5,1,0
BRDA:218,6,0,0
BRDA:241,7,0,0
BRDA:241,7,1,0
BRF:12
BRH:0
end_of_record
TN:
SF:src/shared/infrastructure/persistence/EventStore.ts
FN:55,(anonymous_0)
FN:73,(anonymous_1)
FN:150,(anonymous_2)
FN:184,(anonymous_3)
FN:222,(anonymous_4)
FN:253,(anonymous_5)
FN:288,(anonymous_6)
FN:351,(anonymous_7)
FN:410,(anonymous_8)
FN:439,(anonymous_9)
FN:468,(anonymous_10)
FNF:11
FNH:0
FNDA:0,(anonymous_0)
FNDA:0,(anonymous_1)
FNDA:0,(anonymous_2)
FNDA:0,(anonymous_3)
FNDA:0,(anonymous_4)
FNDA:0,(anonymous_5)
FNDA:0,(anonymous_6)
FNDA:0,(anonymous_7)
FNDA:0,(anonymous_8)
FNDA:0,(anonymous_9)
FNDA:0,(anonymous_10)
DA:54,1
DA:56,0
DA:57,0
DA:80,0
DA:88,0
DA:89,0
DA:99,0
DA:118,0
DA:120,0
DA:126,0
DA:129,0
DA:131,0
DA:137,0
DA:154,0
DA:159,0
DA:160,0
DA:182,0
DA:184,0
DA:202,0
DA:204,0
DA:209,0
DA:226,0
DA:228,0
DA:229,0
DA:251,0
DA:253,0
DA:271,0
DA:273,0
DA:278,0
DA:291,0
DA:293,0
DA:294,0
DA:309,0
DA:311,0
DA:312,0
DA:315,0
DA:316,0
DA:327,0
DA:329,0
DA:334,0
DA:358,0
DA:364,0
DA:365,0
DA:367,0
DA:376,0
DA:385,0
DA:387,0
DA:390,0
DA:392,0
DA:397,0
DA:411,0
DA:412,0
DA:416,0
DA:417,0
DA:420,0
DA:422,0
DA:427,0
DA:442,0
DA:444,0
DA:445,0
DA:466,0
DA:468,0
DA:486,0
DA:488,0
DA:493,0
LF:65
LH:1
BRDA:78,0,0,0
BRDA:111,1,0,0
BRDA:111,1,1,0
BRDA:112,2,0,0
BRDA:112,2,1,0
BRDA:129,3,0,0
BRDA:129,3,1,0
BRDA:152,4,0,0
BRDA:191,5,0,0
BRDA:191,5,1,0
BRDA:192,6,0,0
BRDA:192,6,1,0
BRDA:202,7,0,0
BRDA:202,7,1,0
BRDA:224,8,0,0
BRDA:260,9,0,0
BRDA:260,9,1,0
BRDA:261,10,0,0
BRDA:261,10,1,0
BRDA:271,11,0,0
BRDA:271,11,1,0
BRDA:311,12,0,0
BRDA:320,13,0,0
BRDA:320,13,1,0
BRDA:327,14,0,0
BRDA:327,14,1,0
BRDA:390,15,0,0
BRDA:390,15,1,0
BRDA:417,16,0,0
BRDA:417,16,1,0
BRDA:420,17,0,0
BRDA:420,17,1,0
BRDA:475,18,0,0
BRDA:475,18,1,0
BRDA:476,19,0,0
BRDA:476,19,1,0
BRDA:486,20,0,0
BRDA:486,20,1,0
BRF:38
BRH:0
end_of_record
TN:
SF:src/shared/infrastructure/persistence/SagaRepository.ts
FN:61,(anonymous_0)
FN:90,(anonymous_1)
FN:188,(anonymous_2)
FN:256,(anonymous_3)
FN:321,(anonymous_4)
FN:374,(anonymous_5)
FN:416,(anonymous_6)
FN:460,(anonymous_7)
FN:481,(anonymous_8)
FN:514,(anonymous_9)
FN:531,(anonymous_10)
FN:560,(anonymous_11)
FN:573,(anonymous_12)
FNF:13
FNH:0
FNDA:0,(anonymous_0)
FNDA:0,(anonymous_1)
FNDA:0,(anonymous_2)
FNDA:0,(anonymous_3)
FNDA:0,(anonymous_4)
FNDA:0,(anonymous_5)
FNDA:0,(anonymous_6)
FNDA:0,(anonymous_7)
FNDA:0,(anonymous_8)
FNDA:0,(anonymous_9)
FNDA:0,(anonymous_10)
FNDA:0,(anonymous_11)
FNDA:0,(anonymous_12)
DA:2,0
DA:57,0
DA:62,0
DA:63,0
DA:102,0
DA:104,0
DA:113,0
DA:114,0
DA:115,0
DA:116,0
DA:119,0
DA:135,0
DA:150,0
DA:152,0
DA:154,0
DA:155,0
DA:156,0
DA:157,0
DA:158,0
DA:162,0
DA:168,0
DA:170,0
DA:175,0
DA:192,0
DA:198,0
DA:199,0
DA:200,0
DA:201,0
DA:204,0
DA:213,0
DA:225,0
DA:227,0
DA:233,0
DA:235,0
DA:241,0
DA:260,0
DA:265,0
DA:266,0
DA:267,0
DA:268,0
DA:271,0
DA:279,0
DA:281,0
DA:282,0
DA:285,0
DA:286,0
DA:302,0
DA:304,0
DA:309,0
DA:322,0
DA:324,0
DA:325,0
DA:326,0
DA:327,0
DA:330,0
DA:331,0
DA:333,0
DA:334,0
DA:337,0
DA:338,0
DA:354,0
DA:356,0
DA:361,0
DA:378,0
DA:380,0
DA:381,0
DA:382,0
DA:383,0
DA:386,0
DA:392,0
DA:394,0
DA:397,0
DA:399,0
DA:405,0
DA:420,0
DA:422,0
DA:423,0
DA:424,0
DA:425,0
DA:428,0
DA:434,0
DA:435,0
DA:438,0
DA:440,0
DA:446,0
DA:464,0
DA:466,0
DA:467,0
DA:468,0
DA:469,0
DA:472,0
DA:479,0
DA:481,0
DA:497,0
DA:499,0
DA:504,0
DA:515,0
DA:517,0
DA:518,0
DA:519,0
DA:520,0
DA:523,0
DA:529,0
DA:531,0
DA:543,0
DA:545,0
DA:550,0
DA:561,0
DA:562,0
DA:563,0
DA:564,0
DA:572,0
DA:574,0
DA:577,0
LF:114
LH:0
BRDA:99,0,0,0
BRDA:114,1,0,0
BRDA:141,2,0,0
BRDA:141,2,1,0
BRDA:152,3,0,0
BRDA:156,4,0,0
BRDA:168,5,0,0
BRDA:168,5,1,0
BRDA:199,6,0,0
BRDA:217,7,0,0
BRDA:217,7,1,0
BRDA:218,8,0,0
BRDA:218,8,1,0
BRDA:220,9,0,0
BRDA:220,9,1,0
BRDA:233,10,0,0
BRDA:233,10,1,0
BRDA:258,11,0,0
BRDA:266,12,0,0
BRDA:281,13,0,0
BRDA:294,14,0,0
BRDA:294,14,1,0
BRDA:302,15,0,0
BRDA:302,15,1,0
BRDA:325,16,0,0
BRDA:333,17,0,0
BRDA:346,18,0,0
BRDA:346,18,1,0
BRDA:354,19,0,0
BRDA:354,19,1,0
BRDA:381,20,0,0
BRDA:397,21,0,0
BRDA:397,21,1,0
BRDA:423,22,0,0
BRDA:438,23,0,0
BRDA:438,23,1,0
BRDA:462,24,0,0
BRDA:467,25,0,0
BRDA:489,26,0,0
BRDA:489,26,1,0
BRDA:497,27,0,0
BRDA:497,27,1,0
BRDA:518,28,0,0
BRDA:534,29,0,0
BRDA:534,29,1,0
BRDA:543,30,0,0
BRDA:543,30,1,0
BRF:47
BRH:0
end_of_record
TN:
SF:src/shared/infrastructure/persistence/SupabaseClient.ts
FN:30,(anonymous_1)
FN:71,(anonymous_2)
FNF:2
FNH:0
FNDA:0,(anonymous_1)
FNDA:0,(anonymous_2)
DA:1,0
DA:11,0
DA:12,0
DA:31,0
DA:32,0
DA:42,0
DA:44,0
DA:45,0
DA:52,0
DA:54,0
DA:64,0
DA:72,0
DA:73,0
DA:74,0
LF:14
LH:0
BRDA:31,0,0,0
BRDA:37,1,0,0
BRDA:41,2,0,0
BRDA:44,3,0,0
BRDA:44,4,0,0
BRDA:44,4,1,0
BRDA:44,4,2,0
BRDA:44,4,3,0
BRDA:72,5,0,0
BRF:9
BRH:0
end_of_record
TN:
SF:src/skilllab/application/SkillLabService.ts
FN:21,(anonymous_0)
FN:37,(anonymous_1)
FN:78,(anonymous_2)
FNF:3
FNH:0
FNDA:0,(anonymous_0)
FNDA:0,(anonymous_1)
FNDA:0,(anonymous_2)
DA:20,0
DA:22,0
DA:23,0
DA:38,0
DA:40,0
DA:41,0
DA:44,0
DA:49,0
DA:51,0
DA:52,0
DA:56,0
DA:58,0
DA:63,0
DA:65,0
DA:70,0
DA:79,0
DA:85,0
DA:87,0
LF:18
LH:0
BRDA:40,0,0,0
BRDA:63,1,0,0
BRDA:63,1,1,0
BRF:3
BRH:0
end_of_record
TN:
SF:src/skilllab/domain/events/ExerciseCompleted.ts
FN:20,(anonymous_0)
FN:47,(anonymous_1)
FN:51,(anonymous_2)
FNF:3
FNH:0
FNDA:0,(anonymous_0)
FNDA:0,(anonymous_1)
FNDA:0,(anonymous_2)
DA:1,0
DA:12,0
DA:31,0
DA:39,0
DA:40,0
DA:41,0
DA:42,0
DA:43,0
DA:44,0
DA:48,0
DA:52,0
LF:11
LH:0
BRF:0
BRH:0
end_of_record
TN:
SF:src/skilllab/infrastructure/acl/SkillLabToCommunityACL.ts
FN:31,(anonymous_0)
FN:40,(anonymous_1)
FN:47,(anonymous_2)
FN:62,(anonymous_3)
FN:126,(anonymous_4)
FN:133,(anonymous_5)
FNF:6
FNH:0
FNDA:0,(anonymous_0)
FNDA:0,(anonymous_1)
FNDA:0,(anonymous_2)
FNDA:0,(anonymous_3)
FNDA:0,(anonymous_4)
FNDA:0,(anonymous_5)
DA:5,0
DA:6,0
DA:26,0
DA:29,0
DA:32,0
DA:33,0
DA:41,0
DA:48,0
DA:63,0
DA:64,0
DA:68,0
DA:71,0
DA:74,0
DA:75,0
DA:79,0
DA:83,0
DA:85,0
DA:93,0
DA:95,0
DA:103,0
DA:105,0
DA:111,0
DA:113,0
DA:119,0
DA:127,0
DA:134,0
DA:135,0
DA:137,0
LF:28
LH:0
BRDA:63,0,0,0
BRDA:74,1,0,0
BRDA:111,2,0,0
BRDA:111,2,1,0
BRF:4
BRH:0
end_of_record
